Copyright 1986-2022 Xilinx, Inc. All Rights Reserved. Copyright 2022-2023 Advanced Micro Devices, Inc. All Rights Reserved.
---------------------------------------------------------------------------------------------------------------------------------------------
| Tool Version : Vivado v.2023.1 (lin64) Build 3865809 Sun May  7 15:04:56 MDT 2023
| Date         : Wed Oct 11 01:50:33 2023
| Host         : worker running 64-bit Ubuntu 20.04.6 LTS
| Command      : report_timing -file obj/post_route_timing.rpt
| Design       : top_level
| Device       : 7s50-csga324
| Speed File   : -1  PRODUCTION 1.23 2018-06-13
| Design State : Routed
---------------------------------------------------------------------------------------------------------------------------------------------

Timing Report

Slack (MET) :             1.433ns  (required time - arrival time)
  Source:                 addra0/CLK
                            (rising edge-triggered cell DSP48E1 clocked by clk_pixel_clk_wiz_0  {rise@0.000ns fall@6.734ns period=13.468ns})
  Destination:            frame_buffer/BRAM_reg_1_5/WEA[0]
                            (rising edge-triggered cell RAMB36E1 clocked by clk_pixel_clk_wiz_0  {rise@0.000ns fall@6.734ns period=13.468ns})
  Path Group:             clk_pixel_clk_wiz_0
  Path Type:              Setup (Max at Slow Process Corner)
  Requirement:            13.468ns  (clk_pixel_clk_wiz_0 rise@13.468ns - clk_pixel_clk_wiz_0 rise@0.000ns)
  Data Path Delay:        11.160ns  (logic 4.133ns (37.035%)  route 7.027ns (62.965%))
  Logic Levels:           1  (LUT2=1)
  Clock Path Skew:        -0.175ns (DCD - SCD + CPR)
    Destination Clock Delay (DCD):    -1.539ns = ( 11.929 - 13.468 ) 
    Source Clock Delay      (SCD):    -0.882ns
    Clock Pessimism Removal (CPR):    0.482ns
  Clock Uncertainty:      0.168ns  ((TSJ^2 + DJ^2)^1/2) / 2 + PE
    Total System Jitter     (TSJ):    0.071ns
    Discrete Jitter          (DJ):    0.329ns
    Phase Error              (PE):    0.000ns

    Location             Delay type                Incr(ns)  Path(ns)    Netlist Resource(s)
  -------------------------------------------------------------------    -------------------
                         (clock clk_pixel_clk_wiz_0 rise edge)
                                                      0.000     0.000 r  
    N15                                               0.000     0.000 r  clk_100mhz (IN)
                         net (fo=0)                   0.000     0.000    mhdmicw/clk_100mhz
    N15                  IBUF (Prop_ibuf_I_O)         1.440     1.440 r  mhdmicw/clkin1_ibufg/O
                         net (fo=1, routed)           1.233     2.673    mhdmicw/clk_ref_clk_wiz_0
    MMCME2_ADV_X0Y0      MMCME2_ADV (Prop_mmcme2_adv_CLKIN1_CLKOUT0)
                                                     -6.965    -4.291 r  mhdmicw/mmcm_adv_inst/CLKOUT0
                         net (fo=1, routed)           1.666    -2.625    mhdmicw/clk_pixel_clk_wiz_0
    BUFGCTRL_X0Y0        BUFG (Prop_bufg_I_O)         0.096    -2.529 r  mhdmicw/clkout1_buf/O
                         net (fo=1021, routed)        1.647    -0.882    clk_pixel
    DSP48_X1Y8           DSP48E1                                      r  addra0/CLK
  -------------------------------------------------------------------    -------------------
    DSP48_X1Y8           DSP48E1 (Prop_dsp48e1_CLK_P[16])
                                                      4.009     3.127 f  addra0/P[16]
                         net (fo=80, routed)          6.090     9.217    recover_m/P[1]
    SLICE_X8Y71          LUT2 (Prop_lut2_I1_O)        0.124     9.341 r  recover_m/BRAM_reg_1_5_i_1/O
                         net (fo=1, routed)           0.937    10.278    frame_buffer/BRAM_reg_1_5_0[0]
    RAMB36_X0Y13         RAMB36E1                                     r  frame_buffer/BRAM_reg_1_5/WEA[0]
  -------------------------------------------------------------------    -------------------

                         (clock clk_pixel_clk_wiz_0 rise edge)
                                                     13.468    13.468 r  
    N15                                               0.000    13.468 r  clk_100mhz (IN)
                         net (fo=0)                   0.000    13.468    mhdmicw/clk_100mhz
    N15                  IBUF (Prop_ibuf_I_O)         1.370    14.838 r  mhdmicw/clkin1_ibufg/O
                         net (fo=1, routed)           1.162    16.000    mhdmicw/clk_ref_clk_wiz_0
    MMCME2_ADV_X0Y0      MMCME2_ADV (Prop_mmcme2_adv_CLKIN1_CLKOUT0)
                                                     -7.221     8.779 r  mhdmicw/mmcm_adv_inst/CLKOUT0
                         net (fo=1, routed)           1.587    10.366    mhdmicw/clk_pixel_clk_wiz_0
    BUFGCTRL_X0Y0        BUFG (Prop_bufg_I_O)         0.091    10.457 r  mhdmicw/clkout1_buf/O
                         net (fo=1021, routed)        1.472    11.929    frame_buffer/clk_pixel
    RAMB36_X0Y13         RAMB36E1                                     r  frame_buffer/BRAM_reg_1_5/CLKARDCLK
                         clock pessimism              0.482    12.411    
                         clock uncertainty           -0.168    12.243    
    RAMB36_X0Y13         RAMB36E1 (Setup_ramb36e1_CLKARDCLK_WEA[0])
                                                     -0.532    11.711    frame_buffer/BRAM_reg_1_5
  -------------------------------------------------------------------
                         required time                         11.711    
                         arrival time                         -10.278    
  -------------------------------------------------------------------
                         slack                                  1.433    




