Copyright 1986-2022 Xilinx, Inc. All Rights Reserved. Copyright 2022-2023 Advanced Micro Devices, Inc. All Rights Reserved.
---------------------------------------------------------------------------------------------------------------------------------------------
| Tool Version : Vivado v.2023.1 (lin64) Build 3865809 Sun May  7 15:04:56 MDT 2023
| Date         : Thu Oct  5 17:10:46 2023
| Host         : worker running 64-bit Ubuntu 20.04.6 LTS
| Command      : report_timing -file obj/post_route_timing.rpt
| Design       : top_level
| Device       : 7s50-csga324
| Speed File   : -1  PRODUCTION 1.23 2018-06-13
| Design State : Routed
---------------------------------------------------------------------------------------------------------------------------------------------

Timing Report

Slack (MET) :             4.676ns  (required time - arrival time)
  Source:                 uut/divisor_reg[1]/C
                            (rising edge-triggered cell FDRE clocked by gclk  {rise@0.000ns fall@4.000ns period=10.000ns})
  Destination:            uut/quotient_out_reg[13]/R
                            (rising edge-triggered cell FDRE clocked by gclk  {rise@0.000ns fall@4.000ns period=10.000ns})
  Path Group:             gclk
  Path Type:              Setup (Max at Slow Process Corner)
  Requirement:            10.000ns  (gclk rise@10.000ns - gclk rise@0.000ns)
  Data Path Delay:        4.725ns  (logic 0.828ns (17.525%)  route 3.897ns (82.475%))
  Logic Levels:           3  (LUT4=2 LUT5=1)
  Clock Path Skew:        -0.040ns (DCD - SCD + CPR)
    Destination Clock Delay (DCD):    4.820ns = ( 14.820 - 10.000 ) 
    Source Clock Delay      (SCD):    5.117ns
    Clock Pessimism Removal (CPR):    0.257ns
  Clock Uncertainty:      0.035ns  ((TSJ^2 + TIJ^2)^1/2 + DJ) / 2 + PE
    Total System Jitter     (TSJ):    0.071ns
    Total Input Jitter      (TIJ):    0.000ns
    Discrete Jitter          (DJ):    0.000ns
    Phase Error              (PE):    0.000ns

    Location             Delay type                Incr(ns)  Path(ns)    Netlist Resource(s)
  -------------------------------------------------------------------    -------------------
                         (clock gclk rise edge)       0.000     0.000 r  
    N15                                               0.000     0.000 r  clk_100mhz (IN)
                         net (fo=0)                   0.000     0.000    clk_100mhz
    N15                  IBUF (Prop_ibuf_I_O)         1.440     1.440 r  clk_100mhz_IBUF_inst/O
                         net (fo=1, routed)           1.972     3.412    clk_100mhz_IBUF
    BUFGCTRL_X0Y0        BUFG (Prop_bufg_I_O)         0.096     3.508 r  clk_100mhz_IBUF_BUFG_inst/O
                         net (fo=207, routed)         1.609     5.117    uut/clk_100mhz_IBUF_BUFG
    SLICE_X65Y72         FDRE                                         r  uut/divisor_reg[1]/C
  -------------------------------------------------------------------    -------------------
    SLICE_X65Y72         FDRE (Prop_fdre_C_Q)         0.456     5.573 f  uut/divisor_reg[1]/Q
                         net (fo=5, routed)           1.355     6.928    uut/divisor_reg_n_0_[1]
    SLICE_X65Y72         LUT4 (Prop_lut4_I0_O)        0.124     7.052 f  uut/dividend[31]_i_19/O
                         net (fo=1, routed)           0.940     7.992    uut/dividend[31]_i_19_n_0
    SLICE_X65Y73         LUT4 (Prop_lut4_I1_O)        0.124     8.116 f  uut/dividend[31]_i_5/O
                         net (fo=4, routed)           0.861     8.978    uut/dividend[31]_i_5_n_0
    SLICE_X65Y75         LUT5 (Prop_lut5_I1_O)        0.124     9.102 r  uut/quotient_out[31]_i_1/O
                         net (fo=32, routed)          0.740     9.841    uut/quotient_out[31]_i_1_n_0
    SLICE_X60Y75         FDRE                                         r  uut/quotient_out_reg[13]/R
  -------------------------------------------------------------------    -------------------

                         (clock gclk rise edge)      10.000    10.000 r  
    N15                                               0.000    10.000 r  clk_100mhz (IN)
                         net (fo=0)                   0.000    10.000    clk_100mhz
    N15                  IBUF (Prop_ibuf_I_O)         1.370    11.370 r  clk_100mhz_IBUF_inst/O
                         net (fo=1, routed)           1.868    13.238    clk_100mhz_IBUF
    BUFGCTRL_X0Y0        BUFG (Prop_bufg_I_O)         0.091    13.329 r  clk_100mhz_IBUF_BUFG_inst/O
                         net (fo=207, routed)         1.491    14.820    uut/clk_100mhz_IBUF_BUFG
    SLICE_X60Y75         FDRE                                         r  uut/quotient_out_reg[13]/C
                         clock pessimism              0.257    15.077    
                         clock uncertainty           -0.035    15.041    
    SLICE_X60Y75         FDRE (Setup_fdre_C_R)       -0.524    14.517    uut/quotient_out_reg[13]
  -------------------------------------------------------------------
                         required time                         14.517    
                         arrival time                          -9.841    
  -------------------------------------------------------------------
                         slack                                  4.676    




