#-----------------------------------------------------------
# Vivado v2023.1 (64-bit)
# SW Build 3865809 on Sun May  7 15:04:56 MDT 2023
# IP Build 3864474 on Sun May  7 20:36:21 MDT 2023
# SharedData Build 3865790 on Sun May 07 13:33:03 MDT 2023
# Start of session at: Thu Dec 14 08:57:19 2023
# Process ID: 873
# Current directory: /home/fpga
# Command line: vivado -mode batch -source build.tcl
# Log file: /home/fpga/vivado.log
# Journal file: /home/fpga/vivado.jou
# Running On: worker, OS: Linux, CPU Frequency: 2100.000 MHz, CPU Physical cores: 1, Host memory: 6218 MB
#-----------------------------------------------------------
source build.tcl
# set partNum xc7s50csga324-1
# set outputDir obj
# file mkdir $outputDir
# set files [glob -nocomplain "$outputDir/*"]
# if {[llength $files] != 0} {
#     # clear folder contents
#     puts "deleting contents of $outputDir"
#     file delete -force {*}[glob -directory $outputDir *];
# } else {
#     puts "$outputDir is empty"
# }
deleting contents of obj
# read_verilog -sv [ glob ./hdl/*.sv ]
# read_xdc ./xdc/top_level.xdc
# set_part $partNum
INFO: [Coretcl 2-1500] The part has been set to 'xc7s50csga324-1' for the current project only. Run set_part -help for more details. To evaluate different speed grades in the current design, use the set_speed_grade command, or use the open_checkpoint -part command to change the part used by an existing checkpoint design.
# synth_design -top top_level -part $partNum -verbose
Command: synth_design -top top_level -part xc7s50csga324-1 -verbose
Starting synth_design
Attempting to get a license for feature 'Synthesis' and/or device 'xc7s50'
INFO: [Common 17-349] Got license for feature 'Synthesis' and/or device 'xc7s50'
INFO: [Device 21-403] Loading part xc7s50csga324-1
INFO: [Synth 8-7079] Multithreading enabled for synth_design using a maximum of 4 processes.
INFO: [Synth 8-7078] Launching helper process for spawning children vivado processes
INFO: [Synth 8-7075] Helper process launched with PID 899
---------------------------------------------------------------------------------
Starting RTL Elaboration : Time (s): cpu = 00:00:02 ; elapsed = 00:00:04 . Memory (MB): peak = 1989.051 ; gain = 377.770 ; free physical = 3351 ; free virtual = 8830
---------------------------------------------------------------------------------
INFO: [Synth 8-6157] synthesizing module 'top_level' [/home/fpga/hdl/top_level.sv:6]
INFO: [Synth 8-6157] synthesizing module 'uart_imu_new' [/home/fpga/hdl/uart_imu_new.sv:5]
INFO: [Synth 8-6157] synthesizing module 'uart_rx' [/home/fpga/hdl/uart_rx.sv:7]
	Parameter CLOCKS_PER_BAUD bound to: 868 - type: integer 
INFO: [Synth 8-6155] done synthesizing module 'uart_rx' (0#1) [/home/fpga/hdl/uart_rx.sv:7]
INFO: [Synth 8-6157] synthesizing module 'uart_tx' [/home/fpga/hdl/uart_tx.sv:4]
	Parameter CLOCKS_PER_BAUD bound to: 868 - type: integer 
INFO: [Synth 8-6155] done synthesizing module 'uart_tx' (0#1) [/home/fpga/hdl/uart_tx.sv:4]
INFO: [Synth 8-155] case statement is not full and has no default [/home/fpga/hdl/uart_imu_new.sv:91]
INFO: [Synth 8-6155] done synthesizing module 'uart_imu_new' (0#1) [/home/fpga/hdl/uart_imu_new.sv:5]
WARNING: [Synth 8-689] width (5) of port connection 'state_debug' does not match port width (4) of module 'uart_imu_new' [/home/fpga/hdl/top_level.sv:45]
INFO: [Synth 8-6157] synthesizing module 'seven_segment_controller' [/home/fpga/hdl/seven_segment_controller.sv:3]
INFO: [Synth 8-6157] synthesizing module 'bto7s' [/home/fpga/hdl/bto7s.sv:1]
INFO: [Synth 8-6155] done synthesizing module 'bto7s' (0#1) [/home/fpga/hdl/bto7s.sv:1]
INFO: [Synth 8-6155] done synthesizing module 'seven_segment_controller' (0#1) [/home/fpga/hdl/seven_segment_controller.sv:3]
INFO: [Synth 8-6155] done synthesizing module 'top_level' (0#1) [/home/fpga/hdl/top_level.sv:6]
WARNING: [Synth 8-6014] Unused sequential element response_reg[4] was removed.  [/home/fpga/hdl/uart_imu_new.sv:82]
WARNING: [Synth 8-6014] Unused sequential element response_reg[3] was removed.  [/home/fpga/hdl/uart_imu_new.sv:82]
WARNING: [Synth 8-6014] Unused sequential element response_reg[2] was removed.  [/home/fpga/hdl/uart_imu_new.sv:82]
WARNING: [Synth 8-6014] Unused sequential element response_reg[1] was removed.  [/home/fpga/hdl/uart_imu_new.sv:82]
WARNING: [Synth 8-3917] design top_level has port led[15] driven by constant 0
WARNING: [Synth 8-3917] design top_level has port led[14] driven by constant 0
WARNING: [Synth 8-3917] design top_level has port led[13] driven by constant 0
WARNING: [Synth 8-3917] design top_level has port led[12] driven by constant 0
WARNING: [Synth 8-3917] design top_level has port led[11] driven by constant 0
WARNING: [Synth 8-3917] design top_level has port led[10] driven by constant 0
WARNING: [Synth 8-3917] design top_level has port led[9] driven by constant 0
WARNING: [Synth 8-3917] design top_level has port led[8] driven by constant 0
WARNING: [Synth 8-3917] design top_level has port led[7] driven by constant 0
WARNING: [Synth 8-3917] design top_level has port led[6] driven by constant 0
WARNING: [Synth 8-3917] design top_level has port led[5] driven by constant 0
WARNING: [Synth 8-3917] design top_level has port led[4] driven by constant 0
WARNING: [Synth 8-3917] design top_level has port rgb0[2] driven by constant 0
WARNING: [Synth 8-3917] design top_level has port rgb0[1] driven by constant 0
WARNING: [Synth 8-3917] design top_level has port rgb0[0] driven by constant 0
WARNING: [Synth 8-3917] design top_level has port rgb1[2] driven by constant 0
WARNING: [Synth 8-3917] design top_level has port rgb1[1] driven by constant 0
WARNING: [Synth 8-3917] design top_level has port rgb1[0] driven by constant 0
WARNING: [Synth 8-7129] Port sw[15] in module top_level is either unconnected or has no load
WARNING: [Synth 8-7129] Port sw[14] in module top_level is either unconnected or has no load
WARNING: [Synth 8-7129] Port sw[13] in module top_level is either unconnected or has no load
WARNING: [Synth 8-7129] Port sw[12] in module top_level is either unconnected or has no load
WARNING: [Synth 8-7129] Port sw[11] in module top_level is either unconnected or has no load
WARNING: [Synth 8-7129] Port sw[10] in module top_level is either unconnected or has no load
WARNING: [Synth 8-7129] Port sw[9] in module top_level is either unconnected or has no load
WARNING: [Synth 8-7129] Port sw[8] in module top_level is either unconnected or has no load
WARNING: [Synth 8-7129] Port sw[7] in module top_level is either unconnected or has no load
WARNING: [Synth 8-7129] Port sw[6] in module top_level is either unconnected or has no load
WARNING: [Synth 8-7129] Port sw[5] in module top_level is either unconnected or has no load
WARNING: [Synth 8-7129] Port sw[4] in module top_level is either unconnected or has no load
WARNING: [Synth 8-7129] Port sw[3] in module top_level is either unconnected or has no load
WARNING: [Synth 8-7129] Port sw[2] in module top_level is either unconnected or has no load
WARNING: [Synth 8-7129] Port sw[1] in module top_level is either unconnected or has no load
WARNING: [Synth 8-7129] Port sw[0] in module top_level is either unconnected or has no load
WARNING: [Synth 8-7129] Port btn[3] in module top_level is either unconnected or has no load
WARNING: [Synth 8-7129] Port btn[2] in module top_level is either unconnected or has no load
WARNING: [Synth 8-7129] Port btn[1] in module top_level is either unconnected or has no load
---------------------------------------------------------------------------------
Finished RTL Elaboration : Time (s): cpu = 00:00:03 ; elapsed = 00:00:05 . Memory (MB): peak = 2060.020 ; gain = 448.738 ; free physical = 3215 ; free virtual = 8697
---------------------------------------------------------------------------------
---------------------------------------------------------------------------------
Start Handling Custom Attributes
---------------------------------------------------------------------------------
---------------------------------------------------------------------------------
Finished Handling Custom Attributes : Time (s): cpu = 00:00:03 ; elapsed = 00:00:05 . Memory (MB): peak = 2074.863 ; gain = 463.582 ; free physical = 3213 ; free virtual = 8695
---------------------------------------------------------------------------------
---------------------------------------------------------------------------------
Finished RTL Optimization Phase 1 : Time (s): cpu = 00:00:03 ; elapsed = 00:00:05 . Memory (MB): peak = 2074.863 ; gain = 463.582 ; free physical = 3213 ; free virtual = 8695
---------------------------------------------------------------------------------
Netlist sorting complete. Time (s): cpu = 00:00:00 ; elapsed = 00:00:00 . Memory (MB): peak = 2074.863 ; gain = 0.000 ; free physical = 3212 ; free virtual = 8695
INFO: [Project 1-570] Preparing netlist for logic optimization

Processing XDC Constraints
Initializing timing engine
Parsing XDC File [/home/fpga/xdc/top_level.xdc]
WARNING: [Vivado 12-584] No ports matched 'pmoda[0]'. [/home/fpga/xdc/top_level.xdc:89]
CRITICAL WARNING: [Common 17-55] 'set_property' expects at least one object. [/home/fpga/xdc/top_level.xdc:89]
Resolution: If [get_<value>] was used to populate the object, check to make sure this command returns at least one valid object.
WARNING: [Vivado 12-584] No ports matched 'pmoda[1]'. [/home/fpga/xdc/top_level.xdc:90]
CRITICAL WARNING: [Common 17-55] 'set_property' expects at least one object. [/home/fpga/xdc/top_level.xdc:90]
Resolution: If [get_<value>] was used to populate the object, check to make sure this command returns at least one valid object.
WARNING: [Vivado 12-584] No ports matched 'pmoda[2]'. [/home/fpga/xdc/top_level.xdc:91]
CRITICAL WARNING: [Common 17-55] 'set_property' expects at least one object. [/home/fpga/xdc/top_level.xdc:91]
Resolution: If [get_<value>] was used to populate the object, check to make sure this command returns at least one valid object.
WARNING: [Vivado 12-584] No ports matched 'pmoda[3]'. [/home/fpga/xdc/top_level.xdc:92]
CRITICAL WARNING: [Common 17-55] 'set_property' expects at least one object. [/home/fpga/xdc/top_level.xdc:92]
Resolution: If [get_<value>] was used to populate the object, check to make sure this command returns at least one valid object.
WARNING: [Vivado 12-584] No ports matched 'pmoda[4]'. [/home/fpga/xdc/top_level.xdc:93]
CRITICAL WARNING: [Common 17-55] 'set_property' expects at least one object. [/home/fpga/xdc/top_level.xdc:93]
Resolution: If [get_<value>] was used to populate the object, check to make sure this command returns at least one valid object.
WARNING: [Vivado 12-584] No ports matched 'pmoda[5]'. [/home/fpga/xdc/top_level.xdc:94]
CRITICAL WARNING: [Common 17-55] 'set_property' expects at least one object. [/home/fpga/xdc/top_level.xdc:94]
Resolution: If [get_<value>] was used to populate the object, check to make sure this command returns at least one valid object.
WARNING: [Vivado 12-584] No ports matched 'pmoda[6]'. [/home/fpga/xdc/top_level.xdc:95]
CRITICAL WARNING: [Common 17-55] 'set_property' expects at least one object. [/home/fpga/xdc/top_level.xdc:95]
Resolution: If [get_<value>] was used to populate the object, check to make sure this command returns at least one valid object.
WARNING: [Vivado 12-584] No ports matched 'pmoda[7]'. [/home/fpga/xdc/top_level.xdc:96]
CRITICAL WARNING: [Common 17-55] 'set_property' expects at least one object. [/home/fpga/xdc/top_level.xdc:96]
Resolution: If [get_<value>] was used to populate the object, check to make sure this command returns at least one valid object.
WARNING: [Vivado 12-584] No ports matched 'pmodb[0]'. [/home/fpga/xdc/top_level.xdc:98]
CRITICAL WARNING: [Common 17-55] 'set_property' expects at least one object. [/home/fpga/xdc/top_level.xdc:98]
Resolution: If [get_<value>] was used to populate the object, check to make sure this command returns at least one valid object.
WARNING: [Vivado 12-584] No ports matched 'pmodb[1]'. [/home/fpga/xdc/top_level.xdc:99]
CRITICAL WARNING: [Common 17-55] 'set_property' expects at least one object. [/home/fpga/xdc/top_level.xdc:99]
Resolution: If [get_<value>] was used to populate the object, check to make sure this command returns at least one valid object.
WARNING: [Vivado 12-584] No ports matched 'pmodb[2]'. [/home/fpga/xdc/top_level.xdc:100]
CRITICAL WARNING: [Common 17-55] 'set_property' expects at least one object. [/home/fpga/xdc/top_level.xdc:100]
Resolution: If [get_<value>] was used to populate the object, check to make sure this command returns at least one valid object.
WARNING: [Vivado 12-584] No ports matched 'pmodbclk'. [/home/fpga/xdc/top_level.xdc:101]
CRITICAL WARNING: [Common 17-55] 'set_property' expects at least one object. [/home/fpga/xdc/top_level.xdc:101]
Resolution: If [get_<value>] was used to populate the object, check to make sure this command returns at least one valid object.
WARNING: [Vivado 12-584] No ports matched 'pmodblock'. [/home/fpga/xdc/top_level.xdc:102]
CRITICAL WARNING: [Common 17-55] 'set_property' expects at least one object. [/home/fpga/xdc/top_level.xdc:102]
Resolution: If [get_<value>] was used to populate the object, check to make sure this command returns at least one valid object.
WARNING: [Vivado 12-584] No ports matched 'pmodb[3]'. [/home/fpga/xdc/top_level.xdc:103]
CRITICAL WARNING: [Common 17-55] 'set_property' expects at least one object. [/home/fpga/xdc/top_level.xdc:103]
Resolution: If [get_<value>] was used to populate the object, check to make sure this command returns at least one valid object.
WARNING: [Vivado 12-584] No ports matched 'pmodb[4]'. [/home/fpga/xdc/top_level.xdc:104]
CRITICAL WARNING: [Common 17-55] 'set_property' expects at least one object. [/home/fpga/xdc/top_level.xdc:104]
Resolution: If [get_<value>] was used to populate the object, check to make sure this command returns at least one valid object.
WARNING: [Vivado 12-584] No ports matched 'pmodb[5]'. [/home/fpga/xdc/top_level.xdc:105]
CRITICAL WARNING: [Common 17-55] 'set_property' expects at least one object. [/home/fpga/xdc/top_level.xdc:105]
Resolution: If [get_<value>] was used to populate the object, check to make sure this command returns at least one valid object.
WARNING: [Vivado 12-584] No ports matched 'pmodb[6]'. [/home/fpga/xdc/top_level.xdc:106]
CRITICAL WARNING: [Common 17-55] 'set_property' expects at least one object. [/home/fpga/xdc/top_level.xdc:106]
Resolution: If [get_<value>] was used to populate the object, check to make sure this command returns at least one valid object.
WARNING: [Vivado 12-584] No ports matched 'pmodb[7]'. [/home/fpga/xdc/top_level.xdc:107]
CRITICAL WARNING: [Common 17-55] 'set_property' expects at least one object. [/home/fpga/xdc/top_level.xdc:107]
Resolution: If [get_<value>] was used to populate the object, check to make sure this command returns at least one valid object.
WARNING: [Vivado 12-584] No ports matched 'GPIO2'. [/home/fpga/xdc/top_level.xdc:120]
CRITICAL WARNING: [Common 17-55] 'set_property' expects at least one object. [/home/fpga/xdc/top_level.xdc:120]
Resolution: If [get_<value>] was used to populate the object, check to make sure this command returns at least one valid object.
WARNING: [Vivado 12-584] No ports matched 'GPIO3'. [/home/fpga/xdc/top_level.xdc:121]
CRITICAL WARNING: [Common 17-55] 'set_property' expects at least one object. [/home/fpga/xdc/top_level.xdc:121]
Resolution: If [get_<value>] was used to populate the object, check to make sure this command returns at least one valid object.
WARNING: [Vivado 12-584] No ports matched 's[0]'. [/home/fpga/xdc/top_level.xdc:134]
CRITICAL WARNING: [Common 17-55] 'set_property' expects at least one object. [/home/fpga/xdc/top_level.xdc:134]
Resolution: If [get_<value>] was used to populate the object, check to make sure this command returns at least one valid object.
WARNING: [Vivado 12-584] No ports matched 's[1]'. [/home/fpga/xdc/top_level.xdc:135]
CRITICAL WARNING: [Common 17-55] 'set_property' expects at least one object. [/home/fpga/xdc/top_level.xdc:135]
Resolution: If [get_<value>] was used to populate the object, check to make sure this command returns at least one valid object.
WARNING: [Vivado 12-584] No ports matched 's[2]'. [/home/fpga/xdc/top_level.xdc:136]
CRITICAL WARNING: [Common 17-55] 'set_property' expects at least one object. [/home/fpga/xdc/top_level.xdc:136]
Resolution: If [get_<value>] was used to populate the object, check to make sure this command returns at least one valid object.
WARNING: [Vivado 12-584] No ports matched 's[3]'. [/home/fpga/xdc/top_level.xdc:137]
CRITICAL WARNING: [Common 17-55] 'set_property' expects at least one object. [/home/fpga/xdc/top_level.xdc:137]
Resolution: If [get_<value>] was used to populate the object, check to make sure this command returns at least one valid object.
Finished Parsing XDC File [/home/fpga/xdc/top_level.xdc]
INFO: [Project 1-236] Implementation specific constraints were found while reading constraint file [/home/fpga/xdc/top_level.xdc]. These constraints will be ignored for synthesis but will be used in implementation. Impacted constraints are listed in the file [.Xil/top_level_propImpl.xdc].
Resolution: To avoid this warning, move constraints listed in [.Xil/top_level_propImpl.xdc] to another XDC file and exclude this new file from synthesis with the used_in_synthesis property (File Properties dialog in GUI) and re-run elaboration/synthesis.
Completed Processing XDC Constraints

Netlist sorting complete. Time (s): cpu = 00:00:00 ; elapsed = 00:00:00 . Memory (MB): peak = 2164.586 ; gain = 0.000 ; free physical = 3192 ; free virtual = 8689
INFO: [Project 1-111] Unisim Transformation Summary:
No Unisim elements were transformed.

Constraint Validation Runtime : Time (s): cpu = 00:00:00 ; elapsed = 00:00:00 . Memory (MB): peak = 2164.586 ; gain = 0.000 ; free physical = 3192 ; free virtual = 8689
---------------------------------------------------------------------------------
Finished Constraint Validation : Time (s): cpu = 00:00:06 ; elapsed = 00:00:09 . Memory (MB): peak = 2164.586 ; gain = 553.305 ; free physical = 3179 ; free virtual = 8677
---------------------------------------------------------------------------------
---------------------------------------------------------------------------------
Start Loading Part and Timing Information
---------------------------------------------------------------------------------
Loading part: xc7s50csga324-1
---------------------------------------------------------------------------------
Finished Loading Part and Timing Information : Time (s): cpu = 00:00:06 ; elapsed = 00:00:09 . Memory (MB): peak = 2164.586 ; gain = 553.305 ; free physical = 3179 ; free virtual = 8677
---------------------------------------------------------------------------------
---------------------------------------------------------------------------------
Start Applying 'set_property' XDC Constraints
---------------------------------------------------------------------------------
---------------------------------------------------------------------------------
Finished applying 'set_property' XDC Constraints : Time (s): cpu = 00:00:06 ; elapsed = 00:00:09 . Memory (MB): peak = 2164.586 ; gain = 553.305 ; free physical = 3179 ; free virtual = 8677
---------------------------------------------------------------------------------
INFO: [Synth 8-802] inferred FSM for state register 'state_reg' in module 'uart_imu_new'
---------------------------------------------------------------------------------------------------
                   State |                     New Encoding |                Previous Encoding 
---------------------------------------------------------------------------------------------------
                    BOOT |                             0000 |                             0000
            SET_OPR_MODE |                             0001 |                             0001
       OPR_MODE_RESPONSE |                             0010 |                             0010
               READ_CALI |                             0011 |                             0101
     CALI_STATE_RESPONSE |                             0100 |                             0110
            WAIT_COUNTER |                             0101 |                             1100
      READ_DIRECTION_MSB |                             0110 |                             0111
  DIRECTION_RESPONSE_MSB |                             0111 |                             1000
      READ_DIRECTION_LSB |                             1000 |                             1001
  DIRECTION_RESPONSE_LSB |                             1001 |                             1010
            POST_HEADING |                             1010 |                             1011
---------------------------------------------------------------------------------------------------
INFO: [Synth 8-3354] encoded FSM with state register 'state_reg' using encoding 'sequential' in module 'uart_imu_new'
---------------------------------------------------------------------------------
Finished RTL Optimization Phase 2 : Time (s): cpu = 00:00:06 ; elapsed = 00:00:09 . Memory (MB): peak = 2164.586 ; gain = 553.305 ; free physical = 3179 ; free virtual = 8678
---------------------------------------------------------------------------------
---------------------------------------------------------------------------------
Start RTL Component Statistics 
---------------------------------------------------------------------------------
Detailed RTL Component Info : 
+---Adders : 
	   2 Input   23 Bit       Adders := 1     
	   2 Input   16 Bit       Adders := 1     
	   2 Input   10 Bit       Adders := 1     
	   2 Input    4 Bit       Adders := 3     
	   2 Input    1 Bit       Adders := 1     
+---Registers : 
	               23 Bit    Registers := 1     
	               16 Bit    Registers := 4     
	               10 Bit    Registers := 1     
	                9 Bit    Registers := 1     
	                8 Bit    Registers := 9     
	                4 Bit    Registers := 4     
	                1 Bit    Registers := 7     
+---Muxes : 
	   2 Input   23 Bit        Muxes := 1     
	  11 Input   23 Bit        Muxes := 1     
	   2 Input   16 Bit        Muxes := 2     
	  11 Input   16 Bit        Muxes := 3     
	   2 Input   11 Bit        Muxes := 1     
	   2 Input   10 Bit        Muxes := 1     
	   2 Input    8 Bit        Muxes := 1     
	   4 Input    8 Bit        Muxes := 1     
	  11 Input    8 Bit        Muxes := 5     
	   2 Input    6 Bit        Muxes := 2     
	   2 Input    5 Bit        Muxes := 2     
	   3 Input    4 Bit        Muxes := 1     
	   2 Input    4 Bit        Muxes := 5     
	  11 Input    4 Bit        Muxes := 3     
	   2 Input    1 Bit        Muxes := 14    
	  11 Input    1 Bit        Muxes := 12    
---------------------------------------------------------------------------------
Finished RTL Component Statistics 
---------------------------------------------------------------------------------
---------------------------------------------------------------------------------
Start Part Resource Summary
---------------------------------------------------------------------------------
Part Resources:
DSPs: 120 (col length:60)
BRAMs: 150 (col length: RAMB18 60 RAMB36 30)
---------------------------------------------------------------------------------
Finished Part Resource Summary
---------------------------------------------------------------------------------
---------------------------------------------------------------------------------
Start Cross Boundary and Area Optimization
---------------------------------------------------------------------------------
WARNING: [Synth 8-7080] Parallel synthesis criteria is not met
WARNING: [Synth 8-3917] design top_level has port led[15] driven by constant 0
WARNING: [Synth 8-3917] design top_level has port led[14] driven by constant 0
WARNING: [Synth 8-3917] design top_level has port led[13] driven by constant 0
WARNING: [Synth 8-3917] design top_level has port led[12] driven by constant 0
WARNING: [Synth 8-3917] design top_level has port led[11] driven by constant 0
WARNING: [Synth 8-3917] design top_level has port led[10] driven by constant 0
WARNING: [Synth 8-3917] design top_level has port led[9] driven by constant 0
WARNING: [Synth 8-3917] design top_level has port led[8] driven by constant 0
WARNING: [Synth 8-3917] design top_level has port led[7] driven by constant 0
WARNING: [Synth 8-3917] design top_level has port led[6] driven by constant 0
WARNING: [Synth 8-3917] design top_level has port led[5] driven by constant 0
WARNING: [Synth 8-3917] design top_level has port led[4] driven by constant 0
WARNING: [Synth 8-3917] design top_level has port rgb0[2] driven by constant 0
WARNING: [Synth 8-3917] design top_level has port rgb0[1] driven by constant 0
WARNING: [Synth 8-3917] design top_level has port rgb0[0] driven by constant 0
WARNING: [Synth 8-3917] design top_level has port rgb1[2] driven by constant 0
WARNING: [Synth 8-3917] design top_level has port rgb1[1] driven by constant 0
WARNING: [Synth 8-3917] design top_level has port rgb1[0] driven by constant 0
WARNING: [Synth 8-7129] Port sw[15] in module top_level is either unconnected or has no load
WARNING: [Synth 8-7129] Port sw[14] in module top_level is either unconnected or has no load
WARNING: [Synth 8-7129] Port sw[13] in module top_level is either unconnected or has no load
WARNING: [Synth 8-7129] Port sw[12] in module top_level is either unconnected or has no load
WARNING: [Synth 8-7129] Port sw[11] in module top_level is either unconnected or has no load
WARNING: [Synth 8-7129] Port sw[10] in module top_level is either unconnected or has no load
WARNING: [Synth 8-7129] Port sw[9] in module top_level is either unconnected or has no load
WARNING: [Synth 8-7129] Port sw[8] in module top_level is either unconnected or has no load
WARNING: [Synth 8-7129] Port sw[7] in module top_level is either unconnected or has no load
WARNING: [Synth 8-7129] Port sw[6] in module top_level is either unconnected or has no load
WARNING: [Synth 8-7129] Port sw[5] in module top_level is either unconnected or has no load
WARNING: [Synth 8-7129] Port sw[4] in module top_level is either unconnected or has no load
WARNING: [Synth 8-7129] Port sw[3] in module top_level is either unconnected or has no load
WARNING: [Synth 8-7129] Port sw[2] in module top_level is either unconnected or has no load
WARNING: [Synth 8-7129] Port sw[1] in module top_level is either unconnected or has no load
WARNING: [Synth 8-7129] Port sw[0] in module top_level is either unconnected or has no load
WARNING: [Synth 8-7129] Port btn[3] in module top_level is either unconnected or has no load
WARNING: [Synth 8-7129] Port btn[2] in module top_level is either unconnected or has no load
WARNING: [Synth 8-7129] Port btn[1] in module top_level is either unconnected or has no load
---------------------------------------------------------------------------------
Finished Cross Boundary and Area Optimization : Time (s): cpu = 00:00:08 ; elapsed = 00:00:11 . Memory (MB): peak = 2164.586 ; gain = 553.305 ; free physical = 3152 ; free virtual = 8659
---------------------------------------------------------------------------------
---------------------------------------------------------------------------------
Start Applying XDC Timing Constraints
---------------------------------------------------------------------------------
---------------------------------------------------------------------------------
Finished Applying XDC Timing Constraints : Time (s): cpu = 00:00:10 ; elapsed = 00:00:13 . Memory (MB): peak = 2164.586 ; gain = 553.305 ; free physical = 3157 ; free virtual = 8671
---------------------------------------------------------------------------------
---------------------------------------------------------------------------------
Start Timing Optimization
---------------------------------------------------------------------------------
---------------------------------------------------------------------------------
Finished Timing Optimization : Time (s): cpu = 00:00:10 ; elapsed = 00:00:13 . Memory (MB): peak = 2164.586 ; gain = 553.305 ; free physical = 3157 ; free virtual = 8671
---------------------------------------------------------------------------------
---------------------------------------------------------------------------------
Start Technology Mapping
---------------------------------------------------------------------------------
---------------------------------------------------------------------------------
Finished Technology Mapping : Time (s): cpu = 00:00:10 ; elapsed = 00:00:13 . Memory (MB): peak = 2164.586 ; gain = 553.305 ; free physical = 3158 ; free virtual = 8672
---------------------------------------------------------------------------------
---------------------------------------------------------------------------------
Start IO Insertion
---------------------------------------------------------------------------------
---------------------------------------------------------------------------------
Start Flattening Before IO Insertion
---------------------------------------------------------------------------------
---------------------------------------------------------------------------------
Finished Flattening Before IO Insertion
---------------------------------------------------------------------------------
---------------------------------------------------------------------------------
Start Final Netlist Cleanup
---------------------------------------------------------------------------------
---------------------------------------------------------------------------------
Finished Final Netlist Cleanup
---------------------------------------------------------------------------------
---------------------------------------------------------------------------------
Finished IO Insertion : Time (s): cpu = 00:00:12 ; elapsed = 00:00:15 . Memory (MB): peak = 2164.586 ; gain = 553.305 ; free physical = 3158 ; free virtual = 8672
---------------------------------------------------------------------------------
---------------------------------------------------------------------------------
Start Renaming Generated Instances
---------------------------------------------------------------------------------
---------------------------------------------------------------------------------
Finished Renaming Generated Instances : Time (s): cpu = 00:00:12 ; elapsed = 00:00:15 . Memory (MB): peak = 2164.586 ; gain = 553.305 ; free physical = 3158 ; free virtual = 8672
---------------------------------------------------------------------------------
---------------------------------------------------------------------------------
Start Rebuilding User Hierarchy
---------------------------------------------------------------------------------
---------------------------------------------------------------------------------
Finished Rebuilding User Hierarchy : Time (s): cpu = 00:00:12 ; elapsed = 00:00:15 . Memory (MB): peak = 2164.586 ; gain = 553.305 ; free physical = 3158 ; free virtual = 8672
---------------------------------------------------------------------------------
---------------------------------------------------------------------------------
Start Renaming Generated Ports
---------------------------------------------------------------------------------
---------------------------------------------------------------------------------
Finished Renaming Generated Ports : Time (s): cpu = 00:00:12 ; elapsed = 00:00:15 . Memory (MB): peak = 2164.586 ; gain = 553.305 ; free physical = 3158 ; free virtual = 8672
---------------------------------------------------------------------------------
---------------------------------------------------------------------------------
Start Handling Custom Attributes
---------------------------------------------------------------------------------
---------------------------------------------------------------------------------
Finished Handling Custom Attributes : Time (s): cpu = 00:00:12 ; elapsed = 00:00:15 . Memory (MB): peak = 2164.586 ; gain = 553.305 ; free physical = 3158 ; free virtual = 8672
---------------------------------------------------------------------------------
---------------------------------------------------------------------------------
Start Renaming Generated Nets
---------------------------------------------------------------------------------
---------------------------------------------------------------------------------
Finished Renaming Generated Nets : Time (s): cpu = 00:00:12 ; elapsed = 00:00:15 . Memory (MB): peak = 2164.586 ; gain = 553.305 ; free physical = 3158 ; free virtual = 8672
---------------------------------------------------------------------------------
---------------------------------------------------------------------------------
Start Writing Synthesis Report
---------------------------------------------------------------------------------

Report BlackBoxes: 
+-+--------------+----------+
| |BlackBox name |Instances |
+-+--------------+----------+
+-+--------------+----------+

Report Cell Usage: 
+------+-------+------+
|      |Cell   |Count |
+------+-------+------+
|1     |BUFG   |     1|
|2     |CARRY4 |    18|
|3     |LUT1   |    26|
|4     |LUT2   |    41|
|5     |LUT3   |    19|
|6     |LUT4   |    77|
|7     |LUT5   |    46|
|8     |LUT6   |    59|
|9     |MUXF7  |     1|
|10    |FDRE   |   177|
|11    |FDSE   |    13|
|12    |IBUF   |     3|
|13    |OBUF   |    45|
+------+-------+------+
---------------------------------------------------------------------------------
Finished Writing Synthesis Report : Time (s): cpu = 00:00:12 ; elapsed = 00:00:15 . Memory (MB): peak = 2164.586 ; gain = 553.305 ; free physical = 3158 ; free virtual = 8672
---------------------------------------------------------------------------------
Synthesis finished with 0 errors, 0 critical warnings and 38 warnings.
Synthesis Optimization Runtime : Time (s): cpu = 00:00:11 ; elapsed = 00:00:14 . Memory (MB): peak = 2164.586 ; gain = 463.582 ; free physical = 3158 ; free virtual = 8672
Synthesis Optimization Complete : Time (s): cpu = 00:00:12 ; elapsed = 00:00:15 . Memory (MB): peak = 2164.594 ; gain = 553.305 ; free physical = 3157 ; free virtual = 8672
INFO: [Project 1-571] Translating synthesized netlist
Netlist sorting complete. Time (s): cpu = 00:00:00 ; elapsed = 00:00:00 . Memory (MB): peak = 2164.594 ; gain = 0.000 ; free physical = 3434 ; free virtual = 8951
INFO: [Netlist 29-17] Analyzing 19 Unisim elements for replacement
INFO: [Netlist 29-28] Unisim Transformation completed in 0 CPU seconds
INFO: [Project 1-570] Preparing netlist for logic optimization
Parsing XDC File [/home/fpga/xdc/top_level.xdc]
WARNING: [Vivado 12-584] No ports matched 'pmoda[0]'. [/home/fpga/xdc/top_level.xdc:89]
CRITICAL WARNING: [Common 17-55] 'set_property' expects at least one object. [/home/fpga/xdc/top_level.xdc:89]
Resolution: If [get_<value>] was used to populate the object, check to make sure this command returns at least one valid object.
WARNING: [Vivado 12-584] No ports matched 'pmoda[1]'. [/home/fpga/xdc/top_level.xdc:90]
CRITICAL WARNING: [Common 17-55] 'set_property' expects at least one object. [/home/fpga/xdc/top_level.xdc:90]
Resolution: If [get_<value>] was used to populate the object, check to make sure this command returns at least one valid object.
WARNING: [Vivado 12-584] No ports matched 'pmoda[2]'. [/home/fpga/xdc/top_level.xdc:91]
CRITICAL WARNING: [Common 17-55] 'set_property' expects at least one object. [/home/fpga/xdc/top_level.xdc:91]
Resolution: If [get_<value>] was used to populate the object, check to make sure this command returns at least one valid object.
WARNING: [Vivado 12-584] No ports matched 'pmoda[3]'. [/home/fpga/xdc/top_level.xdc:92]
CRITICAL WARNING: [Common 17-55] 'set_property' expects at least one object. [/home/fpga/xdc/top_level.xdc:92]
Resolution: If [get_<value>] was used to populate the object, check to make sure this command returns at least one valid object.
WARNING: [Vivado 12-584] No ports matched 'pmoda[4]'. [/home/fpga/xdc/top_level.xdc:93]
CRITICAL WARNING: [Common 17-55] 'set_property' expects at least one object. [/home/fpga/xdc/top_level.xdc:93]
Resolution: If [get_<value>] was used to populate the object, check to make sure this command returns at least one valid object.
WARNING: [Vivado 12-584] No ports matched 'pmoda[5]'. [/home/fpga/xdc/top_level.xdc:94]
CRITICAL WARNING: [Common 17-55] 'set_property' expects at least one object. [/home/fpga/xdc/top_level.xdc:94]
Resolution: If [get_<value>] was used to populate the object, check to make sure this command returns at least one valid object.
WARNING: [Vivado 12-584] No ports matched 'pmoda[6]'. [/home/fpga/xdc/top_level.xdc:95]
CRITICAL WARNING: [Common 17-55] 'set_property' expects at least one object. [/home/fpga/xdc/top_level.xdc:95]
Resolution: If [get_<value>] was used to populate the object, check to make sure this command returns at least one valid object.
WARNING: [Vivado 12-584] No ports matched 'pmoda[7]'. [/home/fpga/xdc/top_level.xdc:96]
CRITICAL WARNING: [Common 17-55] 'set_property' expects at least one object. [/home/fpga/xdc/top_level.xdc:96]
Resolution: If [get_<value>] was used to populate the object, check to make sure this command returns at least one valid object.
WARNING: [Vivado 12-584] No ports matched 'pmodb[0]'. [/home/fpga/xdc/top_level.xdc:98]
CRITICAL WARNING: [Common 17-55] 'set_property' expects at least one object. [/home/fpga/xdc/top_level.xdc:98]
Resolution: If [get_<value>] was used to populate the object, check to make sure this command returns at least one valid object.
WARNING: [Vivado 12-584] No ports matched 'pmodb[1]'. [/home/fpga/xdc/top_level.xdc:99]
CRITICAL WARNING: [Common 17-55] 'set_property' expects at least one object. [/home/fpga/xdc/top_level.xdc:99]
Resolution: If [get_<value>] was used to populate the object, check to make sure this command returns at least one valid object.
WARNING: [Vivado 12-584] No ports matched 'pmodb[2]'. [/home/fpga/xdc/top_level.xdc:100]
CRITICAL WARNING: [Common 17-55] 'set_property' expects at least one object. [/home/fpga/xdc/top_level.xdc:100]
Resolution: If [get_<value>] was used to populate the object, check to make sure this command returns at least one valid object.
WARNING: [Vivado 12-584] No ports matched 'pmodbclk'. [/home/fpga/xdc/top_level.xdc:101]
CRITICAL WARNING: [Common 17-55] 'set_property' expects at least one object. [/home/fpga/xdc/top_level.xdc:101]
Resolution: If [get_<value>] was used to populate the object, check to make sure this command returns at least one valid object.
WARNING: [Vivado 12-584] No ports matched 'pmodblock'. [/home/fpga/xdc/top_level.xdc:102]
CRITICAL WARNING: [Common 17-55] 'set_property' expects at least one object. [/home/fpga/xdc/top_level.xdc:102]
Resolution: If [get_<value>] was used to populate the object, check to make sure this command returns at least one valid object.
WARNING: [Vivado 12-584] No ports matched 'pmodb[3]'. [/home/fpga/xdc/top_level.xdc:103]
CRITICAL WARNING: [Common 17-55] 'set_property' expects at least one object. [/home/fpga/xdc/top_level.xdc:103]
Resolution: If [get_<value>] was used to populate the object, check to make sure this command returns at least one valid object.
WARNING: [Vivado 12-584] No ports matched 'pmodb[4]'. [/home/fpga/xdc/top_level.xdc:104]
CRITICAL WARNING: [Common 17-55] 'set_property' expects at least one object. [/home/fpga/xdc/top_level.xdc:104]
Resolution: If [get_<value>] was used to populate the object, check to make sure this command returns at least one valid object.
WARNING: [Vivado 12-584] No ports matched 'pmodb[5]'. [/home/fpga/xdc/top_level.xdc:105]
CRITICAL WARNING: [Common 17-55] 'set_property' expects at least one object. [/home/fpga/xdc/top_level.xdc:105]
Resolution: If [get_<value>] was used to populate the object, check to make sure this command returns at least one valid object.
WARNING: [Vivado 12-584] No ports matched 'pmodb[6]'. [/home/fpga/xdc/top_level.xdc:106]
CRITICAL WARNING: [Common 17-55] 'set_property' expects at least one object. [/home/fpga/xdc/top_level.xdc:106]
Resolution: If [get_<value>] was used to populate the object, check to make sure this command returns at least one valid object.
WARNING: [Vivado 12-584] No ports matched 'pmodb[7]'. [/home/fpga/xdc/top_level.xdc:107]
CRITICAL WARNING: [Common 17-55] 'set_property' expects at least one object. [/home/fpga/xdc/top_level.xdc:107]
Resolution: If [get_<value>] was used to populate the object, check to make sure this command returns at least one valid object.
WARNING: [Vivado 12-584] No ports matched 'GPIO2'. [/home/fpga/xdc/top_level.xdc:120]
CRITICAL WARNING: [Common 17-55] 'set_property' expects at least one object. [/home/fpga/xdc/top_level.xdc:120]
Resolution: If [get_<value>] was used to populate the object, check to make sure this command returns at least one valid object.
WARNING: [Vivado 12-584] No ports matched 'GPIO3'. [/home/fpga/xdc/top_level.xdc:121]
CRITICAL WARNING: [Common 17-55] 'set_property' expects at least one object. [/home/fpga/xdc/top_level.xdc:121]
Resolution: If [get_<value>] was used to populate the object, check to make sure this command returns at least one valid object.
WARNING: [Vivado 12-584] No ports matched 's[0]'. [/home/fpga/xdc/top_level.xdc:134]
CRITICAL WARNING: [Common 17-55] 'set_property' expects at least one object. [/home/fpga/xdc/top_level.xdc:134]
Resolution: If [get_<value>] was used to populate the object, check to make sure this command returns at least one valid object.
WARNING: [Vivado 12-584] No ports matched 's[1]'. [/home/fpga/xdc/top_level.xdc:135]
CRITICAL WARNING: [Common 17-55] 'set_property' expects at least one object. [/home/fpga/xdc/top_level.xdc:135]
Resolution: If [get_<value>] was used to populate the object, check to make sure this command returns at least one valid object.
WARNING: [Vivado 12-584] No ports matched 's[2]'. [/home/fpga/xdc/top_level.xdc:136]
CRITICAL WARNING: [Common 17-55] 'set_property' expects at least one object. [/home/fpga/xdc/top_level.xdc:136]
Resolution: If [get_<value>] was used to populate the object, check to make sure this command returns at least one valid object.
WARNING: [Vivado 12-584] No ports matched 's[3]'. [/home/fpga/xdc/top_level.xdc:137]
CRITICAL WARNING: [Common 17-55] 'set_property' expects at least one object. [/home/fpga/xdc/top_level.xdc:137]
Resolution: If [get_<value>] was used to populate the object, check to make sure this command returns at least one valid object.
Finished Parsing XDC File [/home/fpga/xdc/top_level.xdc]
INFO: [Opt 31-138] Pushed 0 inverter(s) to 0 load pin(s).
Netlist sorting complete. Time (s): cpu = 00:00:00 ; elapsed = 00:00:00 . Memory (MB): peak = 2164.594 ; gain = 0.000 ; free physical = 3434 ; free virtual = 8952
INFO: [Project 1-111] Unisim Transformation Summary:
No Unisim elements were transformed.

Synth Design complete | Checksum: 8a527524
INFO: [Common 17-83] Releasing license: Synthesis
30 Infos, 128 Warnings, 48 Critical Warnings and 0 Errors encountered.
synth_design completed successfully
synth_design: Time (s): cpu = 00:00:16 ; elapsed = 00:00:18 . Memory (MB): peak = 2164.594 ; gain = 871.344 ; free physical = 3434 ; free virtual = 8952
INFO: [Common 17-2834] synth_design peak Physical Memory [PSS] (MB): overall = 1946.701; main = 1665.005; forked = 429.862
INFO: [Common 17-2834] synth_design peak Virtual Memory [VSS] (MB): overall = 3139.395; main = 2164.590; forked = 974.805
# write_checkpoint -force $outputDir/post_synth.dcp
INFO: [Timing 38-480] Writing timing data to binary archive.
Writing XDEF routing.
Writing XDEF routing logical nets.
Writing XDEF routing special nets.
Write XDEF Complete: Time (s): cpu = 00:00:00 ; elapsed = 00:00:00 . Memory (MB): peak = 2188.598 ; gain = 0.000 ; free physical = 3433 ; free virtual = 8952
INFO: [Common 17-1381] The checkpoint '/home/fpga/obj/post_synth.dcp' has been generated.
# report_timing_summary -file $outputDir/post_synth_timing_summary.rpt
INFO: [Timing 38-35] Done setting XDC timing constraints.
INFO: [Timing 38-91] UpdateTimingParams: Speed grade: -1, Delay Type: min_max.
# report_utilization -file $outputDir/post_synth_util.rpt
# report_timing -file $outputDir/post_synth_timing.rpt
INFO: [Timing 38-91] UpdateTimingParams: Speed grade: -1, Delay Type: max.
INFO: [Timing 38-78] ReportTimingParams: -max_paths 1 -nworst 1 -delay_type max -sort_by slack.
# opt_design
Command: opt_design
Attempting to get a license for feature 'Implementation' and/or device 'xc7s50'
INFO: [Common 17-349] Got license for feature 'Implementation' and/or device 'xc7s50'
Running DRC as a precondition to command opt_design

Starting DRC Task
INFO: [Project 1-461] DRC finished with 0 Errors
INFO: [Project 1-462] Please refer to the DRC report (report_drc) for more information.

Time (s): cpu = 00:00:00.21 ; elapsed = 00:00:00.22 . Memory (MB): peak = 2262.293 ; gain = 16.910 ; free physical = 3367 ; free virtual = 8903

Starting Cache Timing Information Task
Ending Cache Timing Information Task | Checksum: 1af636b4c

Time (s): cpu = 00:00:00 ; elapsed = 00:00:00 . Memory (MB): peak = 2262.293 ; gain = 0.000 ; free physical = 3367 ; free virtual = 8903

Starting Logic Optimization Task

Phase 1 Retarget
INFO: [Opt 31-138] Pushed 0 inverter(s) to 0 load pin(s).
INFO: [Opt 31-49] Retargeted 0 cell(s).
Phase 1 Retarget | Checksum: 1af636b4c

Time (s): cpu = 00:00:00.02 ; elapsed = 00:00:00.03 . Memory (MB): peak = 2488.293 ; gain = 0.000 ; free physical = 3129 ; free virtual = 8665
INFO: [Opt 31-389] Phase Retarget created 0 cells and removed 0 cells

Phase 2 Constant propagation
INFO: [Opt 31-138] Pushed 0 inverter(s) to 0 load pin(s).
Phase 2 Constant propagation | Checksum: 1af636b4c

Time (s): cpu = 00:00:00.02 ; elapsed = 00:00:00.03 . Memory (MB): peak = 2488.293 ; gain = 0.000 ; free physical = 3129 ; free virtual = 8665
INFO: [Opt 31-389] Phase Constant propagation created 0 cells and removed 0 cells

Phase 3 Sweep
Phase 3 Sweep | Checksum: 20383fdb1

Time (s): cpu = 00:00:00.02 ; elapsed = 00:00:00.03 . Memory (MB): peak = 2488.293 ; gain = 0.000 ; free physical = 3129 ; free virtual = 8665
INFO: [Opt 31-389] Phase Sweep created 0 cells and removed 0 cells

Phase 4 BUFG optimization
Phase 4 BUFG optimization | Checksum: 20383fdb1

Time (s): cpu = 00:00:00.03 ; elapsed = 00:00:00.03 . Memory (MB): peak = 2512.305 ; gain = 24.012 ; free physical = 3129 ; free virtual = 8665
INFO: [Opt 31-662] Phase BUFG optimization created 0 cells of which 0 are BUFGs and removed 0 cells.

Phase 5 Shift Register Optimization
INFO: [Opt 31-1064] SRL Remap converted 0 SRLs to 0 registers and converted 0 registers of register chains to 0 SRLs
Phase 5 Shift Register Optimization | Checksum: 1f32d5dde

Time (s): cpu = 00:00:00.03 ; elapsed = 00:00:00.03 . Memory (MB): peak = 2512.305 ; gain = 24.012 ; free physical = 3129 ; free virtual = 8665
INFO: [Opt 31-389] Phase Shift Register Optimization created 0 cells and removed 0 cells

Phase 6 Post Processing Netlist
Phase 6 Post Processing Netlist | Checksum: 1f32d5dde

Time (s): cpu = 00:00:00.03 ; elapsed = 00:00:00.03 . Memory (MB): peak = 2512.305 ; gain = 24.012 ; free physical = 3129 ; free virtual = 8665
INFO: [Opt 31-389] Phase Post Processing Netlist created 0 cells and removed 0 cells
Opt_design Change Summary
=========================


-------------------------------------------------------------------------------------------------------------------------
|  Phase                        |  #Cells created  |  #Cells Removed  |  #Constrained objects preventing optimizations  |
-------------------------------------------------------------------------------------------------------------------------
|  Retarget                     |               0  |               0  |                                              0  |
|  Constant propagation         |               0  |               0  |                                              0  |
|  Sweep                        |               0  |               0  |                                              0  |
|  BUFG optimization            |               0  |               0  |                                              0  |
|  Shift Register Optimization  |               0  |               0  |                                              0  |
|  Post Processing Netlist      |               0  |               0  |                                              0  |
-------------------------------------------------------------------------------------------------------------------------



Starting Connectivity Check Task

Time (s): cpu = 00:00:00 ; elapsed = 00:00:00 . Memory (MB): peak = 2512.305 ; gain = 0.000 ; free physical = 3129 ; free virtual = 8665
Ending Logic Optimization Task | Checksum: 1f32d5dde

Time (s): cpu = 00:00:00.03 ; elapsed = 00:00:00.06 . Memory (MB): peak = 2512.305 ; gain = 24.012 ; free physical = 3129 ; free virtual = 8665

Starting Power Optimization Task
INFO: [Pwropt 34-132] Skipping clock gating for clocks with a period < 2.00 ns.
Ending Power Optimization Task | Checksum: 1f32d5dde

Time (s): cpu = 00:00:00.01 ; elapsed = 00:00:00.03 . Memory (MB): peak = 2512.305 ; gain = 0.000 ; free physical = 3129 ; free virtual = 8665

Starting Final Cleanup Task
Ending Final Cleanup Task | Checksum: 1f32d5dde

Time (s): cpu = 00:00:00 ; elapsed = 00:00:00 . Memory (MB): peak = 2512.305 ; gain = 0.000 ; free physical = 3129 ; free virtual = 8665

Starting Netlist Obfuscation Task
Netlist sorting complete. Time (s): cpu = 00:00:00 ; elapsed = 00:00:00 . Memory (MB): peak = 2512.305 ; gain = 0.000 ; free physical = 3129 ; free virtual = 8665
Ending Netlist Obfuscation Task | Checksum: 1f32d5dde

Time (s): cpu = 00:00:00 ; elapsed = 00:00:00 . Memory (MB): peak = 2512.305 ; gain = 0.000 ; free physical = 3129 ; free virtual = 8665
INFO: [Common 17-83] Releasing license: Implementation
15 Infos, 0 Warnings, 0 Critical Warnings and 0 Errors encountered.
opt_design completed successfully
# place_design
Command: place_design
Attempting to get a license for feature 'Implementation' and/or device 'xc7s50'
INFO: [Common 17-349] Got license for feature 'Implementation' and/or device 'xc7s50'
INFO: [Vivado_Tcl 4-198] DRC finished with 0 Errors
INFO: [Vivado_Tcl 4-199] Please refer to the DRC report (report_drc) for more information.
Running DRC as a precondition to command place_design
INFO: [Vivado_Tcl 4-198] DRC finished with 0 Errors
INFO: [Vivado_Tcl 4-199] Please refer to the DRC report (report_drc) for more information.

Starting Placer Task

Phase 1 Placer Initialization

Phase 1.1 Placer Initialization Netlist Sorting
Netlist sorting complete. Time (s): cpu = 00:00:00 ; elapsed = 00:00:00 . Memory (MB): peak = 2512.305 ; gain = 0.000 ; free physical = 3127 ; free virtual = 8665
Phase 1.1 Placer Initialization Netlist Sorting | Checksum: 11d44e577

Time (s): cpu = 00:00:00.01 ; elapsed = 00:00:00 . Memory (MB): peak = 2512.305 ; gain = 0.000 ; free physical = 3127 ; free virtual = 8665
Netlist sorting complete. Time (s): cpu = 00:00:00 ; elapsed = 00:00:00 . Memory (MB): peak = 2512.305 ; gain = 0.000 ; free physical = 3127 ; free virtual = 8665

Phase 1.2 IO Placement/ Clock Placement/ Build Placer Device
INFO: [Timing 38-35] Done setting XDC timing constraints.
Phase 1.2 IO Placement/ Clock Placement/ Build Placer Device | Checksum: 5e23f8d5

Time (s): cpu = 00:00:00.14 ; elapsed = 00:00:00.13 . Memory (MB): peak = 2512.305 ; gain = 0.000 ; free physical = 3124 ; free virtual = 8665

Phase 1.3 Build Placer Netlist Model
Phase 1.3 Build Placer Netlist Model | Checksum: 110b7cf28

Time (s): cpu = 00:00:00.15 ; elapsed = 00:00:00.21 . Memory (MB): peak = 2512.305 ; gain = 0.000 ; free physical = 3123 ; free virtual = 8665

Phase 1.4 Constrain Clocks/Macros
Phase 1.4 Constrain Clocks/Macros | Checksum: 110b7cf28

Time (s): cpu = 00:00:00.16 ; elapsed = 00:00:00.21 . Memory (MB): peak = 2512.305 ; gain = 0.000 ; free physical = 3123 ; free virtual = 8665
Phase 1 Placer Initialization | Checksum: 110b7cf28

Time (s): cpu = 00:00:00.16 ; elapsed = 00:00:00.21 . Memory (MB): peak = 2512.305 ; gain = 0.000 ; free physical = 3122 ; free virtual = 8665

Phase 2 Global Placement

Phase 2.1 Floorplanning
Phase 2.1 Floorplanning | Checksum: fc35066e

Time (s): cpu = 00:00:00.17 ; elapsed = 00:00:00.24 . Memory (MB): peak = 2512.305 ; gain = 0.000 ; free physical = 3122 ; free virtual = 8665

Phase 2.2 Update Timing before SLR Path Opt
Phase 2.2 Update Timing before SLR Path Opt | Checksum: 103b795cd

Time (s): cpu = 00:00:00.18 ; elapsed = 00:00:00.24 . Memory (MB): peak = 2512.305 ; gain = 0.000 ; free physical = 3122 ; free virtual = 8665

Phase 2.3 Post-Processing in Floorplanning
Phase 2.3 Post-Processing in Floorplanning | Checksum: 103b795cd

Time (s): cpu = 00:00:00.18 ; elapsed = 00:00:00.24 . Memory (MB): peak = 2512.305 ; gain = 0.000 ; free physical = 3122 ; free virtual = 8665

Phase 2.4 Global Placement Core

Phase 2.4.1 UpdateTiming Before Physical Synthesis
Phase 2.4.1 UpdateTiming Before Physical Synthesis | Checksum: f053a4e2

Time (s): cpu = 00:00:00.29 ; elapsed = 00:00:00.41 . Memory (MB): peak = 2512.305 ; gain = 0.000 ; free physical = 3121 ; free virtual = 8665

Phase 2.4.2 Physical Synthesis In Placer
INFO: [Physopt 32-1035] Found 0 LUTNM shape to break, 9 LUT instances to create LUTNM shape
INFO: [Physopt 32-1044] Break lutnm for timing: one critical 0, two critical 0, total 0, new lutff created 0
INFO: [Physopt 32-1138] End 1 Pass. Optimized 4 nets or LUTs. Breaked 0 LUT, combined 4 existing LUTs and moved 0 existing LUT
INFO: [Physopt 32-65] No nets found for high-fanout optimization.
INFO: [Physopt 32-232] Optimized 0 net. Created 0 new instance.
INFO: [Physopt 32-775] End 1 Pass. Optimized 0 net or cell. Created 0 new cell, deleted 0 existing cell and moved 0 existing cell
INFO: [Physopt 32-670] No setup violation found.  DSP Register Optimization was not performed.
INFO: [Physopt 32-670] No setup violation found.  Shift Register to Pipeline Optimization was not performed.
INFO: [Physopt 32-670] No setup violation found.  Shift Register Optimization was not performed.
INFO: [Physopt 32-670] No setup violation found.  BRAM Register Optimization was not performed.
INFO: [Physopt 32-670] No setup violation found.  URAM Register Optimization was not performed.
INFO: [Physopt 32-949] No candidate nets found for dynamic/static region interface net replication
INFO: [Physopt 32-775] End 1 Pass. Optimized 0 net or cell. Created 0 new cell, deleted 0 existing cell and moved 0 existing cell
Netlist sorting complete. Time (s): cpu = 00:00:00 ; elapsed = 00:00:00 . Memory (MB): peak = 2512.305 ; gain = 0.000 ; free physical = 3119 ; free virtual = 8665

Summary of Physical Synthesis Optimizations
============================================


-----------------------------------------------------------------------------------------------------------------------------------------------------------
|  Optimization                                     |  Added Cells  |  Removed Cells  |  Optimized Cells/Nets  |  Dont Touch  |  Iterations  |  Elapsed   |
-----------------------------------------------------------------------------------------------------------------------------------------------------------
|  LUT Combining                                    |            0  |              4  |                     4  |           0  |           1  |  00:00:00  |
|  Retime                                           |            0  |              0  |                     0  |           0  |           1  |  00:00:00  |
|  Very High Fanout                                 |            0  |              0  |                     0  |           0  |           1  |  00:00:00  |
|  DSP Register                                     |            0  |              0  |                     0  |           0  |           0  |  00:00:00  |
|  Shift Register to Pipeline                       |            0  |              0  |                     0  |           0  |           0  |  00:00:00  |
|  Shift Register                                   |            0  |              0  |                     0  |           0  |           0  |  00:00:00  |
|  BRAM Register                                    |            0  |              0  |                     0  |           0  |           0  |  00:00:00  |
|  URAM Register                                    |            0  |              0  |                     0  |           0  |           0  |  00:00:00  |
|  Dynamic/Static Region Interface Net Replication  |            0  |              0  |                     0  |           0  |           1  |  00:00:00  |
|  Total                                            |            0  |              4  |                     4  |           0  |           4  |  00:00:00  |
-----------------------------------------------------------------------------------------------------------------------------------------------------------


Phase 2.4.2 Physical Synthesis In Placer | Checksum: 164908134

Time (s): cpu = 00:00:00.5 ; elapsed = 00:00:00.63 . Memory (MB): peak = 2512.305 ; gain = 0.000 ; free physical = 3119 ; free virtual = 8665
Phase 2.4 Global Placement Core | Checksum: 190638863

Time (s): cpu = 00:00:00.51 ; elapsed = 00:00:00.63 . Memory (MB): peak = 2512.305 ; gain = 0.000 ; free physical = 3118 ; free virtual = 8665
Phase 2 Global Placement | Checksum: 190638863

Time (s): cpu = 00:00:00.51 ; elapsed = 00:00:00.63 . Memory (MB): peak = 2512.305 ; gain = 0.000 ; free physical = 3118 ; free virtual = 8665

Phase 3 Detail Placement

Phase 3.1 Commit Multi Column Macros
Phase 3.1 Commit Multi Column Macros | Checksum: 139733c6d

Time (s): cpu = 00:00:00.52 ; elapsed = 00:00:00.67 . Memory (MB): peak = 2512.305 ; gain = 0.000 ; free physical = 3118 ; free virtual = 8665

Phase 3.2 Commit Most Macros & LUTRAMs
Phase 3.2 Commit Most Macros & LUTRAMs | Checksum: 1abb500d0

Time (s): cpu = 00:00:00.54 ; elapsed = 00:00:00.67 . Memory (MB): peak = 2512.305 ; gain = 0.000 ; free physical = 3118 ; free virtual = 8665

Phase 3.3 Area Swap Optimization
Phase 3.3 Area Swap Optimization | Checksum: 2665d7efc

Time (s): cpu = 00:00:00.54 ; elapsed = 00:00:00.7 . Memory (MB): peak = 2512.305 ; gain = 0.000 ; free physical = 3118 ; free virtual = 8665

Phase 3.4 Pipeline Register Optimization
Phase 3.4 Pipeline Register Optimization | Checksum: 22b62e544

Time (s): cpu = 00:00:00.54 ; elapsed = 00:00:00.7 . Memory (MB): peak = 2512.305 ; gain = 0.000 ; free physical = 3118 ; free virtual = 8665

Phase 3.5 Small Shape Detail Placement
Phase 3.5 Small Shape Detail Placement | Checksum: 191015d99

Time (s): cpu = 00:00:00.6 ; elapsed = 00:00:00.76 . Memory (MB): peak = 2512.305 ; gain = 0.000 ; free physical = 3115 ; free virtual = 8665

Phase 3.6 Re-assign LUT pins
Phase 3.6 Re-assign LUT pins | Checksum: 23dcaacf6

Time (s): cpu = 00:00:00.61 ; elapsed = 00:00:00.79 . Memory (MB): peak = 2512.305 ; gain = 0.000 ; free physical = 3115 ; free virtual = 8665

Phase 3.7 Pipeline Register Optimization
Phase 3.7 Pipeline Register Optimization | Checksum: 27ed113be

Time (s): cpu = 00:00:00.61 ; elapsed = 00:00:00.79 . Memory (MB): peak = 2512.305 ; gain = 0.000 ; free physical = 3115 ; free virtual = 8665
Phase 3 Detail Placement | Checksum: 27ed113be

Time (s): cpu = 00:00:00.61 ; elapsed = 00:00:00.79 . Memory (MB): peak = 2512.305 ; gain = 0.000 ; free physical = 3115 ; free virtual = 8665

Phase 4 Post Placement Optimization and Clean-Up

Phase 4.1 Post Commit Optimization
INFO: [Timing 38-35] Done setting XDC timing constraints.

Phase 4.1.1 Post Placement Optimization
Post Placement Optimization Initialization | Checksum: 17f52a476

Phase 4.1.1.1 BUFG Insertion

Starting Physical Synthesis Task

Phase 1 Physical Synthesis Initialization
INFO: [Physopt 32-721] Multithreading enabled for phys_opt_design using a maximum of 1 CPUs
INFO: [Physopt 32-619] Estimated Timing Summary | WNS=5.162 | TNS=0.000 |
Phase 1 Physical Synthesis Initialization | Checksum: 1a67ac90e

Time (s): cpu = 00:00:00.01 ; elapsed = 00:00:00.03 . Memory (MB): peak = 2512.305 ; gain = 0.000 ; free physical = 3115 ; free virtual = 8665
INFO: [Place 46-56] BUFG insertion identified 0 candidate nets. Inserted BUFG: 0, Replicated BUFG Driver: 0, Skipped due to Placement/Routing Conflicts: 0, Skipped due to Timing Degradation: 0, Skipped due to netlist editing failed: 0.
Ending Physical Synthesis Task | Checksum: 1a67ac90e

Time (s): cpu = 00:00:00.01 ; elapsed = 00:00:00.03 . Memory (MB): peak = 2512.305 ; gain = 0.000 ; free physical = 3115 ; free virtual = 8665
Phase 4.1.1.1 BUFG Insertion | Checksum: 17f52a476

Time (s): cpu = 00:00:00.68 ; elapsed = 00:00:00.88 . Memory (MB): peak = 2512.305 ; gain = 0.000 ; free physical = 3115 ; free virtual = 8665

Phase 4.1.1.2 Post Placement Timing Optimization
INFO: [Place 30-746] Post Placement Timing Summary WNS=5.162. For the most accurate timing information please run report_timing.
Phase 4.1.1.2 Post Placement Timing Optimization | Checksum: 1275d6f14

Time (s): cpu = 00:00:00.69 ; elapsed = 00:00:00.88 . Memory (MB): peak = 2512.305 ; gain = 0.000 ; free physical = 3115 ; free virtual = 8665

Time (s): cpu = 00:00:00.69 ; elapsed = 00:00:00.88 . Memory (MB): peak = 2512.305 ; gain = 0.000 ; free physical = 3115 ; free virtual = 8665
Phase 4.1 Post Commit Optimization | Checksum: 1275d6f14

Time (s): cpu = 00:00:00.69 ; elapsed = 00:00:00.88 . Memory (MB): peak = 2512.305 ; gain = 0.000 ; free physical = 3115 ; free virtual = 8665

Phase 4.2 Post Placement Cleanup
Phase 4.2 Post Placement Cleanup | Checksum: 1275d6f14

Time (s): cpu = 00:00:00.69 ; elapsed = 00:00:00.88 . Memory (MB): peak = 2512.305 ; gain = 0.000 ; free physical = 3115 ; free virtual = 8665

Phase 4.3 Placer Reporting

Phase 4.3.1 Print Estimated Congestion
INFO: [Place 30-612] Post-Placement Estimated Congestion 
 ____________________________________________________
|           | Global Congestion | Short Congestion  |
| Direction | Region Size       | Region Size       |
|___________|___________________|___________________|
|      North|                1x1|                1x1|
|___________|___________________|___________________|
|      South|                1x1|                1x1|
|___________|___________________|___________________|
|       East|                1x1|                1x1|
|___________|___________________|___________________|
|       West|                1x1|                1x1|
|___________|___________________|___________________|

Phase 4.3.1 Print Estimated Congestion | Checksum: 1275d6f14

Time (s): cpu = 00:00:00.69 ; elapsed = 00:00:00.88 . Memory (MB): peak = 2512.305 ; gain = 0.000 ; free physical = 3115 ; free virtual = 8665
Phase 4.3 Placer Reporting | Checksum: 1275d6f14

Time (s): cpu = 00:00:00.69 ; elapsed = 00:00:00.88 . Memory (MB): peak = 2512.305 ; gain = 0.000 ; free physical = 3115 ; free virtual = 8665

Phase 4.4 Final Placement Cleanup
Netlist sorting complete. Time (s): cpu = 00:00:00 ; elapsed = 00:00:00 . Memory (MB): peak = 2512.305 ; gain = 0.000 ; free physical = 3115 ; free virtual = 8665

Time (s): cpu = 00:00:00.69 ; elapsed = 00:00:00.88 . Memory (MB): peak = 2512.305 ; gain = 0.000 ; free physical = 3115 ; free virtual = 8665
Phase 4 Post Placement Optimization and Clean-Up | Checksum: 17bde2b4d

Time (s): cpu = 00:00:00.7 ; elapsed = 00:00:00.88 . Memory (MB): peak = 2512.305 ; gain = 0.000 ; free physical = 3115 ; free virtual = 8665
Ending Placer Task | Checksum: 125130ce0

Time (s): cpu = 00:00:00.7 ; elapsed = 00:00:00.88 . Memory (MB): peak = 2512.305 ; gain = 0.000 ; free physical = 3115 ; free virtual = 8665
INFO: [Common 17-83] Releasing license: Implementation
26 Infos, 0 Warnings, 0 Critical Warnings and 0 Errors encountered.
place_design completed successfully
# report_clock_utilization -file $outputDir/clock_util.rpt
# if {[get_property SLACK [get_timing_paths -max_paths 1 -nworst 1 -setup]] < 0} {
#  puts "Found setup timing violations => running physical optimization"
#  phys_opt_design
# }
# write_checkpoint -force $outputDir/post_place.dcp
INFO: [Timing 38-480] Writing timing data to binary archive.
Writing XDEF routing.
Writing XDEF routing logical nets.
Writing XDEF routing special nets.
Write XDEF Complete: Time (s): cpu = 00:00:00.02 ; elapsed = 00:00:00.03 . Memory (MB): peak = 2536.316 ; gain = 0.000 ; free physical = 3113 ; free virtual = 8665
INFO: [Common 17-1381] The checkpoint '/home/fpga/obj/post_place.dcp' has been generated.
# report_utilization -file $outputDir/post_place_util.rpt
# report_timing_summary -file $outputDir/post_place_timing_summary.rpt
# report_timing -file $outputDir/post_place_timing.rpt
INFO: [Timing 38-78] ReportTimingParams: -max_paths 1 -nworst 1 -delay_type max -sort_by slack.
# route_design -directive Explore
Command: route_design -directive Explore
Attempting to get a license for feature 'Implementation' and/or device 'xc7s50'
INFO: [Common 17-349] Got license for feature 'Implementation' and/or device 'xc7s50'
Running DRC as a precondition to command route_design
INFO: [Vivado_Tcl 4-198] DRC finished with 0 Errors
INFO: [Vivado_Tcl 4-199] Please refer to the DRC report (report_drc) for more information.


Starting Routing Task
INFO: [Route 35-270] Using Router directive 'Explore'.

Phase 1 Build RT Design
Checksum: PlaceDB: b3f84e09 ConstDB: 0 ShapeSum: 711abed7 RouteDB: 0
Post Restoration Checksum: NetGraph: 1cb658c9 | NumContArr: 877dfdea | Constraints: 190a55ad | Timing: 0
Phase 1 Build RT Design | Checksum: bd3eac60

Time (s): cpu = 00:00:07 ; elapsed = 00:00:07 . Memory (MB): peak = 2536.316 ; gain = 0.000 ; free physical = 3112 ; free virtual = 8665

Phase 2 Router Initialization

Phase 2.1 Fix Topology Constraints
Phase 2.1 Fix Topology Constraints | Checksum: bd3eac60

Time (s): cpu = 00:00:07 ; elapsed = 00:00:07 . Memory (MB): peak = 2536.316 ; gain = 0.000 ; free physical = 3112 ; free virtual = 8665

Phase 2.2 Pre Route Cleanup
Phase 2.2 Pre Route Cleanup | Checksum: bd3eac60

Time (s): cpu = 00:00:07 ; elapsed = 00:00:07 . Memory (MB): peak = 2536.316 ; gain = 0.000 ; free physical = 3112 ; free virtual = 8665
 Number of Nodes with overlaps = 0

Phase 2.3 Update Timing
Phase 2.3 Update Timing | Checksum: 1dc3557be

Time (s): cpu = 00:00:07 ; elapsed = 00:00:07 . Memory (MB): peak = 2536.316 ; gain = 0.000 ; free physical = 3112 ; free virtual = 8665
INFO: [Route 35-416] Intermediate Timing Summary | WNS=5.175  | TNS=0.000  | WHS=-0.098 | THS=-3.704 |


Router Utilization Summary
  Global Vertical Routing Utilization    = 0 %
  Global Horizontal Routing Utilization  = 0 %
  Routable Net Status*
  *Does not include unroutable nets such as driverless and loadless.
  Run report_route_status for detailed report.
  Number of Failed Nets               = 390
    (Failed Nets is the sum of unrouted and partially routed nets)
  Number of Unrouted Nets             = 390
  Number of Partially Routed Nets     = 0
  Number of Node Overlaps             = 0

Phase 2 Router Initialization | Checksum: 2372c0bfc

Time (s): cpu = 00:00:07 ; elapsed = 00:00:07 . Memory (MB): peak = 2536.316 ; gain = 0.000 ; free physical = 3112 ; free virtual = 8665

Phase 3 Initial Routing

Phase 3.1 Global Routing
Phase 3.1 Global Routing | Checksum: 2372c0bfc

Time (s): cpu = 00:00:07 ; elapsed = 00:00:07 . Memory (MB): peak = 2536.316 ; gain = 0.000 ; free physical = 3112 ; free virtual = 8665
Phase 3 Initial Routing | Checksum: 15f1d6fdf

Time (s): cpu = 00:00:07 ; elapsed = 00:00:07 . Memory (MB): peak = 2536.316 ; gain = 0.000 ; free physical = 3112 ; free virtual = 8665

Phase 4 Rip-up And Reroute

Phase 4.1 Global Iteration 0
 Number of Nodes with overlaps = 17
 Number of Nodes with overlaps = 0
INFO: [Route 35-416] Intermediate Timing Summary | WNS=5.055  | TNS=0.000  | WHS=N/A    | THS=N/A    |

Phase 4.1 Global Iteration 0 | Checksum: 1ee572ff8

Time (s): cpu = 00:00:07 ; elapsed = 00:00:08 . Memory (MB): peak = 2536.316 ; gain = 0.000 ; free physical = 3111 ; free virtual = 8665

Phase 4.2 Global Iteration 1
 Number of Nodes with overlaps = 1
 Number of Nodes with overlaps = 0
INFO: [Route 35-416] Intermediate Timing Summary | WNS=5.055  | TNS=0.000  | WHS=N/A    | THS=N/A    |

Phase 4.2 Global Iteration 1 | Checksum: 27fa12b77

Time (s): cpu = 00:00:07 ; elapsed = 00:00:08 . Memory (MB): peak = 2536.316 ; gain = 0.000 ; free physical = 3111 ; free virtual = 8664
Phase 4 Rip-up And Reroute | Checksum: 27fa12b77

Time (s): cpu = 00:00:07 ; elapsed = 00:00:08 . Memory (MB): peak = 2536.316 ; gain = 0.000 ; free physical = 3111 ; free virtual = 8664

Phase 5 Delay and Skew Optimization

Phase 5.1 Delay CleanUp
Phase 5.1 Delay CleanUp | Checksum: 27fa12b77

Time (s): cpu = 00:00:07 ; elapsed = 00:00:08 . Memory (MB): peak = 2536.316 ; gain = 0.000 ; free physical = 3111 ; free virtual = 8664

Phase 5.2 Clock Skew Optimization
Phase 5.2 Clock Skew Optimization | Checksum: 27fa12b77

Time (s): cpu = 00:00:07 ; elapsed = 00:00:08 . Memory (MB): peak = 2536.316 ; gain = 0.000 ; free physical = 3111 ; free virtual = 8665
Phase 5 Delay and Skew Optimization | Checksum: 27fa12b77

Time (s): cpu = 00:00:07 ; elapsed = 00:00:08 . Memory (MB): peak = 2536.316 ; gain = 0.000 ; free physical = 3111 ; free virtual = 8665

Phase 6 Post Hold Fix

Phase 6.1 Hold Fix Iter

Phase 6.1.1 Update Timing
Phase 6.1.1 Update Timing | Checksum: 2035ecabe

Time (s): cpu = 00:00:07 ; elapsed = 00:00:08 . Memory (MB): peak = 2536.316 ; gain = 0.000 ; free physical = 3111 ; free virtual = 8665
INFO: [Route 35-416] Intermediate Timing Summary | WNS=5.148  | TNS=0.000  | WHS=0.141  | THS=0.000  |

Phase 6.1 Hold Fix Iter | Checksum: 1ffb6dc7e

Time (s): cpu = 00:00:07 ; elapsed = 00:00:08 . Memory (MB): peak = 2536.316 ; gain = 0.000 ; free physical = 3111 ; free virtual = 8665
Phase 6 Post Hold Fix | Checksum: 1ffb6dc7e

Time (s): cpu = 00:00:07 ; elapsed = 00:00:08 . Memory (MB): peak = 2536.316 ; gain = 0.000 ; free physical = 3111 ; free virtual = 8665

Phase 7 Route finalize

Router Utilization Summary
  Global Vertical Routing Utilization    = 0.0785299 %
  Global Horizontal Routing Utilization  = 0.0930505 %
  Routable Net Status*
  *Does not include unroutable nets such as driverless and loadless.
  Run report_route_status for detailed report.
  Number of Failed Nets               = 0
    (Failed Nets is the sum of unrouted and partially routed nets)
  Number of Unrouted Nets             = 0
  Number of Partially Routed Nets     = 0
  Number of Node Overlaps             = 0

Phase 7 Route finalize | Checksum: 2344c9ac4

Time (s): cpu = 00:00:07 ; elapsed = 00:00:08 . Memory (MB): peak = 2536.316 ; gain = 0.000 ; free physical = 3111 ; free virtual = 8665

Phase 8 Verifying routed nets

 Verification completed successfully
Phase 8 Verifying routed nets | Checksum: 2344c9ac4

Time (s): cpu = 00:00:07 ; elapsed = 00:00:08 . Memory (MB): peak = 2536.316 ; gain = 0.000 ; free physical = 3111 ; free virtual = 8664

Phase 9 Depositing Routes
Phase 9 Depositing Routes | Checksum: 19f32716f

Time (s): cpu = 00:00:07 ; elapsed = 00:00:08 . Memory (MB): peak = 2536.316 ; gain = 0.000 ; free physical = 3111 ; free virtual = 8664

Phase 10 Post Router Timing
INFO: [Route 35-20] Post Routing Timing Summary | WNS=5.145  | TNS=0.000  | WHS=0.140  | THS=0.000  |

Phase 10 Post Router Timing | Checksum: 128a83a09

Time (s): cpu = 00:00:07 ; elapsed = 00:00:08 . Memory (MB): peak = 2536.316 ; gain = 0.000 ; free physical = 3110 ; free virtual = 8664
INFO: [Route 35-61] The design met the timing requirement.
INFO: [Route 35-16] Router Completed Successfully

Phase 11 Post-Route Event Processing
Phase 11 Post-Route Event Processing | Checksum: 118902e59

Time (s): cpu = 00:00:07 ; elapsed = 00:00:08 . Memory (MB): peak = 2536.316 ; gain = 0.000 ; free physical = 3110 ; free virtual = 8664

Time (s): cpu = 00:00:07 ; elapsed = 00:00:08 . Memory (MB): peak = 2536.316 ; gain = 0.000 ; free physical = 3110 ; free virtual = 8664

Routing Is Done.
INFO: [Common 17-83] Releasing license: Implementation
12 Infos, 0 Warnings, 0 Critical Warnings and 0 Errors encountered.
route_design completed successfully
route_design: Time (s): cpu = 00:00:08 ; elapsed = 00:00:08 . Memory (MB): peak = 2536.316 ; gain = 0.000 ; free physical = 3109 ; free virtual = 8663
# write_checkpoint -force $outputDir/post_route.dcp
INFO: [Timing 38-480] Writing timing data to binary archive.
Writing XDEF routing.
Writing XDEF routing logical nets.
Writing XDEF routing special nets.
Write XDEF Complete: Time (s): cpu = 00:00:00.03 ; elapsed = 00:00:00.03 . Memory (MB): peak = 2536.316 ; gain = 0.000 ; free physical = 3108 ; free virtual = 8663
INFO: [Common 17-1381] The checkpoint '/home/fpga/obj/post_route.dcp' has been generated.
# report_route_status -file $outputDir/post_route_status.rpt
# report_timing_summary -file $outputDir/post_route_timing_summary.rpt
# report_timing -file $outputDir/post_route_timing.rpt
INFO: [Timing 38-78] ReportTimingParams: -max_paths 1 -nworst 1 -delay_type max -sort_by slack.
# report_power -file $outputDir/post_route_power.rpt
Command: report_power -file obj/post_route_power.rpt
Running Vector-less Activity Propagation...

Finished Running Vector-less Activity Propagation
0 Infos, 0 Warnings, 0 Critical Warnings and 0 Errors encountered.
report_power completed successfully
# report_drc -file $outputDir/post_imp_drc.rpt
Command: report_drc -file obj/post_imp_drc.rpt
INFO: [IP_Flow 19-234] Refreshing IP repositories
INFO: [IP_Flow 19-1704] No user IP repositories specified
INFO: [IP_Flow 19-2313] Loaded Vivado IP repository '/opt/Xilinx/Vivado/2023.1/data/ip'.
INFO: [Vivado_Tcl 2-168] The results of DRC are in file /home/fpga/obj/post_imp_drc.rpt.
report_drc completed successfully
# write_bitstream -force $outputDir/final.bit
Command: write_bitstream -force obj/final.bit
Attempting to get a license for feature 'Implementation' and/or device 'xc7s50'
INFO: [Common 17-349] Got license for feature 'Implementation' and/or device 'xc7s50'
Running DRC as a precondition to command write_bitstream
INFO: [IP_Flow 19-1839] IP Catalog is up to date.
INFO: [Vivado 12-3199] DRC finished with 0 Errors
INFO: [Vivado 12-3200] Please refer to the DRC report (report_drc) for more information.
Loading data files...
Loading site data...
Loading route data...
Processing options...
Creating bitmap...
Creating bitstream...
Bitstream compression saved 14484832 bits.
Writing bitstream obj/final.bit...
INFO: [Vivado 12-1842] Bitgen Completed Successfully.
INFO: [Project 1-1876] WebTalk data collection is mandatory when using a ULT device. To see the specific WebTalk data collected for your design, open the usage_statistics_webtalk.html or usage_statistics_webtalk.xml file in the implementation directory.
INFO: [Common 17-83] Releasing license: Implementation
7 Infos, 0 Warnings, 0 Critical Warnings and 0 Errors encountered.
write_bitstream completed successfully
write_bitstream: Time (s): cpu = 00:00:03 ; elapsed = 00:00:14 . Memory (MB): peak = 2740.539 ; gain = 204.223 ; free physical = 2839 ; free virtual = 8405
INFO: [Common 17-206] Exiting Vivado at Thu Dec 14 08:58:12 2023...
