#! /usr/local/Cellar/icarus-verilog/12.0/bin/vvp
:ivl_version "12.0 (stable)";
:ivl_delay_selection "TYPICAL";
:vpi_time_precision - 12;
:vpi_module "/usr/local/Cellar/icarus-verilog/12.0/lib/ivl/system.vpi";
:vpi_module "/usr/local/Cellar/icarus-verilog/12.0/lib/ivl/vhdl_sys.vpi";
:vpi_module "/usr/local/Cellar/icarus-verilog/12.0/lib/ivl/vhdl_textio.vpi";
:vpi_module "/usr/local/Cellar/icarus-verilog/12.0/lib/ivl/v2005_math.vpi";
:vpi_module "/usr/local/Cellar/icarus-verilog/12.0/lib/ivl/va_math.vpi";
:vpi_module "/usr/local/Cellar/icarus-verilog/12.0/lib/ivl/v2009.vpi";
S_0x7f7b6dc04700 .scope package, "$unit" "$unit" 2 1;
 .timescale 0 0;
S_0x7f7b6dc04890 .scope module, "scale" "scale" 3 4;
 .timescale -9 -12;
    .port_info 0 /INPUT 2 "scale_in";
    .port_info 1 /INPUT 11 "hcount_in";
    .port_info 2 /INPUT 10 "vcount_in";
    .port_info 3 /OUTPUT 11 "scaled_hcount_out";
    .port_info 4 /OUTPUT 10 "scaled_vcount_out";
    .port_info 5 /OUTPUT 1 "valid_addr_out";
o0x7f7b6da32008 .functor BUFZ 11, C4<zzzzzzzzzzz>; HiZ drive
v0x7f7b6dc04b00_0 .net "hcount_in", 10 0, o0x7f7b6da32008;  0 drivers
o0x7f7b6da32038 .functor BUFZ 2, C4<zz>; HiZ drive
v0x7f7b6dc14bb0_0 .net "scale_in", 1 0, o0x7f7b6da32038;  0 drivers
v0x7f7b6dc14c60_0 .var "scaled_hcount_out", 10 0;
v0x7f7b6dc14d20_0 .var "scaled_vcount_out", 9 0;
v0x7f7b6dc14dd0_0 .var "valid_addr_out", 0 0;
o0x7f7b6da320f8 .functor BUFZ 10, C4<zzzzzzzzzz>; HiZ drive
v0x7f7b6dc14eb0_0 .net "vcount_in", 9 0, o0x7f7b6da320f8;  0 drivers
E_0x7f7b6dc04ac0 .event anyedge, v0x7f7b6dc14bb0_0, v0x7f7b6dc04b00_0, v0x7f7b6dc14eb0_0;
    .scope S_0x7f7b6dc04890;
T_0 ;
Ewait_0 .event/or E_0x7f7b6dc04ac0, E_0x0;
    %wait Ewait_0;
    %load/vec4 v0x7f7b6dc14bb0_0;
    %dup/vec4;
    %pushi/vec4 0, 0, 2;
    %cmp/u;
    %jmp/1 T_0.0, 6;
    %dup/vec4;
    %pushi/vec4 1, 0, 2;
    %cmp/u;
    %jmp/1 T_0.1, 6;
    %dup/vec4;
    %pushi/vec4 2, 0, 2;
    %cmp/u;
    %jmp/1 T_0.2, 6;
    %dup/vec4;
    %pushi/vec4 3, 0, 2;
    %cmp/u;
    %jmp/1 T_0.3, 6;
    %jmp T_0.4;
T_0.0 ;
    %load/vec4 v0x7f7b6dc04b00_0;
    %pad/u 32;
    %cmpi/u 240, 0, 32;
    %flag_get/vec4 5;
    %jmp/0 T_0.5, 5;
    %load/vec4 v0x7f7b6dc14eb0_0;
    %pad/u 32;
    %cmpi/u 320, 0, 32;
    %flag_get/vec4 5;
    %and;
T_0.5;
    %store/vec4 v0x7f7b6dc14dd0_0, 0, 1;
    %load/vec4 v0x7f7b6dc04b00_0;
    %store/vec4 v0x7f7b6dc14c60_0, 0, 11;
    %load/vec4 v0x7f7b6dc14eb0_0;
    %store/vec4 v0x7f7b6dc14d20_0, 0, 10;
    %jmp T_0.4;
T_0.1 ;
    %jmp T_0.4;
T_0.2 ;
    %load/vec4 v0x7f7b6dc04b00_0;
    %pad/u 32;
    %pushi/vec4 4, 0, 32;
    %div;
    %cmpi/u 240, 0, 32;
    %flag_get/vec4 5;
    %jmp/0 T_0.6, 5;
    %load/vec4 v0x7f7b6dc14eb0_0;
    %pad/u 32;
    %pushi/vec4 2, 0, 32;
    %div;
    %cmpi/u 320, 0, 32;
    %flag_get/vec4 5;
    %and;
T_0.6;
    %store/vec4 v0x7f7b6dc14dd0_0, 0, 1;
    %load/vec4 v0x7f7b6dc04b00_0;
    %pad/u 32;
    %pushi/vec4 4, 0, 32;
    %div;
    %pad/u 11;
    %store/vec4 v0x7f7b6dc14c60_0, 0, 11;
    %load/vec4 v0x7f7b6dc14eb0_0;
    %pad/u 32;
    %pushi/vec4 2, 0, 32;
    %div;
    %pad/u 10;
    %store/vec4 v0x7f7b6dc14d20_0, 0, 10;
    %jmp T_0.4;
T_0.3 ;
    %load/vec4 v0x7f7b6dc04b00_0;
    %pad/u 32;
    %pushi/vec4 2, 0, 32;
    %div;
    %cmpi/u 240, 0, 32;
    %flag_get/vec4 5;
    %jmp/0 T_0.7, 5;
    %load/vec4 v0x7f7b6dc14eb0_0;
    %pad/u 32;
    %pushi/vec4 2, 0, 32;
    %div;
    %cmpi/u 320, 0, 32;
    %flag_get/vec4 5;
    %and;
T_0.7;
    %store/vec4 v0x7f7b6dc14dd0_0, 0, 1;
    %load/vec4 v0x7f7b6dc04b00_0;
    %pad/u 32;
    %pushi/vec4 2, 0, 32;
    %div;
    %pad/u 11;
    %store/vec4 v0x7f7b6dc14c60_0, 0, 11;
    %load/vec4 v0x7f7b6dc14eb0_0;
    %pad/u 32;
    %pushi/vec4 2, 0, 32;
    %div;
    %pad/u 10;
    %store/vec4 v0x7f7b6dc14d20_0, 0, 10;
    %jmp T_0.4;
T_0.4 ;
    %pop/vec4 1;
    %jmp T_0;
    .thread T_0, $push;
# The file index is used to find the file name in the following table.
:file_names 4;
    "N/A";
    "<interactive>";
    "-";
    "hdl/scale.sv";
