#! /c/Source/iverilog-install/bin/vvp
:ivl_version "12.0 (devel)" "(s20150603-1539-g2693dd32b)";
:ivl_delay_selection "TYPICAL";
:vpi_time_precision - 12;
:vpi_module "C:\iverilog\lib\ivl\system.vpi";
:vpi_module "C:\iverilog\lib\ivl\vhdl_sys.vpi";
:vpi_module "C:\iverilog\lib\ivl\vhdl_textio.vpi";
:vpi_module "C:\iverilog\lib\ivl\v2005_math.vpi";
:vpi_module "C:\iverilog\lib\ivl\va_math.vpi";
:vpi_module "C:\iverilog\lib\ivl\v2009.vpi";
S_0000025c3020da50 .scope package, "$unit" "$unit" 2 1;
 .timescale 0 0;
S_0000025c301ed890 .scope module, "uart_imu_new_tb" "uart_imu_new_tb" 3 4;
 .timescale -9 -12;
v0000025c302774c0_0 .var "clk", 0 0;
v0000025c30275a80 .array "data_sent", 0 4, 7 0;
v0000025c30275b20_0 .net "heading", 15 0, v0000025c302759e0_0;  1 drivers
v0000025c30276480_0 .var "rst", 0 0;
v0000025c30275c60_0 .var "rx", 0 0;
v0000025c30276520_0 .net "tx", 0 0, v0000025c30276f20_0;  1 drivers
S_0000025c301fcd60 .scope begin, "$ivl_for_loop0" "$ivl_for_loop0" 3 45, 3 45 0, S_0000025c301ed890;
 .timescale -9 -12;
v0000025c301c2990_0 .var/i "i", 31 0;
S_0000025c301eede0 .scope begin, "$ivl_for_loop1" "$ivl_for_loop1" 3 47, 3 47 0, S_0000025c301fcd60;
 .timescale -9 -12;
v0000025c301cb050_0 .var/i "j", 31 0;
S_0000025c3020cbf0 .scope begin, "$ivl_for_loop10" "$ivl_for_loop10" 3 113, 3 113 0, S_0000025c301ed890;
 .timescale -9 -12;
v0000025c301df3b0_0 .var/i "i", 31 0;
S_0000025c301df220 .scope begin, "$ivl_for_loop11" "$ivl_for_loop11" 3 116, 3 116 0, S_0000025c3020cbf0;
 .timescale -9 -12;
v0000025c301ecb60_0 .var/i "j", 31 0;
S_0000025c3020bf10 .scope begin, "$ivl_for_loop12" "$ivl_for_loop12" 3 126, 3 126 0, S_0000025c301ed890;
 .timescale -9 -12;
v0000025c301c3a40_0 .var/i "i", 31 0;
S_0000025c301ee4f0 .scope begin, "$ivl_for_loop13" "$ivl_for_loop13" 3 128, 3 128 0, S_0000025c3020bf10;
 .timescale -9 -12;
v0000025c3020c0a0_0 .var/i "j", 31 0;
S_0000025c3017ba10 .scope begin, "$ivl_for_loop14" "$ivl_for_loop14" 3 140, 3 140 0, S_0000025c301ed890;
 .timescale -9 -12;
v0000025c3017bd30_0 .var/i "i", 31 0;
S_0000025c3017bba0 .scope begin, "$ivl_for_loop15" "$ivl_for_loop15" 3 143, 3 143 0, S_0000025c3017ba10;
 .timescale -9 -12;
v0000025c301c3ae0_0 .var/i "j", 31 0;
S_0000025c30185360 .scope begin, "$ivl_for_loop16" "$ivl_for_loop16" 3 154, 3 154 0, S_0000025c301ed890;
 .timescale -9 -12;
v0000025c30185680_0 .var/i "i", 31 0;
S_0000025c301854f0 .scope begin, "$ivl_for_loop17" "$ivl_for_loop17" 3 156, 3 156 0, S_0000025c30185360;
 .timescale -9 -12;
v0000025c3017bdd0_0 .var/i "j", 31 0;
S_0000025c300114f0 .scope begin, "$ivl_for_loop18" "$ivl_for_loop18" 3 168, 3 168 0, S_0000025c301ed890;
 .timescale -9 -12;
v0000025c301ee680_0 .var/i "i", 31 0;
S_0000025c30011680 .scope begin, "$ivl_for_loop19" "$ivl_for_loop19" 3 171, 3 171 0, S_0000025c300114f0;
 .timescale -9 -12;
v0000025c30185720_0 .var/i "j", 31 0;
S_0000025c30011810 .scope begin, "$ivl_for_loop2" "$ivl_for_loop2" 3 59, 3 59 0, S_0000025c301ed890;
 .timescale -9 -12;
v0000025c30271d80_0 .var/i "i", 31 0;
S_0000025c302102d0 .scope begin, "$ivl_for_loop3" "$ivl_for_loop3" 3 62, 3 62 0, S_0000025c30011810;
 .timescale -9 -12;
v0000025c302717e0_0 .var/i "j", 31 0;
S_0000025c30272d30 .scope begin, "$ivl_for_loop20" "$ivl_for_loop20" 3 181, 3 181 0, S_0000025c301ed890;
 .timescale -9 -12;
v0000025c30271240_0 .var/i "i", 31 0;
S_0000025c30272a10 .scope begin, "$ivl_for_loop21" "$ivl_for_loop21" 3 183, 3 183 0, S_0000025c30272d30;
 .timescale -9 -12;
v0000025c302714c0_0 .var/i "j", 31 0;
S_0000025c30273690 .scope begin, "$ivl_for_loop22" "$ivl_for_loop22" 3 195, 3 195 0, S_0000025c301ed890;
 .timescale -9 -12;
v0000025c30271ec0_0 .var/i "i", 31 0;
S_0000025c30273050 .scope begin, "$ivl_for_loop23" "$ivl_for_loop23" 3 198, 3 198 0, S_0000025c30273690;
 .timescale -9 -12;
v0000025c30271e20_0 .var/i "j", 31 0;
S_0000025c30272880 .scope begin, "$ivl_for_loop24" "$ivl_for_loop24" 3 210, 3 210 0, S_0000025c301ed890;
 .timescale -9 -12;
v0000025c30271420_0 .var/i "i", 31 0;
S_0000025c30272ec0 .scope begin, "$ivl_for_loop25" "$ivl_for_loop25" 3 212, 3 212 0, S_0000025c30272880;
 .timescale -9 -12;
v0000025c302719c0_0 .var/i "j", 31 0;
S_0000025c30272ba0 .scope begin, "$ivl_for_loop26" "$ivl_for_loop26" 3 224, 3 224 0, S_0000025c301ed890;
 .timescale -9 -12;
v0000025c30271880_0 .var/i "i", 31 0;
S_0000025c302731e0 .scope begin, "$ivl_for_loop27" "$ivl_for_loop27" 3 227, 3 227 0, S_0000025c30272ba0;
 .timescale -9 -12;
v0000025c30271f60_0 .var/i "j", 31 0;
S_0000025c30273370 .scope begin, "$ivl_for_loop28" "$ivl_for_loop28" 3 238, 3 238 0, S_0000025c301ed890;
 .timescale -9 -12;
v0000025c30271a60_0 .var/i "i", 31 0;
S_0000025c30273500 .scope begin, "$ivl_for_loop29" "$ivl_for_loop29" 3 240, 3 240 0, S_0000025c30273370;
 .timescale -9 -12;
v0000025c30271560_0 .var/i "j", 31 0;
S_0000025c30274e70 .scope begin, "$ivl_for_loop30" "$ivl_for_loop30" 3 252, 3 252 0, S_0000025c301ed890;
 .timescale -9 -12;
v0000025c30271600_0 .var/i "i", 31 0;
S_0000025c30275320 .scope begin, "$ivl_for_loop31" "$ivl_for_loop31" 3 255, 3 255 0, S_0000025c30274e70;
 .timescale -9 -12;
v0000025c30271ce0_0 .var/i "j", 31 0;
S_0000025c30274ce0 .scope begin, "$ivl_for_loop32" "$ivl_for_loop32" 3 265, 3 265 0, S_0000025c301ed890;
 .timescale -9 -12;
v0000025c30271060_0 .var/i "i", 31 0;
S_0000025c302746a0 .scope begin, "$ivl_for_loop33" "$ivl_for_loop33" 3 267, 3 267 0, S_0000025c30274ce0;
 .timescale -9 -12;
v0000025c30271b00_0 .var/i "j", 31 0;
S_0000025c30273bb0 .scope begin, "$ivl_for_loop34" "$ivl_for_loop34" 3 279, 3 279 0, S_0000025c301ed890;
 .timescale -9 -12;
v0000025c302711a0_0 .var/i "i", 31 0;
S_0000025c302749c0 .scope begin, "$ivl_for_loop35" "$ivl_for_loop35" 3 282, 3 282 0, S_0000025c30273bb0;
 .timescale -9 -12;
v0000025c30271100_0 .var/i "j", 31 0;
S_0000025c302754b0 .scope begin, "$ivl_for_loop36" "$ivl_for_loop36" 3 292, 3 292 0, S_0000025c301ed890;
 .timescale -9 -12;
v0000025c302712e0_0 .var/i "i", 31 0;
S_0000025c30274b50 .scope begin, "$ivl_for_loop37" "$ivl_for_loop37" 3 294, 3 294 0, S_0000025c302754b0;
 .timescale -9 -12;
v0000025c30271920_0 .var/i "j", 31 0;
S_0000025c30274830 .scope begin, "$ivl_for_loop38" "$ivl_for_loop38" 3 306, 3 306 0, S_0000025c301ed890;
 .timescale -9 -12;
v0000025c302716a0_0 .var/i "i", 31 0;
S_0000025c30275000 .scope begin, "$ivl_for_loop39" "$ivl_for_loop39" 3 309, 3 309 0, S_0000025c30274830;
 .timescale -9 -12;
v0000025c30271380_0 .var/i "j", 31 0;
S_0000025c30273a20 .scope begin, "$ivl_for_loop4" "$ivl_for_loop4" 3 72, 3 72 0, S_0000025c301ed890;
 .timescale -9 -12;
v0000025c30271740_0 .var/i "i", 31 0;
S_0000025c30275190 .scope begin, "$ivl_for_loop5" "$ivl_for_loop5" 3 74, 3 74 0, S_0000025c30273a20;
 .timescale -9 -12;
v0000025c30271ba0_0 .var/i "j", 31 0;
S_0000025c30273d40 .scope begin, "$ivl_for_loop6" "$ivl_for_loop6" 3 85, 3 85 0, S_0000025c301ed890;
 .timescale -9 -12;
v0000025c302760c0_0 .var/i "i", 31 0;
S_0000025c30273ed0 .scope begin, "$ivl_for_loop7" "$ivl_for_loop7" 3 88, 3 88 0, S_0000025c30273d40;
 .timescale -9 -12;
v0000025c30271c40_0 .var/i "j", 31 0;
S_0000025c302741f0 .scope begin, "$ivl_for_loop8" "$ivl_for_loop8" 3 99, 3 99 0, S_0000025c301ed890;
 .timescale -9 -12;
v0000025c30275ee0_0 .var/i "i", 31 0;
S_0000025c30275640 .scope begin, "$ivl_for_loop9" "$ivl_for_loop9" 3 101, 3 101 0, S_0000025c302741f0;
 .timescale -9 -12;
v0000025c30276840_0 .var/i "j", 31 0;
S_0000025c30273890 .scope module, "uut" "uart_imu_new" 3 12, 4 5 0, S_0000025c301ed890;
 .timescale -9 -12;
    .port_info 0 /INPUT 1 "clk";
    .port_info 1 /INPUT 1 "rst";
    .port_info 2 /INPUT 1 "rx";
    .port_info 3 /OUTPUT 1 "tx";
    .port_info 4 /OUTPUT 16 "heading";
enum0000025c30191d50 .enum4 (5)
   "BOOT" 5'b00000,
   "SET_OPR_MODE" 5'b00001,
   "OPR_MODE_RESPONSE" 5'b00010,
   "READ_CALI" 5'b00011,
   "CALI_STATE_RESPONSE" 5'b00100,
   "READ_DIRECTION_MSB" 5'b00101,
   "DIRECTION_RESPONSE_MSB" 5'b00110,
   "READ_DIRECTION_LSB" 5'b00111,
   "DIRECTION_RESPONSE_LSB" 5'b01000,
   "POST_HEADING" 5'b01001
 ;
v0000025c30277420_0 .var "boot_counter", 22 0;
v0000025c302763e0_0 .net "clk", 0 0, v0000025c302774c0_0;  1 drivers
v0000025c30276980 .array "command", 0 4, 7 0;
v0000025c30275f80_0 .var "command_index", 3 0;
v0000025c302759e0_0 .var "heading", 15 0;
v0000025c302762a0_0 .var "heading_current", 15 0;
v0000025c30276340 .array "response", 0 4, 7 0;
v0000025c30276a20_0 .var "response_index", 0 0;
v0000025c30277100_0 .net "rst", 0 0, v0000025c30276480_0;  1 drivers
v0000025c30276fc0_0 .net "rx", 0 0, v0000025c30275c60_0;  1 drivers
v0000025c30277060_0 .net "rx_data", 7 0, v0000025c30276b60_0;  1 drivers
v0000025c30276ac0_0 .net "rx_valid", 0 0, v0000025c302767a0_0;  1 drivers
v0000025c30275bc0_0 .var "state", 4 0;
v0000025c30277560_0 .net "tx", 0 0, v0000025c30276f20_0;  alias, 1 drivers
v0000025c30277240_0 .var "tx_data", 7 0;
v0000025c30276e80_0 .net "tx_done", 0 0, v0000025c302758a0_0;  1 drivers
v0000025c30276de0_0 .var "tx_start", 0 0;
S_0000025c30274060 .scope module, "uart_receiver" "uart_rx" 4 16, 5 7 0, S_0000025c30273890;
 .timescale -9 -12;
    .port_info 0 /INPUT 1 "clk";
    .port_info 1 /INPUT 1 "rx";
    .port_info 2 /OUTPUT 8 "data_o";
    .port_info 3 /OUTPUT 1 "valid_o";
P_0000025c30210570 .param/l "BIT_ZERO" 1 5 15, +C4<00000000000000000000000000000001>;
P_0000025c302105a8 .param/l "CLOCKS_PER_BAUD" 0 5 13, +C4<00000000000000000000001101100100>;
P_0000025c302105e0 .param/l "IDLE" 1 5 14, +C4<00000000000000000000000000000000>;
P_0000025c30210618 .param/l "STOP_BIT" 1 5 16, +C4<00000000000000000000000000001001>;
v0000025c302772e0_0 .net *"_ivl_0", 31 0, L_0000025c30275d00;  1 drivers
L_0000025c30277868 .functor BUFT 1, C4<0000000000000000>, C4<0>, C4<0>, C4<0>;
v0000025c30277600_0 .net *"_ivl_3", 15 0, L_0000025c30277868;  1 drivers
L_0000025c302778b0 .functor BUFT 1, C4<00000000000000000000000000000000>, C4<0>, C4<0>, C4<0>;
v0000025c30277740_0 .net/2u *"_ivl_4", 31 0, L_0000025c302778b0;  1 drivers
v0000025c302776a0_0 .var "baud_counter", 15 0;
v0000025c30276660_0 .var "ck_uart", 0 0;
v0000025c30276160_0 .net "clk", 0 0, v0000025c302774c0_0;  alias, 1 drivers
v0000025c30276b60_0 .var "data_o", 7 0;
v0000025c30276c00_0 .var "q_uart", 0 0;
v0000025c30275940_0 .net "rx", 0 0, v0000025c30275c60_0;  alias, 1 drivers
v0000025c30276700_0 .var "state", 3 0;
v0000025c302767a0_0 .var "valid_o", 0 0;
v0000025c30276ca0_0 .net "zero_baud_counter", 0 0, L_0000025c30275da0;  1 drivers
E_0000025c301f9930 .event posedge, v0000025c30276160_0;
L_0000025c30275d00 .concat [ 16 16 0 0], v0000025c302776a0_0, L_0000025c30277868;
L_0000025c30275da0 .cmp/eq 32, L_0000025c30275d00, L_0000025c302778b0;
S_0000025c30274380 .scope module, "uart_transmitter" "uart_tx" 4 25, 6 4 0, S_0000025c30273890;
 .timescale -9 -12;
    .port_info 0 /INPUT 1 "clk";
    .port_info 1 /INPUT 8 "data_i";
    .port_info 2 /INPUT 1 "start_i";
    .port_info 3 /OUTPUT 1 "done_o";
    .port_info 4 /OUTPUT 1 "tx";
P_0000025c301f99f0 .param/l "CLOCKS_PER_BAUD" 0 6 12, +C4<00000000000000000000001101100100>;
v0000025c302771a0_0 .var "baud_counter", 9 0;
v0000025c30276200_0 .var "bit_index", 3 0;
v0000025c30276d40_0 .var "buffer", 8 0;
v0000025c30277380_0 .net "clk", 0 0, v0000025c302774c0_0;  alias, 1 drivers
v0000025c302768e0_0 .net "data_i", 7 0, v0000025c30277240_0;  1 drivers
v0000025c302758a0_0 .var "done_o", 0 0;
v0000025c30276020_0 .net "start_i", 0 0, v0000025c30276de0_0;  1 drivers
v0000025c30276f20_0 .var "tx", 0 0;
    .scope S_0000025c30274060;
T_0 ;
    %pushi/vec4 0, 0, 4;
    %store/vec4 v0000025c30276700_0, 0, 4;
    %pushi/vec4 0, 0, 16;
    %store/vec4 v0000025c302776a0_0, 0, 16;
    %pushi/vec4 1, 0, 1;
    %store/vec4 v0000025c30276660_0, 0, 1;
    %pushi/vec4 1, 0, 1;
    %store/vec4 v0000025c30276c00_0, 0, 1;
    %end;
    .thread T_0, $init;
    .scope S_0000025c30274060;
T_1 ;
    %wait E_0000025c301f9930;
    %load/vec4 v0000025c30276c00_0;
    %load/vec4 v0000025c30275940_0;
    %concat/vec4; draw_concat_vec4
    %split/vec4 1;
    %assign/vec4 v0000025c30276c00_0, 0;
    %assign/vec4 v0000025c30276660_0, 0;
    %jmp T_1;
    .thread T_1;
    .scope S_0000025c30274060;
T_2 ;
    %wait E_0000025c301f9930;
    %load/vec4 v0000025c30276700_0;
    %pad/u 32;
    %cmpi/e 0, 0, 32;
    %jmp/0xz  T_2.0, 4;
    %pushi/vec4 0, 0, 4;
    %assign/vec4 v0000025c30276700_0, 0;
    %pushi/vec4 0, 0, 16;
    %assign/vec4 v0000025c302776a0_0, 0;
    %load/vec4 v0000025c30276660_0;
    %nor/r;
    %flag_set/vec4 8;
    %jmp/0xz  T_2.2, 8;
    %pushi/vec4 1, 0, 4;
    %assign/vec4 v0000025c30276700_0, 0;
    %pushi/vec4 1301, 0, 16;
    %assign/vec4 v0000025c302776a0_0, 0;
T_2.2 ;
    %jmp T_2.1;
T_2.0 ;
    %load/vec4 v0000025c30276ca0_0;
    %flag_set/vec4 8;
    %jmp/0xz  T_2.4, 8;
    %load/vec4 v0000025c30276700_0;
    %addi 1, 0, 4;
    %assign/vec4 v0000025c30276700_0, 0;
    %pushi/vec4 867, 0, 16;
    %assign/vec4 v0000025c302776a0_0, 0;
    %load/vec4 v0000025c30276700_0;
    %pad/u 32;
    %cmpi/e 9, 0, 32;
    %jmp/0xz  T_2.6, 4;
    %pushi/vec4 0, 0, 4;
    %assign/vec4 v0000025c30276700_0, 0;
    %pushi/vec4 0, 0, 16;
    %assign/vec4 v0000025c302776a0_0, 0;
T_2.6 ;
    %jmp T_2.5;
T_2.4 ;
    %load/vec4 v0000025c302776a0_0;
    %subi 1, 0, 16;
    %assign/vec4 v0000025c302776a0_0, 0;
T_2.5 ;
T_2.1 ;
    %jmp T_2;
    .thread T_2;
    .scope S_0000025c30274060;
T_3 ;
    %wait E_0000025c301f9930;
    %load/vec4 v0000025c30276ca0_0;
    %flag_set/vec4 9;
    %flag_get/vec4 9;
    %jmp/0 T_3.2, 9;
    %load/vec4 v0000025c30276700_0;
    %pad/u 32;
    %pushi/vec4 9, 0, 32;
    %cmp/ne;
    %flag_get/vec4 4;
    %and;
T_3.2;
    %flag_set/vec4 8;
    %jmp/0xz  T_3.0, 8;
    %load/vec4 v0000025c30276660_0;
    %load/vec4 v0000025c30276b60_0;
    %parti/s 7, 1, 2;
    %concat/vec4; draw_concat_vec4
    %assign/vec4 v0000025c30276b60_0, 0;
T_3.0 ;
    %jmp T_3;
    .thread T_3;
    .scope S_0000025c30274060;
T_4 ;
    %pushi/vec4 0, 0, 1;
    %store/vec4 v0000025c302767a0_0, 0, 1;
    %end;
    .thread T_4;
    .scope S_0000025c30274060;
T_5 ;
    %wait E_0000025c301f9930;
    %load/vec4 v0000025c30276ca0_0;
    %flag_set/vec4 8;
    %flag_get/vec4 8;
    %jmp/0 T_5.0, 8;
    %load/vec4 v0000025c30276700_0;
    %pad/u 32;
    %pushi/vec4 9, 0, 32;
    %cmp/e;
    %flag_get/vec4 4;
    %and;
T_5.0;
    %assign/vec4 v0000025c302767a0_0, 0;
    %jmp T_5;
    .thread T_5;
    .scope S_0000025c30274380;
T_6 ;
    %pushi/vec4 0, 0, 10;
    %store/vec4 v0000025c302771a0_0, 0, 10;
    %pushi/vec4 0, 0, 9;
    %store/vec4 v0000025c30276d40_0, 0, 9;
    %pushi/vec4 0, 0, 4;
    %store/vec4 v0000025c30276200_0, 0, 4;
    %end;
    .thread T_6, $init;
    .scope S_0000025c30274380;
T_7 ;
    %pushi/vec4 1, 0, 1;
    %store/vec4 v0000025c302758a0_0, 0, 1;
    %end;
    .thread T_7;
    .scope S_0000025c30274380;
T_8 ;
    %pushi/vec4 1, 0, 1;
    %store/vec4 v0000025c30276f20_0, 0, 1;
    %end;
    .thread T_8;
    .scope S_0000025c30274380;
T_9 ;
    %wait E_0000025c301f9930;
    %load/vec4 v0000025c30276020_0;
    %flag_set/vec4 9;
    %flag_get/vec4 9;
    %jmp/0 T_9.2, 9;
    %load/vec4 v0000025c302758a0_0;
    %and;
T_9.2;
    %flag_set/vec4 8;
    %jmp/0xz  T_9.0, 8;
    %pushi/vec4 867, 0, 10;
    %assign/vec4 v0000025c302771a0_0, 0;
    %pushi/vec4 1, 0, 1;
    %load/vec4 v0000025c302768e0_0;
    %concat/vec4; draw_concat_vec4
    %assign/vec4 v0000025c30276d40_0, 0;
    %pushi/vec4 0, 0, 4;
    %assign/vec4 v0000025c30276200_0, 0;
    %pushi/vec4 0, 0, 1;
    %assign/vec4 v0000025c302758a0_0, 0;
    %pushi/vec4 0, 0, 1;
    %assign/vec4 v0000025c30276f20_0, 0;
    %jmp T_9.1;
T_9.0 ;
    %load/vec4 v0000025c302758a0_0;
    %nor/r;
    %flag_set/vec4 8;
    %jmp/0xz  T_9.3, 8;
    %load/vec4 v0000025c302771a0_0;
    %subi 1, 0, 10;
    %assign/vec4 v0000025c302771a0_0, 0;
    %load/vec4 v0000025c302771a0_0;
    %pad/u 32;
    %cmpi/e 1, 0, 32;
    %flag_get/vec4 4;
    %jmp/0 T_9.5, 4;
    %load/vec4 v0000025c30276200_0;
    %pad/u 32;
    %pushi/vec4 9, 0, 32;
    %cmp/e;
    %flag_get/vec4 4;
    %and;
T_9.5;
    %assign/vec4 v0000025c302758a0_0, 0;
    %load/vec4 v0000025c302771a0_0;
    %pad/u 32;
    %cmpi/e 0, 0, 32;
    %jmp/0xz  T_9.6, 4;
    %pushi/vec4 867, 0, 10;
    %assign/vec4 v0000025c302771a0_0, 0;
    %load/vec4 v0000025c30276200_0;
    %pad/u 32;
    %cmpi/u 9, 0, 32;
    %jmp/0xz  T_9.8, 5;
    %load/vec4 v0000025c30276d40_0;
    %load/vec4 v0000025c30276200_0;
    %part/u 1;
    %assign/vec4 v0000025c30276f20_0, 0;
    %load/vec4 v0000025c30276200_0;
    %addi 1, 0, 4;
    %assign/vec4 v0000025c30276200_0, 0;
    %jmp T_9.9;
T_9.8 ;
    %load/vec4 v0000025c30276020_0;
    %flag_set/vec4 8;
    %jmp/0xz  T_9.10, 8;
    %pushi/vec4 1, 0, 1;
    %load/vec4 v0000025c302768e0_0;
    %concat/vec4; draw_concat_vec4
    %assign/vec4 v0000025c30276d40_0, 0;
    %pushi/vec4 0, 0, 4;
    %assign/vec4 v0000025c30276200_0, 0;
    %pushi/vec4 0, 0, 1;
    %assign/vec4 v0000025c30276f20_0, 0;
    %jmp T_9.11;
T_9.10 ;
    %pushi/vec4 1, 0, 1;
    %assign/vec4 v0000025c302758a0_0, 0;
T_9.11 ;
T_9.9 ;
T_9.6 ;
T_9.3 ;
T_9.1 ;
    %jmp T_9;
    .thread T_9;
    .scope S_0000025c30273890;
T_10 ;
    %pushi/vec4 0, 0, 5;
    %store/vec4 v0000025c30275bc0_0, 0, 5;
    %pushi/vec4 0, 0, 4;
    %store/vec4 v0000025c30275f80_0, 0, 4;
    %pushi/vec4 0, 0, 1;
    %store/vec4 v0000025c30276a20_0, 0, 1;
    %pushi/vec4 0, 0, 23;
    %store/vec4 v0000025c30277420_0, 0, 23;
    %pushi/vec4 0, 0, 16;
    %store/vec4 v0000025c302762a0_0, 0, 16;
    %end;
    .thread T_10, $init;
    .scope S_0000025c30273890;
T_11 ;
    %wait E_0000025c301f9930;
    %load/vec4 v0000025c30277100_0;
    %flag_set/vec4 8;
    %jmp/0xz  T_11.0, 8;
    %pushi/vec4 0, 0, 5;
    %assign/vec4 v0000025c30275bc0_0, 0;
    %pushi/vec4 0, 0, 4;
    %assign/vec4 v0000025c30275f80_0, 0;
    %pushi/vec4 0, 0, 1;
    %assign/vec4 v0000025c30276a20_0, 0;
    %pushi/vec4 0, 0, 8;
    %assign/vec4 v0000025c30277240_0, 0;
    %pushi/vec4 0, 0, 1;
    %assign/vec4 v0000025c30276de0_0, 0;
    %pushi/vec4 0, 0, 23;
    %assign/vec4 v0000025c30277420_0, 0;
    %pushi/vec4 0, 0, 16;
    %assign/vec4 v0000025c302762a0_0, 0;
    %pushi/vec4 0, 0, 16;
    %assign/vec4 v0000025c302759e0_0, 0;
    %pushi/vec4 170, 0, 8;
    %ix/load 3, 0, 0;
    %flag_set/imm 4, 0;
    %ix/load 4, 0, 0; Constant delay
    %assign/vec4/a/d v0000025c30276980, 0, 4;
    %pushi/vec4 0, 0, 8;
    %ix/load 3, 1, 0;
    %flag_set/imm 4, 0;
    %ix/load 4, 0, 0; Constant delay
    %assign/vec4/a/d v0000025c30276980, 0, 4;
    %pushi/vec4 61, 0, 8;
    %ix/load 3, 2, 0;
    %flag_set/imm 4, 0;
    %ix/load 4, 0, 0; Constant delay
    %assign/vec4/a/d v0000025c30276980, 0, 4;
    %pushi/vec4 1, 0, 8;
    %ix/load 3, 3, 0;
    %flag_set/imm 4, 0;
    %ix/load 4, 0, 0; Constant delay
    %assign/vec4/a/d v0000025c30276980, 0, 4;
    %pushi/vec4 12, 0, 8;
    %ix/load 3, 4, 0;
    %flag_set/imm 4, 0;
    %ix/load 4, 0, 0; Constant delay
    %assign/vec4/a/d v0000025c30276980, 0, 4;
    %pushi/vec4 0, 0, 8;
    %ix/load 3, 0, 0;
    %flag_set/imm 4, 0;
    %ix/load 4, 0, 0; Constant delay
    %assign/vec4/a/d v0000025c30276340, 0, 4;
    %pushi/vec4 0, 0, 8;
    %ix/load 3, 1, 0;
    %flag_set/imm 4, 0;
    %ix/load 4, 0, 0; Constant delay
    %assign/vec4/a/d v0000025c30276340, 0, 4;
    %pushi/vec4 0, 0, 8;
    %ix/load 3, 2, 0;
    %flag_set/imm 4, 0;
    %ix/load 4, 0, 0; Constant delay
    %assign/vec4/a/d v0000025c30276340, 0, 4;
    %pushi/vec4 0, 0, 8;
    %ix/load 3, 3, 0;
    %flag_set/imm 4, 0;
    %ix/load 4, 0, 0; Constant delay
    %assign/vec4/a/d v0000025c30276340, 0, 4;
    %pushi/vec4 0, 0, 8;
    %ix/load 3, 4, 0;
    %flag_set/imm 4, 0;
    %ix/load 4, 0, 0; Constant delay
    %assign/vec4/a/d v0000025c30276340, 0, 4;
    %jmp T_11.1;
T_11.0 ;
    %load/vec4 v0000025c30275bc0_0;
    %dup/vec4;
    %pushi/vec4 0, 0, 5;
    %cmp/u;
    %jmp/1 T_11.2, 6;
    %dup/vec4;
    %pushi/vec4 1, 0, 5;
    %cmp/u;
    %jmp/1 T_11.3, 6;
    %dup/vec4;
    %pushi/vec4 2, 0, 5;
    %cmp/u;
    %jmp/1 T_11.4, 6;
    %dup/vec4;
    %pushi/vec4 3, 0, 5;
    %cmp/u;
    %jmp/1 T_11.5, 6;
    %dup/vec4;
    %pushi/vec4 4, 0, 5;
    %cmp/u;
    %jmp/1 T_11.6, 6;
    %dup/vec4;
    %pushi/vec4 5, 0, 5;
    %cmp/u;
    %jmp/1 T_11.7, 6;
    %dup/vec4;
    %pushi/vec4 6, 0, 5;
    %cmp/u;
    %jmp/1 T_11.8, 6;
    %dup/vec4;
    %pushi/vec4 7, 0, 5;
    %cmp/u;
    %jmp/1 T_11.9, 6;
    %dup/vec4;
    %pushi/vec4 8, 0, 5;
    %cmp/u;
    %jmp/1 T_11.10, 6;
    %dup/vec4;
    %pushi/vec4 9, 0, 5;
    %cmp/u;
    %jmp/1 T_11.11, 6;
    %jmp T_11.12;
T_11.2 ;
    %load/vec4 v0000025c30277420_0;
    %pad/u 32;
    %cmpi/u 100000, 0, 32;
    %jmp/0xz  T_11.13, 5;
    %load/vec4 v0000025c30277420_0;
    %addi 1, 0, 23;
    %assign/vec4 v0000025c30277420_0, 0;
    %jmp T_11.14;
T_11.13 ;
    %pushi/vec4 1, 0, 5;
    %assign/vec4 v0000025c30275bc0_0, 0;
    %pushi/vec4 0, 0, 23;
    %assign/vec4 v0000025c30277420_0, 0;
    %pushi/vec4 170, 0, 8;
    %ix/load 3, 0, 0;
    %flag_set/imm 4, 0;
    %ix/load 4, 0, 0; Constant delay
    %assign/vec4/a/d v0000025c30276980, 0, 4;
    %pushi/vec4 0, 0, 8;
    %ix/load 3, 1, 0;
    %flag_set/imm 4, 0;
    %ix/load 4, 0, 0; Constant delay
    %assign/vec4/a/d v0000025c30276980, 0, 4;
    %pushi/vec4 61, 0, 8;
    %ix/load 3, 2, 0;
    %flag_set/imm 4, 0;
    %ix/load 4, 0, 0; Constant delay
    %assign/vec4/a/d v0000025c30276980, 0, 4;
    %pushi/vec4 1, 0, 8;
    %ix/load 3, 3, 0;
    %flag_set/imm 4, 0;
    %ix/load 4, 0, 0; Constant delay
    %assign/vec4/a/d v0000025c30276980, 0, 4;
    %pushi/vec4 12, 0, 8;
    %ix/load 3, 4, 0;
    %flag_set/imm 4, 0;
    %ix/load 4, 0, 0; Constant delay
    %assign/vec4/a/d v0000025c30276980, 0, 4;
T_11.14 ;
    %jmp T_11.12;
T_11.3 ;
    %load/vec4 v0000025c30276de0_0;
    %nor/r;
    %flag_set/vec4 9;
    %flag_get/vec4 9;
    %jmp/0 T_11.17, 9;
    %load/vec4 v0000025c30275f80_0;
    %pad/u 32;
    %cmpi/u 5, 0, 32;
    %flag_get/vec4 5;
    %and;
T_11.17;
    %flag_set/vec4 8;
    %jmp/0xz  T_11.15, 8;
    %ix/getv 4, v0000025c30275f80_0;
    %load/vec4a v0000025c30276980, 4;
    %assign/vec4 v0000025c30277240_0, 0;
    %pushi/vec4 1, 0, 1;
    %assign/vec4 v0000025c30276de0_0, 0;
    %jmp T_11.16;
T_11.15 ;
    %load/vec4 v0000025c30276e80_0;
    %pad/u 32;
    %cmpi/e 1, 0, 32;
    %jmp/0xz  T_11.18, 4;
    %pushi/vec4 0, 0, 1;
    %assign/vec4 v0000025c30276de0_0, 0;
    %load/vec4 v0000025c30275f80_0;
    %addi 1, 0, 4;
    %assign/vec4 v0000025c30275f80_0, 0;
    %load/vec4 v0000025c30275f80_0;
    %pad/u 32;
    %cmpi/e 5, 0, 32;
    %jmp/0xz  T_11.20, 4;
    %pushi/vec4 2, 0, 5;
    %assign/vec4 v0000025c30275bc0_0, 0;
    %pushi/vec4 0, 0, 1;
    %assign/vec4 v0000025c30276a20_0, 0;
    %pushi/vec4 0, 0, 8;
    %ix/load 3, 0, 0;
    %flag_set/imm 4, 0;
    %ix/load 4, 0, 0; Constant delay
    %assign/vec4/a/d v0000025c30276340, 0, 4;
    %pushi/vec4 0, 0, 8;
    %ix/load 3, 1, 0;
    %flag_set/imm 4, 0;
    %ix/load 4, 0, 0; Constant delay
    %assign/vec4/a/d v0000025c30276340, 0, 4;
    %pushi/vec4 0, 0, 8;
    %ix/load 3, 2, 0;
    %flag_set/imm 4, 0;
    %ix/load 4, 0, 0; Constant delay
    %assign/vec4/a/d v0000025c30276340, 0, 4;
    %pushi/vec4 0, 0, 8;
    %ix/load 3, 3, 0;
    %flag_set/imm 4, 0;
    %ix/load 4, 0, 0; Constant delay
    %assign/vec4/a/d v0000025c30276340, 0, 4;
    %pushi/vec4 0, 0, 8;
    %ix/load 3, 4, 0;
    %flag_set/imm 4, 0;
    %ix/load 4, 0, 0; Constant delay
    %assign/vec4/a/d v0000025c30276340, 0, 4;
T_11.20 ;
T_11.18 ;
T_11.16 ;
    %jmp T_11.12;
T_11.4 ;
    %load/vec4 v0000025c30276ac0_0;
    %flag_set/vec4 8;
    %jmp/0xz  T_11.22, 8;
    %load/vec4 v0000025c30277060_0;
    %load/vec4 v0000025c30276a20_0;
    %pad/u 4;
    %ix/vec4 3;
    %ix/load 4, 0, 0; Constant delay
    %assign/vec4/a/d v0000025c30276340, 0, 4;
    %load/vec4 v0000025c30276a20_0;
    %pad/u 2;
    %addi 1, 0, 2;
    %pad/u 1;
    %assign/vec4 v0000025c30276a20_0, 0;
    %load/vec4 v0000025c30276a20_0;
    %pad/u 32;
    %cmpi/e 1, 0, 32;
    %jmp/0xz  T_11.24, 4;
    %ix/load 4, 0, 0;
    %flag_set/imm 4, 0;
    %load/vec4a v0000025c30276340, 4;
    %cmpi/e 238, 0, 8;
    %flag_get/vec4 4;
    %jmp/0 T_11.28, 4;
    %load/vec4 v0000025c30277060_0;
    %pushi/vec4 1, 0, 8;
    %cmp/e;
    %flag_get/vec4 4;
    %and;
T_11.28;
    %flag_set/vec4 8;
    %jmp/0xz  T_11.26, 8;
    %pushi/vec4 0, 0, 4;
    %assign/vec4 v0000025c30275f80_0, 0;
    %pushi/vec4 3, 0, 5;
    %assign/vec4 v0000025c30275bc0_0, 0;
    %pushi/vec4 170, 0, 8;
    %ix/load 3, 0, 0;
    %flag_set/imm 4, 0;
    %ix/load 4, 0, 0; Constant delay
    %assign/vec4/a/d v0000025c30276980, 0, 4;
    %pushi/vec4 1, 0, 8;
    %ix/load 3, 1, 0;
    %flag_set/imm 4, 0;
    %ix/load 4, 0, 0; Constant delay
    %assign/vec4/a/d v0000025c30276980, 0, 4;
    %pushi/vec4 53, 0, 8;
    %ix/load 3, 2, 0;
    %flag_set/imm 4, 0;
    %ix/load 4, 0, 0; Constant delay
    %assign/vec4/a/d v0000025c30276980, 0, 4;
    %pushi/vec4 8, 0, 8;
    %ix/load 3, 3, 0;
    %flag_set/imm 4, 0;
    %ix/load 4, 0, 0; Constant delay
    %assign/vec4/a/d v0000025c30276980, 0, 4;
    %pushi/vec4 255, 0, 8;
    %ix/load 3, 4, 0;
    %flag_set/imm 4, 0;
    %ix/load 4, 0, 0; Constant delay
    %assign/vec4/a/d v0000025c30276980, 0, 4;
    %jmp T_11.27;
T_11.26 ;
    %pushi/vec4 0, 0, 4;
    %assign/vec4 v0000025c30275f80_0, 0;
    %pushi/vec4 1, 0, 5;
    %assign/vec4 v0000025c30275bc0_0, 0;
    %pushi/vec4 170, 0, 8;
    %ix/load 3, 0, 0;
    %flag_set/imm 4, 0;
    %ix/load 4, 0, 0; Constant delay
    %assign/vec4/a/d v0000025c30276980, 0, 4;
    %pushi/vec4 0, 0, 8;
    %ix/load 3, 1, 0;
    %flag_set/imm 4, 0;
    %ix/load 4, 0, 0; Constant delay
    %assign/vec4/a/d v0000025c30276980, 0, 4;
    %pushi/vec4 61, 0, 8;
    %ix/load 3, 2, 0;
    %flag_set/imm 4, 0;
    %ix/load 4, 0, 0; Constant delay
    %assign/vec4/a/d v0000025c30276980, 0, 4;
    %pushi/vec4 1, 0, 8;
    %ix/load 3, 3, 0;
    %flag_set/imm 4, 0;
    %ix/load 4, 0, 0; Constant delay
    %assign/vec4/a/d v0000025c30276980, 0, 4;
    %pushi/vec4 12, 0, 8;
    %ix/load 3, 4, 0;
    %flag_set/imm 4, 0;
    %ix/load 4, 0, 0; Constant delay
    %assign/vec4/a/d v0000025c30276980, 0, 4;
T_11.27 ;
    %pushi/vec4 0, 0, 1;
    %assign/vec4 v0000025c30276a20_0, 0;
T_11.24 ;
T_11.22 ;
    %jmp T_11.12;
T_11.5 ;
    %load/vec4 v0000025c30276de0_0;
    %nor/r;
    %flag_set/vec4 9;
    %flag_get/vec4 9;
    %jmp/0 T_11.31, 9;
    %load/vec4 v0000025c30275f80_0;
    %pad/u 32;
    %cmpi/u 4, 0, 32;
    %flag_get/vec4 5;
    %and;
T_11.31;
    %flag_set/vec4 8;
    %jmp/0xz  T_11.29, 8;
    %ix/getv 4, v0000025c30275f80_0;
    %load/vec4a v0000025c30276980, 4;
    %assign/vec4 v0000025c30277240_0, 0;
    %pushi/vec4 1, 0, 1;
    %assign/vec4 v0000025c30276de0_0, 0;
    %jmp T_11.30;
T_11.29 ;
    %load/vec4 v0000025c30276e80_0;
    %pad/u 32;
    %cmpi/e 1, 0, 32;
    %jmp/0xz  T_11.32, 4;
    %pushi/vec4 0, 0, 1;
    %assign/vec4 v0000025c30276de0_0, 0;
    %load/vec4 v0000025c30275f80_0;
    %addi 1, 0, 4;
    %assign/vec4 v0000025c30275f80_0, 0;
    %load/vec4 v0000025c30275f80_0;
    %pad/u 32;
    %cmpi/e 4, 0, 32;
    %jmp/0xz  T_11.34, 4;
    %pushi/vec4 4, 0, 5;
    %assign/vec4 v0000025c30275bc0_0, 0;
    %pushi/vec4 0, 0, 8;
    %ix/load 3, 0, 0;
    %flag_set/imm 4, 0;
    %ix/load 4, 0, 0; Constant delay
    %assign/vec4/a/d v0000025c30276340, 0, 4;
    %pushi/vec4 0, 0, 8;
    %ix/load 3, 1, 0;
    %flag_set/imm 4, 0;
    %ix/load 4, 0, 0; Constant delay
    %assign/vec4/a/d v0000025c30276340, 0, 4;
    %pushi/vec4 0, 0, 8;
    %ix/load 3, 2, 0;
    %flag_set/imm 4, 0;
    %ix/load 4, 0, 0; Constant delay
    %assign/vec4/a/d v0000025c30276340, 0, 4;
    %pushi/vec4 0, 0, 8;
    %ix/load 3, 3, 0;
    %flag_set/imm 4, 0;
    %ix/load 4, 0, 0; Constant delay
    %assign/vec4/a/d v0000025c30276340, 0, 4;
    %pushi/vec4 0, 0, 8;
    %ix/load 3, 4, 0;
    %flag_set/imm 4, 0;
    %ix/load 4, 0, 0; Constant delay
    %assign/vec4/a/d v0000025c30276340, 0, 4;
T_11.34 ;
T_11.32 ;
T_11.30 ;
    %jmp T_11.12;
T_11.6 ;
    %load/vec4 v0000025c30276ac0_0;
    %flag_set/vec4 8;
    %jmp/0xz  T_11.36, 8;
    %load/vec4 v0000025c30277060_0;
    %load/vec4 v0000025c30276a20_0;
    %pad/u 4;
    %ix/vec4 3;
    %ix/load 4, 0, 0; Constant delay
    %assign/vec4/a/d v0000025c30276340, 0, 4;
    %load/vec4 v0000025c30276a20_0;
    %pad/u 2;
    %addi 1, 0, 2;
    %pad/u 1;
    %assign/vec4 v0000025c30276a20_0, 0;
    %load/vec4 v0000025c30276a20_0;
    %pad/u 32;
    %cmpi/e 1, 0, 32;
    %jmp/0xz  T_11.38, 4;
    %ix/load 4, 0, 0;
    %flag_set/imm 4, 0;
    %load/vec4a v0000025c30276340, 4;
    %cmpi/e 187, 0, 8;
    %flag_get/vec4 4;
    %jmp/0 T_11.42, 4;
    %load/vec4 v0000025c30277060_0;
    %parti/s 2, 6, 4;
    %pushi/vec4 3, 0, 2;
    %cmp/e;
    %flag_get/vec4 4;
    %and;
T_11.42;
    %flag_set/vec4 8;
    %jmp/0xz  T_11.40, 8;
    %pushi/vec4 0, 0, 4;
    %assign/vec4 v0000025c30275f80_0, 0;
    %pushi/vec4 5, 0, 5;
    %assign/vec4 v0000025c30275bc0_0, 0;
    %pushi/vec4 170, 0, 8;
    %ix/load 3, 0, 0;
    %flag_set/imm 4, 0;
    %ix/load 4, 0, 0; Constant delay
    %assign/vec4/a/d v0000025c30276980, 0, 4;
    %pushi/vec4 1, 0, 8;
    %ix/load 3, 1, 0;
    %flag_set/imm 4, 0;
    %ix/load 4, 0, 0; Constant delay
    %assign/vec4/a/d v0000025c30276980, 0, 4;
    %pushi/vec4 27, 0, 8;
    %ix/load 3, 2, 0;
    %flag_set/imm 4, 0;
    %ix/load 4, 0, 0; Constant delay
    %assign/vec4/a/d v0000025c30276980, 0, 4;
    %pushi/vec4 8, 0, 8;
    %ix/load 3, 3, 0;
    %flag_set/imm 4, 0;
    %ix/load 4, 0, 0; Constant delay
    %assign/vec4/a/d v0000025c30276980, 0, 4;
    %pushi/vec4 255, 0, 8;
    %ix/load 3, 4, 0;
    %flag_set/imm 4, 0;
    %ix/load 4, 0, 0; Constant delay
    %assign/vec4/a/d v0000025c30276980, 0, 4;
    %jmp T_11.41;
T_11.40 ;
    %pushi/vec4 0, 0, 4;
    %assign/vec4 v0000025c30275f80_0, 0;
    %pushi/vec4 3, 0, 5;
    %assign/vec4 v0000025c30275bc0_0, 0;
    %pushi/vec4 170, 0, 8;
    %ix/load 3, 0, 0;
    %flag_set/imm 4, 0;
    %ix/load 4, 0, 0; Constant delay
    %assign/vec4/a/d v0000025c30276980, 0, 4;
    %pushi/vec4 1, 0, 8;
    %ix/load 3, 1, 0;
    %flag_set/imm 4, 0;
    %ix/load 4, 0, 0; Constant delay
    %assign/vec4/a/d v0000025c30276980, 0, 4;
    %pushi/vec4 53, 0, 8;
    %ix/load 3, 2, 0;
    %flag_set/imm 4, 0;
    %ix/load 4, 0, 0; Constant delay
    %assign/vec4/a/d v0000025c30276980, 0, 4;
    %pushi/vec4 8, 0, 8;
    %ix/load 3, 3, 0;
    %flag_set/imm 4, 0;
    %ix/load 4, 0, 0; Constant delay
    %assign/vec4/a/d v0000025c30276980, 0, 4;
    %pushi/vec4 255, 0, 8;
    %ix/load 3, 4, 0;
    %flag_set/imm 4, 0;
    %ix/load 4, 0, 0; Constant delay
    %assign/vec4/a/d v0000025c30276980, 0, 4;
T_11.41 ;
    %pushi/vec4 0, 0, 1;
    %assign/vec4 v0000025c30276a20_0, 0;
T_11.38 ;
T_11.36 ;
    %jmp T_11.12;
T_11.7 ;
    %load/vec4 v0000025c30276de0_0;
    %nor/r;
    %flag_set/vec4 9;
    %flag_get/vec4 9;
    %jmp/0 T_11.45, 9;
    %load/vec4 v0000025c30275f80_0;
    %pad/u 32;
    %cmpi/u 4, 0, 32;
    %flag_get/vec4 5;
    %and;
T_11.45;
    %flag_set/vec4 8;
    %jmp/0xz  T_11.43, 8;
    %ix/getv 4, v0000025c30275f80_0;
    %load/vec4a v0000025c30276980, 4;
    %assign/vec4 v0000025c30277240_0, 0;
    %pushi/vec4 1, 0, 1;
    %assign/vec4 v0000025c30276de0_0, 0;
    %jmp T_11.44;
T_11.43 ;
    %load/vec4 v0000025c30276e80_0;
    %pad/u 32;
    %cmpi/e 1, 0, 32;
    %jmp/0xz  T_11.46, 4;
    %pushi/vec4 0, 0, 1;
    %assign/vec4 v0000025c30276de0_0, 0;
    %load/vec4 v0000025c30275f80_0;
    %addi 1, 0, 4;
    %assign/vec4 v0000025c30275f80_0, 0;
    %load/vec4 v0000025c30275f80_0;
    %pad/u 32;
    %cmpi/e 4, 0, 32;
    %jmp/0xz  T_11.48, 4;
    %pushi/vec4 6, 0, 5;
    %assign/vec4 v0000025c30275bc0_0, 0;
    %pushi/vec4 0, 0, 8;
    %ix/load 3, 0, 0;
    %flag_set/imm 4, 0;
    %ix/load 4, 0, 0; Constant delay
    %assign/vec4/a/d v0000025c30276340, 0, 4;
    %pushi/vec4 0, 0, 8;
    %ix/load 3, 1, 0;
    %flag_set/imm 4, 0;
    %ix/load 4, 0, 0; Constant delay
    %assign/vec4/a/d v0000025c30276340, 0, 4;
    %pushi/vec4 0, 0, 8;
    %ix/load 3, 2, 0;
    %flag_set/imm 4, 0;
    %ix/load 4, 0, 0; Constant delay
    %assign/vec4/a/d v0000025c30276340, 0, 4;
    %pushi/vec4 0, 0, 8;
    %ix/load 3, 3, 0;
    %flag_set/imm 4, 0;
    %ix/load 4, 0, 0; Constant delay
    %assign/vec4/a/d v0000025c30276340, 0, 4;
    %pushi/vec4 0, 0, 8;
    %ix/load 3, 4, 0;
    %flag_set/imm 4, 0;
    %ix/load 4, 0, 0; Constant delay
    %assign/vec4/a/d v0000025c30276340, 0, 4;
T_11.48 ;
T_11.46 ;
T_11.44 ;
    %jmp T_11.12;
T_11.8 ;
    %load/vec4 v0000025c30276ac0_0;
    %flag_set/vec4 8;
    %jmp/0xz  T_11.50, 8;
    %load/vec4 v0000025c30277060_0;
    %load/vec4 v0000025c30276a20_0;
    %pad/u 4;
    %ix/vec4 3;
    %ix/load 4, 0, 0; Constant delay
    %assign/vec4/a/d v0000025c30276340, 0, 4;
    %load/vec4 v0000025c30276a20_0;
    %pad/u 2;
    %addi 1, 0, 2;
    %pad/u 1;
    %assign/vec4 v0000025c30276a20_0, 0;
    %load/vec4 v0000025c30276a20_0;
    %pad/u 32;
    %cmpi/e 1, 0, 32;
    %jmp/0xz  T_11.52, 4;
    %ix/load 4, 0, 0;
    %flag_set/imm 4, 0;
    %load/vec4a v0000025c30276340, 4;
    %cmpi/e 187, 0, 8;
    %jmp/0xz  T_11.54, 4;
    %load/vec4 v0000025c30277060_0;
    %concati/vec4 0, 0, 8;
    %assign/vec4 v0000025c302762a0_0, 0;
    %pushi/vec4 0, 0, 4;
    %assign/vec4 v0000025c30275f80_0, 0;
    %pushi/vec4 7, 0, 5;
    %assign/vec4 v0000025c30275bc0_0, 0;
    %pushi/vec4 170, 0, 8;
    %ix/load 3, 0, 0;
    %flag_set/imm 4, 0;
    %ix/load 4, 0, 0; Constant delay
    %assign/vec4/a/d v0000025c30276980, 0, 4;
    %pushi/vec4 1, 0, 8;
    %ix/load 3, 1, 0;
    %flag_set/imm 4, 0;
    %ix/load 4, 0, 0; Constant delay
    %assign/vec4/a/d v0000025c30276980, 0, 4;
    %pushi/vec4 26, 0, 8;
    %ix/load 3, 2, 0;
    %flag_set/imm 4, 0;
    %ix/load 4, 0, 0; Constant delay
    %assign/vec4/a/d v0000025c30276980, 0, 4;
    %pushi/vec4 8, 0, 8;
    %ix/load 3, 3, 0;
    %flag_set/imm 4, 0;
    %ix/load 4, 0, 0; Constant delay
    %assign/vec4/a/d v0000025c30276980, 0, 4;
    %pushi/vec4 255, 0, 8;
    %ix/load 3, 4, 0;
    %flag_set/imm 4, 0;
    %ix/load 4, 0, 0; Constant delay
    %assign/vec4/a/d v0000025c30276980, 0, 4;
    %jmp T_11.55;
T_11.54 ;
    %pushi/vec4 0, 0, 4;
    %assign/vec4 v0000025c30275f80_0, 0;
    %pushi/vec4 5, 0, 5;
    %assign/vec4 v0000025c30275bc0_0, 0;
    %pushi/vec4 170, 0, 8;
    %ix/load 3, 0, 0;
    %flag_set/imm 4, 0;
    %ix/load 4, 0, 0; Constant delay
    %assign/vec4/a/d v0000025c30276980, 0, 4;
    %pushi/vec4 1, 0, 8;
    %ix/load 3, 1, 0;
    %flag_set/imm 4, 0;
    %ix/load 4, 0, 0; Constant delay
    %assign/vec4/a/d v0000025c30276980, 0, 4;
    %pushi/vec4 27, 0, 8;
    %ix/load 3, 2, 0;
    %flag_set/imm 4, 0;
    %ix/load 4, 0, 0; Constant delay
    %assign/vec4/a/d v0000025c30276980, 0, 4;
    %pushi/vec4 8, 0, 8;
    %ix/load 3, 3, 0;
    %flag_set/imm 4, 0;
    %ix/load 4, 0, 0; Constant delay
    %assign/vec4/a/d v0000025c30276980, 0, 4;
    %pushi/vec4 255, 0, 8;
    %ix/load 3, 4, 0;
    %flag_set/imm 4, 0;
    %ix/load 4, 0, 0; Constant delay
    %assign/vec4/a/d v0000025c30276980, 0, 4;
T_11.55 ;
    %pushi/vec4 0, 0, 1;
    %assign/vec4 v0000025c30276a20_0, 0;
T_11.52 ;
T_11.50 ;
    %jmp T_11.12;
T_11.9 ;
    %load/vec4 v0000025c30276de0_0;
    %nor/r;
    %flag_set/vec4 9;
    %flag_get/vec4 9;
    %jmp/0 T_11.58, 9;
    %load/vec4 v0000025c30275f80_0;
    %pad/u 32;
    %cmpi/u 4, 0, 32;
    %flag_get/vec4 5;
    %and;
T_11.58;
    %flag_set/vec4 8;
    %jmp/0xz  T_11.56, 8;
    %ix/getv 4, v0000025c30275f80_0;
    %load/vec4a v0000025c30276980, 4;
    %assign/vec4 v0000025c30277240_0, 0;
    %pushi/vec4 1, 0, 1;
    %assign/vec4 v0000025c30276de0_0, 0;
    %jmp T_11.57;
T_11.56 ;
    %load/vec4 v0000025c30276e80_0;
    %pad/u 32;
    %cmpi/e 1, 0, 32;
    %jmp/0xz  T_11.59, 4;
    %pushi/vec4 0, 0, 1;
    %assign/vec4 v0000025c30276de0_0, 0;
    %load/vec4 v0000025c30275f80_0;
    %addi 1, 0, 4;
    %assign/vec4 v0000025c30275f80_0, 0;
    %load/vec4 v0000025c30275f80_0;
    %pad/u 32;
    %cmpi/e 4, 0, 32;
    %jmp/0xz  T_11.61, 4;
    %pushi/vec4 8, 0, 5;
    %assign/vec4 v0000025c30275bc0_0, 0;
    %pushi/vec4 0, 0, 1;
    %assign/vec4 v0000025c30276a20_0, 0;
    %pushi/vec4 0, 0, 8;
    %ix/load 3, 0, 0;
    %flag_set/imm 4, 0;
    %ix/load 4, 0, 0; Constant delay
    %assign/vec4/a/d v0000025c30276340, 0, 4;
    %pushi/vec4 0, 0, 8;
    %ix/load 3, 1, 0;
    %flag_set/imm 4, 0;
    %ix/load 4, 0, 0; Constant delay
    %assign/vec4/a/d v0000025c30276340, 0, 4;
    %pushi/vec4 0, 0, 8;
    %ix/load 3, 2, 0;
    %flag_set/imm 4, 0;
    %ix/load 4, 0, 0; Constant delay
    %assign/vec4/a/d v0000025c30276340, 0, 4;
    %pushi/vec4 0, 0, 8;
    %ix/load 3, 3, 0;
    %flag_set/imm 4, 0;
    %ix/load 4, 0, 0; Constant delay
    %assign/vec4/a/d v0000025c30276340, 0, 4;
    %pushi/vec4 0, 0, 8;
    %ix/load 3, 4, 0;
    %flag_set/imm 4, 0;
    %ix/load 4, 0, 0; Constant delay
    %assign/vec4/a/d v0000025c30276340, 0, 4;
T_11.61 ;
T_11.59 ;
T_11.57 ;
    %jmp T_11.12;
T_11.10 ;
    %load/vec4 v0000025c30276ac0_0;
    %flag_set/vec4 8;
    %jmp/0xz  T_11.63, 8;
    %load/vec4 v0000025c30277060_0;
    %load/vec4 v0000025c30276a20_0;
    %pad/u 4;
    %ix/vec4 3;
    %ix/load 4, 0, 0; Constant delay
    %assign/vec4/a/d v0000025c30276340, 0, 4;
    %load/vec4 v0000025c30276a20_0;
    %pad/u 2;
    %addi 1, 0, 2;
    %pad/u 1;
    %assign/vec4 v0000025c30276a20_0, 0;
    %load/vec4 v0000025c30276a20_0;
    %pad/u 32;
    %cmpi/e 1, 0, 32;
    %jmp/0xz  T_11.65, 4;
    %ix/load 4, 0, 0;
    %flag_set/imm 4, 0;
    %load/vec4a v0000025c30276340, 4;
    %cmpi/e 187, 0, 8;
    %jmp/0xz  T_11.67, 4;
    %load/vec4 v0000025c302762a0_0;
    %parti/s 8, 8, 5;
    %load/vec4 v0000025c30277060_0;
    %concat/vec4; draw_concat_vec4
    %assign/vec4 v0000025c302762a0_0, 0;
    %pushi/vec4 9, 0, 5;
    %assign/vec4 v0000025c30275bc0_0, 0;
    %jmp T_11.68;
T_11.67 ;
    %pushi/vec4 0, 0, 4;
    %assign/vec4 v0000025c30275f80_0, 0;
    %pushi/vec4 7, 0, 5;
    %assign/vec4 v0000025c30275bc0_0, 0;
    %pushi/vec4 170, 0, 8;
    %ix/load 3, 0, 0;
    %flag_set/imm 4, 0;
    %ix/load 4, 0, 0; Constant delay
    %assign/vec4/a/d v0000025c30276980, 0, 4;
    %pushi/vec4 1, 0, 8;
    %ix/load 3, 1, 0;
    %flag_set/imm 4, 0;
    %ix/load 4, 0, 0; Constant delay
    %assign/vec4/a/d v0000025c30276980, 0, 4;
    %pushi/vec4 26, 0, 8;
    %ix/load 3, 2, 0;
    %flag_set/imm 4, 0;
    %ix/load 4, 0, 0; Constant delay
    %assign/vec4/a/d v0000025c30276980, 0, 4;
    %pushi/vec4 8, 0, 8;
    %ix/load 3, 3, 0;
    %flag_set/imm 4, 0;
    %ix/load 4, 0, 0; Constant delay
    %assign/vec4/a/d v0000025c30276980, 0, 4;
    %pushi/vec4 255, 0, 8;
    %ix/load 3, 4, 0;
    %flag_set/imm 4, 0;
    %ix/load 4, 0, 0; Constant delay
    %assign/vec4/a/d v0000025c30276980, 0, 4;
T_11.68 ;
    %pushi/vec4 0, 0, 1;
    %assign/vec4 v0000025c30276a20_0, 0;
T_11.65 ;
T_11.63 ;
    %jmp T_11.12;
T_11.11 ;
    %load/vec4 v0000025c302762a0_0;
    %assign/vec4 v0000025c302759e0_0, 0;
    %pushi/vec4 0, 0, 4;
    %assign/vec4 v0000025c30275f80_0, 0;
    %pushi/vec4 5, 0, 5;
    %assign/vec4 v0000025c30275bc0_0, 0;
    %pushi/vec4 170, 0, 8;
    %ix/load 3, 0, 0;
    %flag_set/imm 4, 0;
    %ix/load 4, 0, 0; Constant delay
    %assign/vec4/a/d v0000025c30276980, 0, 4;
    %pushi/vec4 1, 0, 8;
    %ix/load 3, 1, 0;
    %flag_set/imm 4, 0;
    %ix/load 4, 0, 0; Constant delay
    %assign/vec4/a/d v0000025c30276980, 0, 4;
    %pushi/vec4 27, 0, 8;
    %ix/load 3, 2, 0;
    %flag_set/imm 4, 0;
    %ix/load 4, 0, 0; Constant delay
    %assign/vec4/a/d v0000025c30276980, 0, 4;
    %pushi/vec4 8, 0, 8;
    %ix/load 3, 3, 0;
    %flag_set/imm 4, 0;
    %ix/load 4, 0, 0; Constant delay
    %assign/vec4/a/d v0000025c30276980, 0, 4;
    %pushi/vec4 255, 0, 8;
    %ix/load 3, 4, 0;
    %flag_set/imm 4, 0;
    %ix/load 4, 0, 0; Constant delay
    %assign/vec4/a/d v0000025c30276980, 0, 4;
    %jmp T_11.12;
T_11.12 ;
    %pop/vec4 1;
T_11.1 ;
    %jmp T_11;
    .thread T_11;
    .scope S_0000025c301ed890;
T_12 ;
    %delay 5000, 0;
    %load/vec4 v0000025c302774c0_0;
    %nor/r;
    %store/vec4 v0000025c302774c0_0, 0, 1;
    %jmp T_12;
    .thread T_12;
    .scope S_0000025c301ed890;
T_13 ;
    %vpi_call/w 3 28 "$dumpfile", "uart_imu_new.vcd" {0 0 0};
    %vpi_call/w 3 29 "$dumpvars", 32'sb00000000000000000000000000000000, S_0000025c301ed890 {0 0 0};
    %vpi_call/w 3 30 "$display", "Starting Sim" {0 0 0};
    %pushi/vec4 0, 0, 1;
    %store/vec4 v0000025c302774c0_0, 0, 1;
    %pushi/vec4 0, 0, 1;
    %store/vec4 v0000025c30276480_0, 0, 1;
    %pushi/vec4 1, 0, 1;
    %store/vec4 v0000025c30275c60_0, 0, 1;
    %delay 10000, 0;
    %pushi/vec4 1, 0, 1;
    %store/vec4 v0000025c30276480_0, 0, 1;
    %delay 10000, 0;
    %pushi/vec4 0, 0, 1;
    %store/vec4 v0000025c30276480_0, 0, 1;
    %vpi_call/w 3 41 "$display", "Wait for Boot up" {0 0 0};
    %delay 1000000000, 0;
    %vpi_call/w 3 44 "$display", "Should be setting opr_mode" {0 0 0};
    %fork t_1, S_0000025c301fcd60;
    %jmp t_0;
    .scope S_0000025c301fcd60;
t_1 ;
    %pushi/vec4 0, 0, 32;
    %store/vec4 v0000025c301c2990_0, 0, 32;
T_13.0 ;
    %load/vec4 v0000025c301c2990_0;
    %cmpi/s 5, 0, 32;
    %jmp/0xz T_13.1, 5;
    %delay 8680000, 0;
    %fork t_3, S_0000025c301eede0;
    %jmp t_2;
    .scope S_0000025c301eede0;
t_3 ;
    %pushi/vec4 0, 0, 32;
    %store/vec4 v0000025c301cb050_0, 0, 32;
T_13.2 ;
    %load/vec4 v0000025c301cb050_0;
    %cmpi/s 8, 0, 32;
    %jmp/0xz T_13.3, 5;
    %delay 4340000, 0;
    %load/vec4 v0000025c30276520_0;
    %ix/getv/s 4, v0000025c301c2990_0;
    %flag_mov 8, 4;
    %ix/getv/s 5, v0000025c301cb050_0;
    %flag_or 4, 8;
    %store/vec4a v0000025c30275a80, 4, 5;
    %delay 4340000, 0;
    ; show_stmt_assign_vector: Get l-value for compressed += operand
    %load/vec4 v0000025c301cb050_0;
    %pushi/vec4 1, 0, 32;
    %add;
    %store/vec4 v0000025c301cb050_0, 0, 32;
    %jmp T_13.2;
T_13.3 ;
    %end;
    .scope S_0000025c301fcd60;
t_2 %join;
    %delay 8680000, 0;
    ; show_stmt_assign_vector: Get l-value for compressed += operand
    %load/vec4 v0000025c301c2990_0;
    %pushi/vec4 1, 0, 32;
    %add;
    %store/vec4 v0000025c301c2990_0, 0, 32;
    %jmp T_13.0;
T_13.1 ;
    %end;
    .scope S_0000025c301ed890;
t_0 %join;
    %vpi_call/w 3 54 "$display", "%8h, %8h, %8h, %8h, %8h", &A<v0000025c30275a80, 0>, &A<v0000025c30275a80, 1>, &A<v0000025c30275a80, 2>, &A<v0000025c30275a80, 3>, &A<v0000025c30275a80, 4> {0 0 0};
    %delay 100000, 0;
    %vpi_call/w 3 56 "$display", "Now going to send error message for opr_mode set-up" {0 0 0};
    %pushi/vec4 238, 0, 8;
    %ix/load 4, 0, 0;
    %flag_set/imm 4, 0;
    %store/vec4a v0000025c30275a80, 4, 0;
    %pushi/vec4 3, 0, 8;
    %ix/load 4, 1, 0;
    %flag_set/imm 4, 0;
    %store/vec4a v0000025c30275a80, 4, 0;
    %fork t_5, S_0000025c30011810;
    %jmp t_4;
    .scope S_0000025c30011810;
t_5 ;
    %pushi/vec4 0, 0, 32;
    %store/vec4 v0000025c30271d80_0, 0, 32;
T_13.4 ;
    %load/vec4 v0000025c30271d80_0;
    %cmpi/s 2, 0, 32;
    %jmp/0xz T_13.5, 5;
    %pushi/vec4 0, 0, 1;
    %store/vec4 v0000025c30275c60_0, 0, 1;
    %delay 8680000, 0;
    %fork t_7, S_0000025c302102d0;
    %jmp t_6;
    .scope S_0000025c302102d0;
t_7 ;
    %pushi/vec4 0, 0, 32;
    %store/vec4 v0000025c302717e0_0, 0, 32;
T_13.6 ;
    %load/vec4 v0000025c302717e0_0;
    %cmpi/s 8, 0, 32;
    %jmp/0xz T_13.7, 5;
    %ix/getv/s 4, v0000025c30271d80_0;
    %load/vec4a v0000025c30275a80, 4;
    %load/vec4 v0000025c302717e0_0;
    %part/s 1;
    %store/vec4 v0000025c30275c60_0, 0, 1;
    %delay 8680000, 0;
    ; show_stmt_assign_vector: Get l-value for compressed += operand
    %load/vec4 v0000025c302717e0_0;
    %pushi/vec4 1, 0, 32;
    %add;
    %store/vec4 v0000025c302717e0_0, 0, 32;
    %jmp T_13.6;
T_13.7 ;
    %end;
    .scope S_0000025c30011810;
t_6 %join;
    %pushi/vec4 1, 0, 1;
    %store/vec4 v0000025c30275c60_0, 0, 1;
    %delay 8680000, 0;
    ; show_stmt_assign_vector: Get l-value for compressed += operand
    %load/vec4 v0000025c30271d80_0;
    %pushi/vec4 1, 0, 32;
    %add;
    %store/vec4 v0000025c30271d80_0, 0, 32;
    %jmp T_13.4;
T_13.5 ;
    %end;
    .scope S_0000025c301ed890;
t_4 %join;
    %vpi_call/w 3 69 "$display", "Finished sending error message hope to get setting opr_mode again" {0 0 0};
    %pushi/vec4 0, 0, 8;
    %ix/load 4, 0, 0;
    %flag_set/imm 4, 0;
    %store/vec4a v0000025c30275a80, 4, 0;
    %pushi/vec4 0, 0, 8;
    %ix/load 4, 1, 0;
    %flag_set/imm 4, 0;
    %store/vec4a v0000025c30275a80, 4, 0;
    %fork t_9, S_0000025c30273a20;
    %jmp t_8;
    .scope S_0000025c30273a20;
t_9 ;
    %pushi/vec4 0, 0, 32;
    %store/vec4 v0000025c30271740_0, 0, 32;
T_13.8 ;
    %load/vec4 v0000025c30271740_0;
    %cmpi/s 5, 0, 32;
    %jmp/0xz T_13.9, 5;
    %delay 8680000, 0;
    %fork t_11, S_0000025c30275190;
    %jmp t_10;
    .scope S_0000025c30275190;
t_11 ;
    %pushi/vec4 0, 0, 32;
    %store/vec4 v0000025c30271ba0_0, 0, 32;
T_13.10 ;
    %load/vec4 v0000025c30271ba0_0;
    %cmpi/s 8, 0, 32;
    %jmp/0xz T_13.11, 5;
    %delay 4340000, 0;
    %load/vec4 v0000025c30276520_0;
    %ix/getv/s 4, v0000025c30271740_0;
    %flag_mov 8, 4;
    %ix/getv/s 5, v0000025c30271ba0_0;
    %flag_or 4, 8;
    %store/vec4a v0000025c30275a80, 4, 5;
    %delay 4340000, 0;
    ; show_stmt_assign_vector: Get l-value for compressed += operand
    %load/vec4 v0000025c30271ba0_0;
    %pushi/vec4 1, 0, 32;
    %add;
    %store/vec4 v0000025c30271ba0_0, 0, 32;
    %jmp T_13.10;
T_13.11 ;
    %end;
    .scope S_0000025c30273a20;
t_10 %join;
    %delay 8680000, 0;
    ; show_stmt_assign_vector: Get l-value for compressed += operand
    %load/vec4 v0000025c30271740_0;
    %pushi/vec4 1, 0, 32;
    %add;
    %store/vec4 v0000025c30271740_0, 0, 32;
    %jmp T_13.8;
T_13.9 ;
    %end;
    .scope S_0000025c301ed890;
t_8 %join;
    %vpi_call/w 3 81 "$display", "%8h, %8h, %8h, %8h, %8h", &A<v0000025c30275a80, 0>, &A<v0000025c30275a80, 1>, &A<v0000025c30275a80, 2>, &A<v0000025c30275a80, 3>, &A<v0000025c30275a80, 4> {0 0 0};
    %vpi_call/w 3 82 "$display", "Now going to send correct message for opr_mode set-up" {0 0 0};
    %pushi/vec4 238, 0, 8;
    %ix/load 4, 0, 0;
    %flag_set/imm 4, 0;
    %store/vec4a v0000025c30275a80, 4, 0;
    %pushi/vec4 1, 0, 8;
    %ix/load 4, 1, 0;
    %flag_set/imm 4, 0;
    %store/vec4a v0000025c30275a80, 4, 0;
    %fork t_13, S_0000025c30273d40;
    %jmp t_12;
    .scope S_0000025c30273d40;
t_13 ;
    %pushi/vec4 0, 0, 32;
    %store/vec4 v0000025c302760c0_0, 0, 32;
T_13.12 ;
    %load/vec4 v0000025c302760c0_0;
    %cmpi/s 2, 0, 32;
    %jmp/0xz T_13.13, 5;
    %pushi/vec4 0, 0, 1;
    %store/vec4 v0000025c30275c60_0, 0, 1;
    %delay 8680000, 0;
    %fork t_15, S_0000025c30273ed0;
    %jmp t_14;
    .scope S_0000025c30273ed0;
t_15 ;
    %pushi/vec4 0, 0, 32;
    %store/vec4 v0000025c30271c40_0, 0, 32;
T_13.14 ;
    %load/vec4 v0000025c30271c40_0;
    %cmpi/s 8, 0, 32;
    %jmp/0xz T_13.15, 5;
    %ix/getv/s 4, v0000025c302760c0_0;
    %load/vec4a v0000025c30275a80, 4;
    %load/vec4 v0000025c30271c40_0;
    %part/s 1;
    %store/vec4 v0000025c30275c60_0, 0, 1;
    %delay 8680000, 0;
    ; show_stmt_assign_vector: Get l-value for compressed += operand
    %load/vec4 v0000025c30271c40_0;
    %pushi/vec4 1, 0, 32;
    %add;
    %store/vec4 v0000025c30271c40_0, 0, 32;
    %jmp T_13.14;
T_13.15 ;
    %end;
    .scope S_0000025c30273d40;
t_14 %join;
    %pushi/vec4 1, 0, 1;
    %store/vec4 v0000025c30275c60_0, 0, 1;
    %delay 8680000, 0;
    ; show_stmt_assign_vector: Get l-value for compressed += operand
    %load/vec4 v0000025c302760c0_0;
    %pushi/vec4 1, 0, 32;
    %add;
    %store/vec4 v0000025c302760c0_0, 0, 32;
    %jmp T_13.12;
T_13.13 ;
    %end;
    .scope S_0000025c301ed890;
t_12 %join;
    %vpi_call/w 3 96 "$display", "Finished sending error message hope to get CALI_READ message" {0 0 0};
    %pushi/vec4 0, 0, 8;
    %ix/load 4, 0, 0;
    %flag_set/imm 4, 0;
    %store/vec4a v0000025c30275a80, 4, 0;
    %pushi/vec4 0, 0, 8;
    %ix/load 4, 1, 0;
    %flag_set/imm 4, 0;
    %store/vec4a v0000025c30275a80, 4, 0;
    %fork t_17, S_0000025c302741f0;
    %jmp t_16;
    .scope S_0000025c302741f0;
t_17 ;
    %pushi/vec4 0, 0, 32;
    %store/vec4 v0000025c30275ee0_0, 0, 32;
T_13.16 ;
    %load/vec4 v0000025c30275ee0_0;
    %cmpi/s 5, 0, 32;
    %jmp/0xz T_13.17, 5;
    %delay 8680000, 0;
    %fork t_19, S_0000025c30275640;
    %jmp t_18;
    .scope S_0000025c30275640;
t_19 ;
    %pushi/vec4 0, 0, 32;
    %store/vec4 v0000025c30276840_0, 0, 32;
T_13.18 ;
    %load/vec4 v0000025c30276840_0;
    %cmpi/s 8, 0, 32;
    %jmp/0xz T_13.19, 5;
    %delay 4340000, 0;
    %load/vec4 v0000025c30276520_0;
    %ix/getv/s 4, v0000025c30275ee0_0;
    %flag_mov 8, 4;
    %ix/getv/s 5, v0000025c30276840_0;
    %flag_or 4, 8;
    %store/vec4a v0000025c30275a80, 4, 5;
    %delay 4340000, 0;
    ; show_stmt_assign_vector: Get l-value for compressed += operand
    %load/vec4 v0000025c30276840_0;
    %pushi/vec4 1, 0, 32;
    %add;
    %store/vec4 v0000025c30276840_0, 0, 32;
    %jmp T_13.18;
T_13.19 ;
    %end;
    .scope S_0000025c302741f0;
t_18 %join;
    %delay 8680000, 0;
    ; show_stmt_assign_vector: Get l-value for compressed += operand
    %load/vec4 v0000025c30275ee0_0;
    %pushi/vec4 1, 0, 32;
    %add;
    %store/vec4 v0000025c30275ee0_0, 0, 32;
    %jmp T_13.16;
T_13.17 ;
    %end;
    .scope S_0000025c301ed890;
t_16 %join;
    %vpi_call/w 3 108 "$display", "%8h, %8h, %8h, %8h, %8h", &A<v0000025c30275a80, 0>, &A<v0000025c30275a80, 1>, &A<v0000025c30275a80, 2>, &A<v0000025c30275a80, 3>, &A<v0000025c30275a80, 4> {0 0 0};
    %delay 100000, 0;
    %vpi_call/w 3 110 "$display", "Now going to send error message for CALI_READ" {0 0 0};
    %pushi/vec4 238, 0, 8;
    %ix/load 4, 0, 0;
    %flag_set/imm 4, 0;
    %store/vec4a v0000025c30275a80, 4, 0;
    %pushi/vec4 0, 0, 8;
    %ix/load 4, 1, 0;
    %flag_set/imm 4, 0;
    %store/vec4a v0000025c30275a80, 4, 0;
    %fork t_21, S_0000025c3020cbf0;
    %jmp t_20;
    .scope S_0000025c3020cbf0;
t_21 ;
    %pushi/vec4 0, 0, 32;
    %store/vec4 v0000025c301df3b0_0, 0, 32;
T_13.20 ;
    %load/vec4 v0000025c301df3b0_0;
    %cmpi/s 2, 0, 32;
    %jmp/0xz T_13.21, 5;
    %pushi/vec4 0, 0, 1;
    %store/vec4 v0000025c30275c60_0, 0, 1;
    %delay 8680000, 0;
    %fork t_23, S_0000025c301df220;
    %jmp t_22;
    .scope S_0000025c301df220;
t_23 ;
    %pushi/vec4 0, 0, 32;
    %store/vec4 v0000025c301ecb60_0, 0, 32;
T_13.22 ;
    %load/vec4 v0000025c301ecb60_0;
    %cmpi/s 8, 0, 32;
    %jmp/0xz T_13.23, 5;
    %ix/getv/s 4, v0000025c301df3b0_0;
    %load/vec4a v0000025c30275a80, 4;
    %load/vec4 v0000025c301ecb60_0;
    %part/s 1;
    %store/vec4 v0000025c30275c60_0, 0, 1;
    %delay 8680000, 0;
    ; show_stmt_assign_vector: Get l-value for compressed += operand
    %load/vec4 v0000025c301ecb60_0;
    %pushi/vec4 1, 0, 32;
    %add;
    %store/vec4 v0000025c301ecb60_0, 0, 32;
    %jmp T_13.22;
T_13.23 ;
    %end;
    .scope S_0000025c3020cbf0;
t_22 %join;
    %pushi/vec4 1, 0, 1;
    %store/vec4 v0000025c30275c60_0, 0, 1;
    %delay 8680000, 0;
    ; show_stmt_assign_vector: Get l-value for compressed += operand
    %load/vec4 v0000025c301df3b0_0;
    %pushi/vec4 1, 0, 32;
    %add;
    %store/vec4 v0000025c301df3b0_0, 0, 32;
    %jmp T_13.20;
T_13.21 ;
    %end;
    .scope S_0000025c301ed890;
t_20 %join;
    %vpi_call/w 3 123 "$display", "Finished sending error message hope to get CALI_READ message" {0 0 0};
    %pushi/vec4 0, 0, 8;
    %ix/load 4, 0, 0;
    %flag_set/imm 4, 0;
    %store/vec4a v0000025c30275a80, 4, 0;
    %pushi/vec4 0, 0, 8;
    %ix/load 4, 1, 0;
    %flag_set/imm 4, 0;
    %store/vec4a v0000025c30275a80, 4, 0;
    %fork t_25, S_0000025c3020bf10;
    %jmp t_24;
    .scope S_0000025c3020bf10;
t_25 ;
    %pushi/vec4 0, 0, 32;
    %store/vec4 v0000025c301c3a40_0, 0, 32;
T_13.24 ;
    %load/vec4 v0000025c301c3a40_0;
    %cmpi/s 5, 0, 32;
    %jmp/0xz T_13.25, 5;
    %delay 8680000, 0;
    %fork t_27, S_0000025c301ee4f0;
    %jmp t_26;
    .scope S_0000025c301ee4f0;
t_27 ;
    %pushi/vec4 0, 0, 32;
    %store/vec4 v0000025c3020c0a0_0, 0, 32;
T_13.26 ;
    %load/vec4 v0000025c3020c0a0_0;
    %cmpi/s 8, 0, 32;
    %jmp/0xz T_13.27, 5;
    %delay 4340000, 0;
    %load/vec4 v0000025c30276520_0;
    %ix/getv/s 4, v0000025c301c3a40_0;
    %flag_mov 8, 4;
    %ix/getv/s 5, v0000025c3020c0a0_0;
    %flag_or 4, 8;
    %store/vec4a v0000025c30275a80, 4, 5;
    %delay 4340000, 0;
    ; show_stmt_assign_vector: Get l-value for compressed += operand
    %load/vec4 v0000025c3020c0a0_0;
    %pushi/vec4 1, 0, 32;
    %add;
    %store/vec4 v0000025c3020c0a0_0, 0, 32;
    %jmp T_13.26;
T_13.27 ;
    %end;
    .scope S_0000025c3020bf10;
t_26 %join;
    %delay 8680000, 0;
    ; show_stmt_assign_vector: Get l-value for compressed += operand
    %load/vec4 v0000025c301c3a40_0;
    %pushi/vec4 1, 0, 32;
    %add;
    %store/vec4 v0000025c301c3a40_0, 0, 32;
    %jmp T_13.24;
T_13.25 ;
    %end;
    .scope S_0000025c301ed890;
t_24 %join;
    %vpi_call/w 3 135 "$display", "%8h, %8h, %8h, %8h, %8h", &A<v0000025c30275a80, 0>, &A<v0000025c30275a80, 1>, &A<v0000025c30275a80, 2>, &A<v0000025c30275a80, 3>, &A<v0000025c30275a80, 4> {0 0 0};
    %delay 100000, 0;
    %vpi_call/w 3 137 "$display", "Now going to send correct message for CALI_READ" {0 0 0};
    %pushi/vec4 187, 0, 8;
    %ix/load 4, 0, 0;
    %flag_set/imm 4, 0;
    %store/vec4a v0000025c30275a80, 4, 0;
    %pushi/vec4 255, 0, 8;
    %ix/load 4, 1, 0;
    %flag_set/imm 4, 0;
    %store/vec4a v0000025c30275a80, 4, 0;
    %fork t_29, S_0000025c3017ba10;
    %jmp t_28;
    .scope S_0000025c3017ba10;
t_29 ;
    %pushi/vec4 0, 0, 32;
    %store/vec4 v0000025c3017bd30_0, 0, 32;
T_13.28 ;
    %load/vec4 v0000025c3017bd30_0;
    %cmpi/s 2, 0, 32;
    %jmp/0xz T_13.29, 5;
    %pushi/vec4 0, 0, 1;
    %store/vec4 v0000025c30275c60_0, 0, 1;
    %delay 8680000, 0;
    %fork t_31, S_0000025c3017bba0;
    %jmp t_30;
    .scope S_0000025c3017bba0;
t_31 ;
    %pushi/vec4 0, 0, 32;
    %store/vec4 v0000025c301c3ae0_0, 0, 32;
T_13.30 ;
    %load/vec4 v0000025c301c3ae0_0;
    %cmpi/s 8, 0, 32;
    %jmp/0xz T_13.31, 5;
    %ix/getv/s 4, v0000025c3017bd30_0;
    %load/vec4a v0000025c30275a80, 4;
    %load/vec4 v0000025c301c3ae0_0;
    %part/s 1;
    %store/vec4 v0000025c30275c60_0, 0, 1;
    %delay 8680000, 0;
    ; show_stmt_assign_vector: Get l-value for compressed += operand
    %load/vec4 v0000025c301c3ae0_0;
    %pushi/vec4 1, 0, 32;
    %add;
    %store/vec4 v0000025c301c3ae0_0, 0, 32;
    %jmp T_13.30;
T_13.31 ;
    %end;
    .scope S_0000025c3017ba10;
t_30 %join;
    %pushi/vec4 1, 0, 1;
    %store/vec4 v0000025c30275c60_0, 0, 1;
    %delay 8680000, 0;
    ; show_stmt_assign_vector: Get l-value for compressed += operand
    %load/vec4 v0000025c3017bd30_0;
    %pushi/vec4 1, 0, 32;
    %add;
    %store/vec4 v0000025c3017bd30_0, 0, 32;
    %jmp T_13.28;
T_13.29 ;
    %end;
    .scope S_0000025c301ed890;
t_28 %join;
    %vpi_call/w 3 151 "$display", "Finished sending correct message hope to get MSB message" {0 0 0};
    %pushi/vec4 0, 0, 8;
    %ix/load 4, 0, 0;
    %flag_set/imm 4, 0;
    %store/vec4a v0000025c30275a80, 4, 0;
    %pushi/vec4 0, 0, 8;
    %ix/load 4, 1, 0;
    %flag_set/imm 4, 0;
    %store/vec4a v0000025c30275a80, 4, 0;
    %fork t_33, S_0000025c30185360;
    %jmp t_32;
    .scope S_0000025c30185360;
t_33 ;
    %pushi/vec4 0, 0, 32;
    %store/vec4 v0000025c30185680_0, 0, 32;
T_13.32 ;
    %load/vec4 v0000025c30185680_0;
    %cmpi/s 5, 0, 32;
    %jmp/0xz T_13.33, 5;
    %delay 8680000, 0;
    %fork t_35, S_0000025c301854f0;
    %jmp t_34;
    .scope S_0000025c301854f0;
t_35 ;
    %pushi/vec4 0, 0, 32;
    %store/vec4 v0000025c3017bdd0_0, 0, 32;
T_13.34 ;
    %load/vec4 v0000025c3017bdd0_0;
    %cmpi/s 8, 0, 32;
    %jmp/0xz T_13.35, 5;
    %delay 4340000, 0;
    %load/vec4 v0000025c30276520_0;
    %ix/getv/s 4, v0000025c30185680_0;
    %flag_mov 8, 4;
    %ix/getv/s 5, v0000025c3017bdd0_0;
    %flag_or 4, 8;
    %store/vec4a v0000025c30275a80, 4, 5;
    %delay 4340000, 0;
    ; show_stmt_assign_vector: Get l-value for compressed += operand
    %load/vec4 v0000025c3017bdd0_0;
    %pushi/vec4 1, 0, 32;
    %add;
    %store/vec4 v0000025c3017bdd0_0, 0, 32;
    %jmp T_13.34;
T_13.35 ;
    %end;
    .scope S_0000025c30185360;
t_34 %join;
    %delay 8680000, 0;
    ; show_stmt_assign_vector: Get l-value for compressed += operand
    %load/vec4 v0000025c30185680_0;
    %pushi/vec4 1, 0, 32;
    %add;
    %store/vec4 v0000025c30185680_0, 0, 32;
    %jmp T_13.32;
T_13.33 ;
    %end;
    .scope S_0000025c301ed890;
t_32 %join;
    %vpi_call/w 3 163 "$display", "%8h, %8h, %8h, %8h, %8h", &A<v0000025c30275a80, 0>, &A<v0000025c30275a80, 1>, &A<v0000025c30275a80, 2>, &A<v0000025c30275a80, 3>, &A<v0000025c30275a80, 4> {0 0 0};
    %delay 100000, 0;
    %vpi_call/w 3 165 "$display", "Now going to send correct message for MSB" {0 0 0};
    %pushi/vec4 187, 0, 8;
    %ix/load 4, 0, 0;
    %flag_set/imm 4, 0;
    %store/vec4a v0000025c30275a80, 4, 0;
    %pushi/vec4 1, 0, 8;
    %ix/load 4, 1, 0;
    %flag_set/imm 4, 0;
    %store/vec4a v0000025c30275a80, 4, 0;
    %fork t_37, S_0000025c300114f0;
    %jmp t_36;
    .scope S_0000025c300114f0;
t_37 ;
    %pushi/vec4 0, 0, 32;
    %store/vec4 v0000025c301ee680_0, 0, 32;
T_13.36 ;
    %load/vec4 v0000025c301ee680_0;
    %cmpi/s 2, 0, 32;
    %jmp/0xz T_13.37, 5;
    %pushi/vec4 0, 0, 1;
    %store/vec4 v0000025c30275c60_0, 0, 1;
    %delay 8680000, 0;
    %fork t_39, S_0000025c30011680;
    %jmp t_38;
    .scope S_0000025c30011680;
t_39 ;
    %pushi/vec4 0, 0, 32;
    %store/vec4 v0000025c30185720_0, 0, 32;
T_13.38 ;
    %load/vec4 v0000025c30185720_0;
    %cmpi/s 8, 0, 32;
    %jmp/0xz T_13.39, 5;
    %ix/getv/s 4, v0000025c301ee680_0;
    %load/vec4a v0000025c30275a80, 4;
    %load/vec4 v0000025c30185720_0;
    %part/s 1;
    %store/vec4 v0000025c30275c60_0, 0, 1;
    %delay 8680000, 0;
    ; show_stmt_assign_vector: Get l-value for compressed += operand
    %load/vec4 v0000025c30185720_0;
    %pushi/vec4 1, 0, 32;
    %add;
    %store/vec4 v0000025c30185720_0, 0, 32;
    %jmp T_13.38;
T_13.39 ;
    %end;
    .scope S_0000025c300114f0;
t_38 %join;
    %pushi/vec4 1, 0, 1;
    %store/vec4 v0000025c30275c60_0, 0, 1;
    %delay 8680000, 0;
    ; show_stmt_assign_vector: Get l-value for compressed += operand
    %load/vec4 v0000025c301ee680_0;
    %pushi/vec4 1, 0, 32;
    %add;
    %store/vec4 v0000025c301ee680_0, 0, 32;
    %jmp T_13.36;
T_13.37 ;
    %end;
    .scope S_0000025c301ed890;
t_36 %join;
    %vpi_call/w 3 178 "$display", "Finished sending correct message hope to get LSB message" {0 0 0};
    %pushi/vec4 0, 0, 8;
    %ix/load 4, 0, 0;
    %flag_set/imm 4, 0;
    %store/vec4a v0000025c30275a80, 4, 0;
    %pushi/vec4 0, 0, 8;
    %ix/load 4, 1, 0;
    %flag_set/imm 4, 0;
    %store/vec4a v0000025c30275a80, 4, 0;
    %fork t_41, S_0000025c30272d30;
    %jmp t_40;
    .scope S_0000025c30272d30;
t_41 ;
    %pushi/vec4 0, 0, 32;
    %store/vec4 v0000025c30271240_0, 0, 32;
T_13.40 ;
    %load/vec4 v0000025c30271240_0;
    %cmpi/s 5, 0, 32;
    %jmp/0xz T_13.41, 5;
    %delay 8680000, 0;
    %fork t_43, S_0000025c30272a10;
    %jmp t_42;
    .scope S_0000025c30272a10;
t_43 ;
    %pushi/vec4 0, 0, 32;
    %store/vec4 v0000025c302714c0_0, 0, 32;
T_13.42 ;
    %load/vec4 v0000025c302714c0_0;
    %cmpi/s 8, 0, 32;
    %jmp/0xz T_13.43, 5;
    %delay 4340000, 0;
    %load/vec4 v0000025c30276520_0;
    %ix/getv/s 4, v0000025c30271240_0;
    %flag_mov 8, 4;
    %ix/getv/s 5, v0000025c302714c0_0;
    %flag_or 4, 8;
    %store/vec4a v0000025c30275a80, 4, 5;
    %delay 4340000, 0;
    ; show_stmt_assign_vector: Get l-value for compressed += operand
    %load/vec4 v0000025c302714c0_0;
    %pushi/vec4 1, 0, 32;
    %add;
    %store/vec4 v0000025c302714c0_0, 0, 32;
    %jmp T_13.42;
T_13.43 ;
    %end;
    .scope S_0000025c30272d30;
t_42 %join;
    %delay 8680000, 0;
    ; show_stmt_assign_vector: Get l-value for compressed += operand
    %load/vec4 v0000025c30271240_0;
    %pushi/vec4 1, 0, 32;
    %add;
    %store/vec4 v0000025c30271240_0, 0, 32;
    %jmp T_13.40;
T_13.41 ;
    %end;
    .scope S_0000025c301ed890;
t_40 %join;
    %vpi_call/w 3 190 "$display", "%8h, %8h, %8h, %8h, %8h", &A<v0000025c30275a80, 0>, &A<v0000025c30275a80, 1>, &A<v0000025c30275a80, 2>, &A<v0000025c30275a80, 3>, &A<v0000025c30275a80, 4> {0 0 0};
    %delay 100000, 0;
    %vpi_call/w 3 192 "$display", "Now going to send correct message for LSB" {0 0 0};
    %pushi/vec4 187, 0, 8;
    %ix/load 4, 0, 0;
    %flag_set/imm 4, 0;
    %store/vec4a v0000025c30275a80, 4, 0;
    %pushi/vec4 255, 0, 8;
    %ix/load 4, 1, 0;
    %flag_set/imm 4, 0;
    %store/vec4a v0000025c30275a80, 4, 0;
    %fork t_45, S_0000025c30273690;
    %jmp t_44;
    .scope S_0000025c30273690;
t_45 ;
    %pushi/vec4 0, 0, 32;
    %store/vec4 v0000025c30271ec0_0, 0, 32;
T_13.44 ;
    %load/vec4 v0000025c30271ec0_0;
    %cmpi/s 2, 0, 32;
    %jmp/0xz T_13.45, 5;
    %pushi/vec4 0, 0, 1;
    %store/vec4 v0000025c30275c60_0, 0, 1;
    %delay 8680000, 0;
    %fork t_47, S_0000025c30273050;
    %jmp t_46;
    .scope S_0000025c30273050;
t_47 ;
    %pushi/vec4 0, 0, 32;
    %store/vec4 v0000025c30271e20_0, 0, 32;
T_13.46 ;
    %load/vec4 v0000025c30271e20_0;
    %cmpi/s 8, 0, 32;
    %jmp/0xz T_13.47, 5;
    %ix/getv/s 4, v0000025c30271ec0_0;
    %load/vec4a v0000025c30275a80, 4;
    %load/vec4 v0000025c30271e20_0;
    %part/s 1;
    %store/vec4 v0000025c30275c60_0, 0, 1;
    %delay 8680000, 0;
    ; show_stmt_assign_vector: Get l-value for compressed += operand
    %load/vec4 v0000025c30271e20_0;
    %pushi/vec4 1, 0, 32;
    %add;
    %store/vec4 v0000025c30271e20_0, 0, 32;
    %jmp T_13.46;
T_13.47 ;
    %end;
    .scope S_0000025c30273690;
t_46 %join;
    %pushi/vec4 1, 0, 1;
    %store/vec4 v0000025c30275c60_0, 0, 1;
    %delay 8680000, 0;
    ; show_stmt_assign_vector: Get l-value for compressed += operand
    %load/vec4 v0000025c30271ec0_0;
    %pushi/vec4 1, 0, 32;
    %add;
    %store/vec4 v0000025c30271ec0_0, 0, 32;
    %jmp T_13.44;
T_13.45 ;
    %end;
    .scope S_0000025c301ed890;
t_44 %join;
    %vpi_call/w 3 205 "$display", "Finished sending correct message hope to get MSB message" {0 0 0};
    %vpi_call/w 3 206 "$display", "%16h", v0000025c30275b20_0 {0 0 0};
    %pushi/vec4 0, 0, 8;
    %ix/load 4, 0, 0;
    %flag_set/imm 4, 0;
    %store/vec4a v0000025c30275a80, 4, 0;
    %pushi/vec4 0, 0, 8;
    %ix/load 4, 1, 0;
    %flag_set/imm 4, 0;
    %store/vec4a v0000025c30275a80, 4, 0;
    %fork t_49, S_0000025c30272880;
    %jmp t_48;
    .scope S_0000025c30272880;
t_49 ;
    %pushi/vec4 0, 0, 32;
    %store/vec4 v0000025c30271420_0, 0, 32;
T_13.48 ;
    %load/vec4 v0000025c30271420_0;
    %cmpi/s 5, 0, 32;
    %jmp/0xz T_13.49, 5;
    %delay 8680000, 0;
    %fork t_51, S_0000025c30272ec0;
    %jmp t_50;
    .scope S_0000025c30272ec0;
t_51 ;
    %pushi/vec4 0, 0, 32;
    %store/vec4 v0000025c302719c0_0, 0, 32;
T_13.50 ;
    %load/vec4 v0000025c302719c0_0;
    %cmpi/s 8, 0, 32;
    %jmp/0xz T_13.51, 5;
    %delay 4340000, 0;
    %load/vec4 v0000025c30276520_0;
    %ix/getv/s 4, v0000025c30271420_0;
    %flag_mov 8, 4;
    %ix/getv/s 5, v0000025c302719c0_0;
    %flag_or 4, 8;
    %store/vec4a v0000025c30275a80, 4, 5;
    %delay 4340000, 0;
    ; show_stmt_assign_vector: Get l-value for compressed += operand
    %load/vec4 v0000025c302719c0_0;
    %pushi/vec4 1, 0, 32;
    %add;
    %store/vec4 v0000025c302719c0_0, 0, 32;
    %jmp T_13.50;
T_13.51 ;
    %end;
    .scope S_0000025c30272880;
t_50 %join;
    %delay 8680000, 0;
    ; show_stmt_assign_vector: Get l-value for compressed += operand
    %load/vec4 v0000025c30271420_0;
    %pushi/vec4 1, 0, 32;
    %add;
    %store/vec4 v0000025c30271420_0, 0, 32;
    %jmp T_13.48;
T_13.49 ;
    %end;
    .scope S_0000025c301ed890;
t_48 %join;
    %vpi_call/w 3 219 "$display", "%8h, %8h, %8h, %8h, %8h", &A<v0000025c30275a80, 0>, &A<v0000025c30275a80, 1>, &A<v0000025c30275a80, 2>, &A<v0000025c30275a80, 3>, &A<v0000025c30275a80, 4> {0 0 0};
    %delay 100000, 0;
    %vpi_call/w 3 221 "$display", "Now going to send error message for MSB" {0 0 0};
    %pushi/vec4 204, 0, 8;
    %ix/load 4, 0, 0;
    %flag_set/imm 4, 0;
    %store/vec4a v0000025c30275a80, 4, 0;
    %pushi/vec4 204, 0, 8;
    %ix/load 4, 1, 0;
    %flag_set/imm 4, 0;
    %store/vec4a v0000025c30275a80, 4, 0;
    %fork t_53, S_0000025c30272ba0;
    %jmp t_52;
    .scope S_0000025c30272ba0;
t_53 ;
    %pushi/vec4 0, 0, 32;
    %store/vec4 v0000025c30271880_0, 0, 32;
T_13.52 ;
    %load/vec4 v0000025c30271880_0;
    %cmpi/s 2, 0, 32;
    %jmp/0xz T_13.53, 5;
    %pushi/vec4 0, 0, 1;
    %store/vec4 v0000025c30275c60_0, 0, 1;
    %delay 8680000, 0;
    %fork t_55, S_0000025c302731e0;
    %jmp t_54;
    .scope S_0000025c302731e0;
t_55 ;
    %pushi/vec4 0, 0, 32;
    %store/vec4 v0000025c30271f60_0, 0, 32;
T_13.54 ;
    %load/vec4 v0000025c30271f60_0;
    %cmpi/s 8, 0, 32;
    %jmp/0xz T_13.55, 5;
    %ix/getv/s 4, v0000025c30271880_0;
    %load/vec4a v0000025c30275a80, 4;
    %load/vec4 v0000025c30271f60_0;
    %part/s 1;
    %store/vec4 v0000025c30275c60_0, 0, 1;
    %delay 8680000, 0;
    ; show_stmt_assign_vector: Get l-value for compressed += operand
    %load/vec4 v0000025c30271f60_0;
    %pushi/vec4 1, 0, 32;
    %add;
    %store/vec4 v0000025c30271f60_0, 0, 32;
    %jmp T_13.54;
T_13.55 ;
    %end;
    .scope S_0000025c30272ba0;
t_54 %join;
    %pushi/vec4 1, 0, 1;
    %store/vec4 v0000025c30275c60_0, 0, 1;
    %delay 8680000, 0;
    ; show_stmt_assign_vector: Get l-value for compressed += operand
    %load/vec4 v0000025c30271880_0;
    %pushi/vec4 1, 0, 32;
    %add;
    %store/vec4 v0000025c30271880_0, 0, 32;
    %jmp T_13.52;
T_13.53 ;
    %end;
    .scope S_0000025c301ed890;
t_52 %join;
    %vpi_call/w 3 234 "$display", "Finished sending error message hope to get MSB message" {0 0 0};
    %pushi/vec4 0, 0, 8;
    %ix/load 4, 0, 0;
    %flag_set/imm 4, 0;
    %store/vec4a v0000025c30275a80, 4, 0;
    %pushi/vec4 0, 0, 8;
    %ix/load 4, 1, 0;
    %flag_set/imm 4, 0;
    %store/vec4a v0000025c30275a80, 4, 0;
    %fork t_57, S_0000025c30273370;
    %jmp t_56;
    .scope S_0000025c30273370;
t_57 ;
    %pushi/vec4 0, 0, 32;
    %store/vec4 v0000025c30271a60_0, 0, 32;
T_13.56 ;
    %load/vec4 v0000025c30271a60_0;
    %cmpi/s 5, 0, 32;
    %jmp/0xz T_13.57, 5;
    %delay 8680000, 0;
    %fork t_59, S_0000025c30273500;
    %jmp t_58;
    .scope S_0000025c30273500;
t_59 ;
    %pushi/vec4 0, 0, 32;
    %store/vec4 v0000025c30271560_0, 0, 32;
T_13.58 ;
    %load/vec4 v0000025c30271560_0;
    %cmpi/s 8, 0, 32;
    %jmp/0xz T_13.59, 5;
    %delay 4340000, 0;
    %load/vec4 v0000025c30276520_0;
    %ix/getv/s 4, v0000025c30271a60_0;
    %flag_mov 8, 4;
    %ix/getv/s 5, v0000025c30271560_0;
    %flag_or 4, 8;
    %store/vec4a v0000025c30275a80, 4, 5;
    %delay 4340000, 0;
    ; show_stmt_assign_vector: Get l-value for compressed += operand
    %load/vec4 v0000025c30271560_0;
    %pushi/vec4 1, 0, 32;
    %add;
    %store/vec4 v0000025c30271560_0, 0, 32;
    %jmp T_13.58;
T_13.59 ;
    %end;
    .scope S_0000025c30273370;
t_58 %join;
    %delay 8680000, 0;
    ; show_stmt_assign_vector: Get l-value for compressed += operand
    %load/vec4 v0000025c30271a60_0;
    %pushi/vec4 1, 0, 32;
    %add;
    %store/vec4 v0000025c30271a60_0, 0, 32;
    %jmp T_13.56;
T_13.57 ;
    %end;
    .scope S_0000025c301ed890;
t_56 %join;
    %vpi_call/w 3 247 "$display", "%8h, %8h, %8h, %8h, %8h", &A<v0000025c30275a80, 0>, &A<v0000025c30275a80, 1>, &A<v0000025c30275a80, 2>, &A<v0000025c30275a80, 3>, &A<v0000025c30275a80, 4> {0 0 0};
    %delay 100000, 0;
    %vpi_call/w 3 249 "$display", "Now going to send correct message for MSB" {0 0 0};
    %pushi/vec4 187, 0, 8;
    %ix/load 4, 0, 0;
    %flag_set/imm 4, 0;
    %store/vec4a v0000025c30275a80, 4, 0;
    %pushi/vec4 8, 0, 8;
    %ix/load 4, 1, 0;
    %flag_set/imm 4, 0;
    %store/vec4a v0000025c30275a80, 4, 0;
    %fork t_61, S_0000025c30274e70;
    %jmp t_60;
    .scope S_0000025c30274e70;
t_61 ;
    %pushi/vec4 0, 0, 32;
    %store/vec4 v0000025c30271600_0, 0, 32;
T_13.60 ;
    %load/vec4 v0000025c30271600_0;
    %cmpi/s 2, 0, 32;
    %jmp/0xz T_13.61, 5;
    %pushi/vec4 0, 0, 1;
    %store/vec4 v0000025c30275c60_0, 0, 1;
    %delay 8680000, 0;
    %fork t_63, S_0000025c30275320;
    %jmp t_62;
    .scope S_0000025c30275320;
t_63 ;
    %pushi/vec4 0, 0, 32;
    %store/vec4 v0000025c30271ce0_0, 0, 32;
T_13.62 ;
    %load/vec4 v0000025c30271ce0_0;
    %cmpi/s 8, 0, 32;
    %jmp/0xz T_13.63, 5;
    %ix/getv/s 4, v0000025c30271600_0;
    %load/vec4a v0000025c30275a80, 4;
    %load/vec4 v0000025c30271ce0_0;
    %part/s 1;
    %store/vec4 v0000025c30275c60_0, 0, 1;
    %delay 8680000, 0;
    ; show_stmt_assign_vector: Get l-value for compressed += operand
    %load/vec4 v0000025c30271ce0_0;
    %pushi/vec4 1, 0, 32;
    %add;
    %store/vec4 v0000025c30271ce0_0, 0, 32;
    %jmp T_13.62;
T_13.63 ;
    %end;
    .scope S_0000025c30274e70;
t_62 %join;
    %pushi/vec4 1, 0, 1;
    %store/vec4 v0000025c30275c60_0, 0, 1;
    %delay 8680000, 0;
    ; show_stmt_assign_vector: Get l-value for compressed += operand
    %load/vec4 v0000025c30271600_0;
    %pushi/vec4 1, 0, 32;
    %add;
    %store/vec4 v0000025c30271600_0, 0, 32;
    %jmp T_13.60;
T_13.61 ;
    %end;
    .scope S_0000025c301ed890;
t_60 %join;
    %vpi_call/w 3 262 "$display", "Finished sending correct message hope to get LSB message" {0 0 0};
    %pushi/vec4 0, 0, 8;
    %ix/load 4, 0, 0;
    %flag_set/imm 4, 0;
    %store/vec4a v0000025c30275a80, 4, 0;
    %pushi/vec4 0, 0, 8;
    %ix/load 4, 1, 0;
    %flag_set/imm 4, 0;
    %store/vec4a v0000025c30275a80, 4, 0;
    %fork t_65, S_0000025c30274ce0;
    %jmp t_64;
    .scope S_0000025c30274ce0;
t_65 ;
    %pushi/vec4 0, 0, 32;
    %store/vec4 v0000025c30271060_0, 0, 32;
T_13.64 ;
    %load/vec4 v0000025c30271060_0;
    %cmpi/s 5, 0, 32;
    %jmp/0xz T_13.65, 5;
    %delay 8680000, 0;
    %fork t_67, S_0000025c302746a0;
    %jmp t_66;
    .scope S_0000025c302746a0;
t_67 ;
    %pushi/vec4 0, 0, 32;
    %store/vec4 v0000025c30271b00_0, 0, 32;
T_13.66 ;
    %load/vec4 v0000025c30271b00_0;
    %cmpi/s 8, 0, 32;
    %jmp/0xz T_13.67, 5;
    %delay 4340000, 0;
    %load/vec4 v0000025c30276520_0;
    %ix/getv/s 4, v0000025c30271060_0;
    %flag_mov 8, 4;
    %ix/getv/s 5, v0000025c30271b00_0;
    %flag_or 4, 8;
    %store/vec4a v0000025c30275a80, 4, 5;
    %delay 4340000, 0;
    ; show_stmt_assign_vector: Get l-value for compressed += operand
    %load/vec4 v0000025c30271b00_0;
    %pushi/vec4 1, 0, 32;
    %add;
    %store/vec4 v0000025c30271b00_0, 0, 32;
    %jmp T_13.66;
T_13.67 ;
    %end;
    .scope S_0000025c30274ce0;
t_66 %join;
    %delay 8680000, 0;
    ; show_stmt_assign_vector: Get l-value for compressed += operand
    %load/vec4 v0000025c30271060_0;
    %pushi/vec4 1, 0, 32;
    %add;
    %store/vec4 v0000025c30271060_0, 0, 32;
    %jmp T_13.64;
T_13.65 ;
    %end;
    .scope S_0000025c301ed890;
t_64 %join;
    %vpi_call/w 3 274 "$display", "%8h, %8h, %8h, %8h, %8h", &A<v0000025c30275a80, 0>, &A<v0000025c30275a80, 1>, &A<v0000025c30275a80, 2>, &A<v0000025c30275a80, 3>, &A<v0000025c30275a80, 4> {0 0 0};
    %delay 100000, 0;
    %vpi_call/w 3 276 "$display", "Now going to send error message for LSB" {0 0 0};
    %pushi/vec4 204, 0, 8;
    %ix/load 4, 0, 0;
    %flag_set/imm 4, 0;
    %store/vec4a v0000025c30275a80, 4, 0;
    %pushi/vec4 204, 0, 8;
    %ix/load 4, 1, 0;
    %flag_set/imm 4, 0;
    %store/vec4a v0000025c30275a80, 4, 0;
    %fork t_69, S_0000025c30273bb0;
    %jmp t_68;
    .scope S_0000025c30273bb0;
t_69 ;
    %pushi/vec4 0, 0, 32;
    %store/vec4 v0000025c302711a0_0, 0, 32;
T_13.68 ;
    %load/vec4 v0000025c302711a0_0;
    %cmpi/s 2, 0, 32;
    %jmp/0xz T_13.69, 5;
    %pushi/vec4 0, 0, 1;
    %store/vec4 v0000025c30275c60_0, 0, 1;
    %delay 8680000, 0;
    %fork t_71, S_0000025c302749c0;
    %jmp t_70;
    .scope S_0000025c302749c0;
t_71 ;
    %pushi/vec4 0, 0, 32;
    %store/vec4 v0000025c30271100_0, 0, 32;
T_13.70 ;
    %load/vec4 v0000025c30271100_0;
    %cmpi/s 8, 0, 32;
    %jmp/0xz T_13.71, 5;
    %ix/getv/s 4, v0000025c302711a0_0;
    %load/vec4a v0000025c30275a80, 4;
    %load/vec4 v0000025c30271100_0;
    %part/s 1;
    %store/vec4 v0000025c30275c60_0, 0, 1;
    %delay 8680000, 0;
    ; show_stmt_assign_vector: Get l-value for compressed += operand
    %load/vec4 v0000025c30271100_0;
    %pushi/vec4 1, 0, 32;
    %add;
    %store/vec4 v0000025c30271100_0, 0, 32;
    %jmp T_13.70;
T_13.71 ;
    %end;
    .scope S_0000025c30273bb0;
t_70 %join;
    %pushi/vec4 1, 0, 1;
    %store/vec4 v0000025c30275c60_0, 0, 1;
    %delay 8680000, 0;
    ; show_stmt_assign_vector: Get l-value for compressed += operand
    %load/vec4 v0000025c302711a0_0;
    %pushi/vec4 1, 0, 32;
    %add;
    %store/vec4 v0000025c302711a0_0, 0, 32;
    %jmp T_13.68;
T_13.69 ;
    %end;
    .scope S_0000025c301ed890;
t_68 %join;
    %vpi_call/w 3 289 "$display", "Finished sending error message hope to get LSB message" {0 0 0};
    %pushi/vec4 0, 0, 8;
    %ix/load 4, 0, 0;
    %flag_set/imm 4, 0;
    %store/vec4a v0000025c30275a80, 4, 0;
    %pushi/vec4 0, 0, 8;
    %ix/load 4, 1, 0;
    %flag_set/imm 4, 0;
    %store/vec4a v0000025c30275a80, 4, 0;
    %fork t_73, S_0000025c302754b0;
    %jmp t_72;
    .scope S_0000025c302754b0;
t_73 ;
    %pushi/vec4 0, 0, 32;
    %store/vec4 v0000025c302712e0_0, 0, 32;
T_13.72 ;
    %load/vec4 v0000025c302712e0_0;
    %cmpi/s 5, 0, 32;
    %jmp/0xz T_13.73, 5;
    %delay 8680000, 0;
    %fork t_75, S_0000025c30274b50;
    %jmp t_74;
    .scope S_0000025c30274b50;
t_75 ;
    %pushi/vec4 0, 0, 32;
    %store/vec4 v0000025c30271920_0, 0, 32;
T_13.74 ;
    %load/vec4 v0000025c30271920_0;
    %cmpi/s 8, 0, 32;
    %jmp/0xz T_13.75, 5;
    %delay 4340000, 0;
    %load/vec4 v0000025c30276520_0;
    %ix/getv/s 4, v0000025c302712e0_0;
    %flag_mov 8, 4;
    %ix/getv/s 5, v0000025c30271920_0;
    %flag_or 4, 8;
    %store/vec4a v0000025c30275a80, 4, 5;
    %delay 4340000, 0;
    ; show_stmt_assign_vector: Get l-value for compressed += operand
    %load/vec4 v0000025c30271920_0;
    %pushi/vec4 1, 0, 32;
    %add;
    %store/vec4 v0000025c30271920_0, 0, 32;
    %jmp T_13.74;
T_13.75 ;
    %end;
    .scope S_0000025c302754b0;
t_74 %join;
    %delay 8680000, 0;
    ; show_stmt_assign_vector: Get l-value for compressed += operand
    %load/vec4 v0000025c302712e0_0;
    %pushi/vec4 1, 0, 32;
    %add;
    %store/vec4 v0000025c302712e0_0, 0, 32;
    %jmp T_13.72;
T_13.73 ;
    %end;
    .scope S_0000025c301ed890;
t_72 %join;
    %vpi_call/w 3 301 "$display", "%8h, %8h, %8h, %8h, %8h", &A<v0000025c30275a80, 0>, &A<v0000025c30275a80, 1>, &A<v0000025c30275a80, 2>, &A<v0000025c30275a80, 3>, &A<v0000025c30275a80, 4> {0 0 0};
    %delay 100000, 0;
    %vpi_call/w 3 303 "$display", "Now going to send correct message for LSB" {0 0 0};
    %pushi/vec4 187, 0, 8;
    %ix/load 4, 0, 0;
    %flag_set/imm 4, 0;
    %store/vec4a v0000025c30275a80, 4, 0;
    %pushi/vec4 136, 0, 8;
    %ix/load 4, 1, 0;
    %flag_set/imm 4, 0;
    %store/vec4a v0000025c30275a80, 4, 0;
    %fork t_77, S_0000025c30274830;
    %jmp t_76;
    .scope S_0000025c30274830;
t_77 ;
    %pushi/vec4 0, 0, 32;
    %store/vec4 v0000025c302716a0_0, 0, 32;
T_13.76 ;
    %load/vec4 v0000025c302716a0_0;
    %cmpi/s 2, 0, 32;
    %jmp/0xz T_13.77, 5;
    %pushi/vec4 0, 0, 1;
    %store/vec4 v0000025c30275c60_0, 0, 1;
    %delay 8680000, 0;
    %fork t_79, S_0000025c30275000;
    %jmp t_78;
    .scope S_0000025c30275000;
t_79 ;
    %pushi/vec4 0, 0, 32;
    %store/vec4 v0000025c30271380_0, 0, 32;
T_13.78 ;
    %load/vec4 v0000025c30271380_0;
    %cmpi/s 8, 0, 32;
    %jmp/0xz T_13.79, 5;
    %ix/getv/s 4, v0000025c302716a0_0;
    %load/vec4a v0000025c30275a80, 4;
    %load/vec4 v0000025c30271380_0;
    %part/s 1;
    %store/vec4 v0000025c30275c60_0, 0, 1;
    %delay 8680000, 0;
    ; show_stmt_assign_vector: Get l-value for compressed += operand
    %load/vec4 v0000025c30271380_0;
    %pushi/vec4 1, 0, 32;
    %add;
    %store/vec4 v0000025c30271380_0, 0, 32;
    %jmp T_13.78;
T_13.79 ;
    %end;
    .scope S_0000025c30274830;
t_78 %join;
    %pushi/vec4 1, 0, 1;
    %store/vec4 v0000025c30275c60_0, 0, 1;
    %delay 8680000, 0;
    ; show_stmt_assign_vector: Get l-value for compressed += operand
    %load/vec4 v0000025c302716a0_0;
    %pushi/vec4 1, 0, 32;
    %add;
    %store/vec4 v0000025c302716a0_0, 0, 32;
    %jmp T_13.76;
T_13.77 ;
    %end;
    .scope S_0000025c301ed890;
t_76 %join;
    %vpi_call/w 3 316 "$display", "Finished sending correct message hope to get MSB message" {0 0 0};
    %vpi_call/w 3 317 "$display", "%16h", v0000025c30275b20_0 {0 0 0};
    %delay 1000000, 0;
    %vpi_call/w 3 319 "$display", "Simulation finished" {0 0 0};
    %vpi_call/w 3 320 "$finish" {0 0 0};
    %end;
    .thread T_13;
# The file index is used to find the file name in the following table.
:file_names 7;
    "N/A";
    "<interactive>";
    "-";
    "sim/uart_imu_new_tb.sv";
    "hdl/uart_imu_new.sv";
    "hdl/uart_rx.sv";
    "hdl/uart_tx.sv";
