#! /c/Source/iverilog-install/bin/vvp
:ivl_version "12.0 (devel)" "(s20150603-1539-g2693dd32b)";
:ivl_delay_selection "TYPICAL";
:vpi_time_precision - 12;
:vpi_module "C:\iverilog\lib\ivl\system.vpi";
:vpi_module "C:\iverilog\lib\ivl\vhdl_sys.vpi";
:vpi_module "C:\iverilog\lib\ivl\vhdl_textio.vpi";
:vpi_module "C:\iverilog\lib\ivl\v2005_math.vpi";
:vpi_module "C:\iverilog\lib\ivl\va_math.vpi";
:vpi_module "C:\iverilog\lib\ivl\v2009.vpi";
S_0000020847226840 .scope package, "$unit" "$unit" 2 1;
 .timescale 0 0;
S_0000020847226cf0 .scope module, "uart_imu_tb" "uart_imu_tb" 3 4;
 .timescale -9 -12;
P_0000020847227110 .param/l "BAUD_RATE" 0 3 26, +C4<00000000000000011100001000000000>;
P_0000020847227148 .param/l "BAUD_RATE_DIVISOR" 0 3 31, +C4<00000000000000000000001101100100>;
P_0000020847227180 .param/l "BOOT_TIME" 0 3 30, +C4<00000000011110100001001000000000>;
P_00000208472271b8 .param/l "CLOCK_FREQ" 0 3 25, +C4<00000101111101011110000100000000>;
P_00000208472271f0 .param/l "DATA_BITS" 0 3 27, +C4<00000000000000000000000000001000>;
P_0000020847227228 .param/l "PARITY_BIT" 0 3 29, +C4<00000000000000000000000000000000>;
P_0000020847227260 .param/l "STOP_BITS" 0 3 28, +C4<00000000000000000000000000000001>;
v000002084726c880_0 .array/port v000002084726c880, 0;
L_00000208471eae80 .functor BUFZ 8, v000002084726c880_0, C4<00000000>, C4<00000000>, C4<00000000>;
v000002084726c880_1 .array/port v000002084726c880, 1;
L_00000208471eaf60 .functor BUFZ 8, v000002084726c880_1, C4<00000000>, C4<00000000>, C4<00000000>;
v000002084726c880_2 .array/port v000002084726c880, 2;
L_00000208471ea390 .functor BUFZ 8, v000002084726c880_2, C4<00000000>, C4<00000000>, C4<00000000>;
v000002084726c880_3 .array/port v000002084726c880, 3;
L_00000208471ea860 .functor BUFZ 8, v000002084726c880_3, C4<00000000>, C4<00000000>, C4<00000000>;
v000002084726c880_4 .array/port v000002084726c880, 4;
L_00000208471ea0f0 .functor BUFZ 8, v000002084726c880_4, C4<00000000>, C4<00000000>, C4<00000000>;
v000002084726d550_0 .var "clk", 0 0;
v000002084726d870 .array "data_sent", 0 4, 7 0;
v000002084726d730 .array "debug_data", 0 4, 7 0;
v000002084726d690_0 .net "heading", 15 0, v000002084726cb50_0;  1 drivers
v000002084726ce70_0 .var "rst", 0 0;
v000002084726cf10_0 .var "rx", 0 0;
v000002084726d0f0_0 .net "tx", 0 0, v000002084726cd30_0;  1 drivers
S_00000208472272a0 .scope begin, "$ivl_for_loop0" "$ivl_for_loop0" 3 52, 3 52 0, S_0000020847226cf0;
 .timescale -9 -12;
v00000208471b4700_0 .var/i "i", 31 0;
S_00000208471c16b0 .scope begin, "$ivl_for_loop1" "$ivl_for_loop1" 3 54, 3 54 0, S_00000208472272a0;
 .timescale -9 -12;
v00000208471b4660_0 .var/i "j", 31 0;
S_00000208471c1840 .scope begin, "$ivl_for_loop2" "$ivl_for_loop2" 3 66, 3 66 0, S_0000020847226cf0;
 .timescale -9 -12;
v00000208471c1a70_0 .var/i "i", 31 0;
S_00000208470914f0 .scope begin, "$ivl_for_loop3" "$ivl_for_loop3" 3 69, 3 69 0, S_00000208471c1840;
 .timescale -9 -12;
v00000208471c19d0_0 .var/i "j", 31 0;
S_0000020847091680 .scope begin, "$ivl_for_loop4" "$ivl_for_loop4" 3 79, 3 79 0, S_0000020847226cf0;
 .timescale -9 -12;
v000002084722a830_0 .var/i "i", 31 0;
S_0000020847091810 .scope begin, "$ivl_for_loop5" "$ivl_for_loop5" 3 81, 3 81 0, S_0000020847091680;
 .timescale -9 -12;
v000002084722a790_0 .var/i "j", 31 0;
S_000002084722a8d0 .scope module, "uut" "uart_imu" 3 13, 4 4 0, S_0000020847226cf0;
 .timescale -9 -12;
    .port_info 0 /INPUT 1 "clk";
    .port_info 1 /INPUT 1 "rst";
    .port_info 2 /INPUT 1 "rx";
    .port_info 3 /OUTPUT 1 "tx";
    .port_info 4 /OUTPUT 16 "heading";
    .port_info 5 /OUTPUT 40 "debug_data";
P_000002084722aa60 .param/l "BAUD_RATE" 0 4 15, +C4<00000000000000011100001000000000>;
P_000002084722aa98 .param/l "BAUD_RATE_DIVISOR" 0 4 20, +C4<00000000000000000000001101100100>;
P_000002084722aad0 .param/l "BOOT_TIME" 0 4 19, +C4<00000000000000011000011010100000>;
P_000002084722ab08 .param/l "CLOCK_FREQ" 0 4 14, +C4<00000101111101011110000100000000>;
P_000002084722ab40 .param/l "DATA_BITS" 0 4 16, +C4<00000000000000000000000000001000>;
P_000002084722ab78 .param/l "PARITY_BIT" 0 4 18, +C4<00000000000000000000000000000000>;
P_000002084722abb0 .param/l "STOP_BITS" 0 4 17, +C4<00000000000000000000000000000001>;
enum00000208471fc680 .enum4 (5)
   "BOOT" 5'b00000,
   "SET_OPR_MODE" 5'b00001,
   "OPR_MODE_RESPONSE" 5'b00010,
   "READ_CALI" 5'b00011,
   "CALI_STATE_RESPONSE" 5'b00100,
   "READ_DIRECTION_MSB" 5'b00101,
   "DIRECTION_RESPONSE_MSB" 5'b00110,
   "READ_DIRECTION_LSB" 5'b00111,
   "DIRECTION_RESPONSE_LSB" 5'b01000
 ;
enum000002084720c730 .enum4 (3)
   "IDLE" 3'b000,
   "START_BIT" 3'b001,
   "BYTE" 3'b010,
   "STOP_BIT" 3'b011,
   "DONE" 3'b100
 ;
v000002084722abf0_0 .var "baud_rate_counter", 12 0;
v000002084722ac90_0 .var "bit_index", 3 0;
v000002084722ad30_0 .var "byte_index", 3 0;
v000002084722add0_0 .net "clk", 0 0, v000002084726d550_0;  1 drivers
v000002084722ae70_0 .var "current_state", 4 0;
v000002084722af10 .array "data_to_send", 0 4, 7 0;
v000002084726c880 .array "debug_data", 0 4, 7 0;
v000002084726cfb0_0 .var "debug_data0", 7 0;
v000002084726cbf0_0 .var "debug_data1", 7 0;
v000002084726d370_0 .var "debug_data2", 7 0;
v000002084726cdd0_0 .var "debug_data3", 7 0;
v000002084726d4b0_0 .var "debug_data4", 7 0;
v000002084726cb50_0 .var "heading", 15 0;
v000002084726cc90_0 .var "heading_current", 15 0;
v000002084726d190_0 .var "read_state", 2 0;
v000002084726d5f0 .array "received_data", 0 4, 7 0;
v000002084726d2d0_0 .net "rst", 0 0, v000002084726ce70_0;  1 drivers
v000002084726d410_0 .net "rx", 0 0, v000002084726cf10_0;  1 drivers
v000002084726cd30_0 .var "tx", 0 0;
v000002084726d050_0 .var "wait_counter", 22 0;
v000002084726d230_0 .var "write_state", 2 0;
E_0000020847221e40 .event posedge, v000002084722add0_0;
    .scope S_000002084722a8d0;
T_0 ;
    %wait E_0000020847221e40;
    %ix/load 4, 0, 0;
    %flag_set/imm 4, 0;
    %load/vec4a v000002084726c880, 4;
    %assign/vec4 v000002084726cfb0_0, 0;
    %ix/load 4, 1, 0;
    %flag_set/imm 4, 0;
    %load/vec4a v000002084726c880, 4;
    %assign/vec4 v000002084726cbf0_0, 0;
    %ix/load 4, 2, 0;
    %flag_set/imm 4, 0;
    %load/vec4a v000002084726c880, 4;
    %assign/vec4 v000002084726d370_0, 0;
    %ix/load 4, 3, 0;
    %flag_set/imm 4, 0;
    %load/vec4a v000002084726c880, 4;
    %assign/vec4 v000002084726cdd0_0, 0;
    %ix/load 4, 4, 0;
    %flag_set/imm 4, 0;
    %load/vec4a v000002084726c880, 4;
    %assign/vec4 v000002084726d4b0_0, 0;
    %load/vec4 v000002084726d2d0_0;
    %flag_set/vec4 8;
    %jmp/0xz  T_0.0, 8;
    %pushi/vec4 0, 0, 5;
    %assign/vec4 v000002084722ae70_0, 0;
    %pushi/vec4 0, 0, 3;
    %assign/vec4 v000002084726d230_0, 0;
    %pushi/vec4 0, 0, 3;
    %assign/vec4 v000002084726d190_0, 0;
    %pushi/vec4 0, 0, 23;
    %assign/vec4 v000002084726d050_0, 0;
    %pushi/vec4 0, 0, 16;
    %store/vec4 v000002084726cc90_0, 0, 16;
    %pushi/vec4 0, 0, 16;
    %assign/vec4 v000002084726cb50_0, 0;
    %pushi/vec4 0, 0, 8;
    %ix/load 3, 0, 0;
    %flag_set/imm 4, 0;
    %ix/load 4, 0, 0; Constant delay
    %assign/vec4/a/d v000002084726c880, 0, 4;
    %pushi/vec4 0, 0, 8;
    %ix/load 3, 1, 0;
    %flag_set/imm 4, 0;
    %ix/load 4, 0, 0; Constant delay
    %assign/vec4/a/d v000002084726c880, 0, 4;
    %pushi/vec4 0, 0, 8;
    %ix/load 3, 2, 0;
    %flag_set/imm 4, 0;
    %ix/load 4, 0, 0; Constant delay
    %assign/vec4/a/d v000002084726c880, 0, 4;
    %pushi/vec4 0, 0, 8;
    %ix/load 3, 3, 0;
    %flag_set/imm 4, 0;
    %ix/load 4, 0, 0; Constant delay
    %assign/vec4/a/d v000002084726c880, 0, 4;
    %pushi/vec4 0, 0, 8;
    %ix/load 3, 4, 0;
    %flag_set/imm 4, 0;
    %ix/load 4, 0, 0; Constant delay
    %assign/vec4/a/d v000002084726c880, 0, 4;
    %pushi/vec4 1, 0, 1;
    %assign/vec4 v000002084726cd30_0, 0;
    %pushi/vec4 170, 0, 8;
    %ix/load 3, 0, 0;
    %flag_set/imm 4, 0;
    %ix/load 4, 0, 0; Constant delay
    %assign/vec4/a/d v000002084722af10, 0, 4;
    %pushi/vec4 0, 0, 8;
    %ix/load 3, 1, 0;
    %flag_set/imm 4, 0;
    %ix/load 4, 0, 0; Constant delay
    %assign/vec4/a/d v000002084722af10, 0, 4;
    %pushi/vec4 61, 0, 8;
    %ix/load 3, 2, 0;
    %flag_set/imm 4, 0;
    %ix/load 4, 0, 0; Constant delay
    %assign/vec4/a/d v000002084722af10, 0, 4;
    %pushi/vec4 1, 0, 8;
    %ix/load 3, 3, 0;
    %flag_set/imm 4, 0;
    %ix/load 4, 0, 0; Constant delay
    %assign/vec4/a/d v000002084722af10, 0, 4;
    %pushi/vec4 12, 0, 8;
    %ix/load 3, 4, 0;
    %flag_set/imm 4, 0;
    %ix/load 4, 0, 0; Constant delay
    %assign/vec4/a/d v000002084722af10, 0, 4;
    %pushi/vec4 0, 0, 8;
    %ix/load 3, 0, 0;
    %flag_set/imm 4, 0;
    %ix/load 4, 0, 0; Constant delay
    %assign/vec4/a/d v000002084726d5f0, 0, 4;
    %pushi/vec4 0, 0, 8;
    %ix/load 3, 1, 0;
    %flag_set/imm 4, 0;
    %ix/load 4, 0, 0; Constant delay
    %assign/vec4/a/d v000002084726d5f0, 0, 4;
    %pushi/vec4 0, 0, 8;
    %ix/load 3, 2, 0;
    %flag_set/imm 4, 0;
    %ix/load 4, 0, 0; Constant delay
    %assign/vec4/a/d v000002084726d5f0, 0, 4;
    %pushi/vec4 0, 0, 8;
    %ix/load 3, 3, 0;
    %flag_set/imm 4, 0;
    %ix/load 4, 0, 0; Constant delay
    %assign/vec4/a/d v000002084726d5f0, 0, 4;
    %pushi/vec4 0, 0, 8;
    %ix/load 3, 4, 0;
    %flag_set/imm 4, 0;
    %ix/load 4, 0, 0; Constant delay
    %assign/vec4/a/d v000002084726d5f0, 0, 4;
    %jmp T_0.1;
T_0.0 ;
    %load/vec4 v000002084722ae70_0;
    %dup/vec4;
    %pushi/vec4 0, 0, 5;
    %cmp/u;
    %jmp/1 T_0.2, 6;
    %dup/vec4;
    %pushi/vec4 1, 0, 5;
    %cmp/u;
    %jmp/1 T_0.3, 6;
    %dup/vec4;
    %pushi/vec4 2, 0, 5;
    %cmp/u;
    %jmp/1 T_0.4, 6;
    %dup/vec4;
    %pushi/vec4 3, 0, 5;
    %cmp/u;
    %jmp/1 T_0.5, 6;
    %dup/vec4;
    %pushi/vec4 4, 0, 5;
    %cmp/u;
    %jmp/1 T_0.6, 6;
    %dup/vec4;
    %pushi/vec4 5, 0, 5;
    %cmp/u;
    %jmp/1 T_0.7, 6;
    %dup/vec4;
    %pushi/vec4 6, 0, 5;
    %cmp/u;
    %jmp/1 T_0.8, 6;
    %dup/vec4;
    %pushi/vec4 7, 0, 5;
    %cmp/u;
    %jmp/1 T_0.9, 6;
    %dup/vec4;
    %pushi/vec4 8, 0, 5;
    %cmp/u;
    %jmp/1 T_0.10, 6;
    %jmp T_0.11;
T_0.2 ;
    %load/vec4 v000002084726d050_0;
    %pad/u 32;
    %cmpi/u 100000, 0, 32;
    %jmp/0xz  T_0.12, 5;
    %load/vec4 v000002084726d050_0;
    %addi 1, 0, 23;
    %assign/vec4 v000002084726d050_0, 0;
    %jmp T_0.13;
T_0.12 ;
    %pushi/vec4 0, 0, 23;
    %assign/vec4 v000002084726d050_0, 0;
    %pushi/vec4 1, 0, 5;
    %assign/vec4 v000002084722ae70_0, 0;
    %pushi/vec4 170, 0, 8;
    %ix/load 3, 0, 0;
    %flag_set/imm 4, 0;
    %ix/load 4, 0, 0; Constant delay
    %assign/vec4/a/d v000002084722af10, 0, 4;
    %pushi/vec4 0, 0, 8;
    %ix/load 3, 1, 0;
    %flag_set/imm 4, 0;
    %ix/load 4, 0, 0; Constant delay
    %assign/vec4/a/d v000002084722af10, 0, 4;
    %pushi/vec4 61, 0, 8;
    %ix/load 3, 2, 0;
    %flag_set/imm 4, 0;
    %ix/load 4, 0, 0; Constant delay
    %assign/vec4/a/d v000002084722af10, 0, 4;
    %pushi/vec4 1, 0, 8;
    %ix/load 3, 3, 0;
    %flag_set/imm 4, 0;
    %ix/load 4, 0, 0; Constant delay
    %assign/vec4/a/d v000002084722af10, 0, 4;
    %pushi/vec4 12, 0, 8;
    %ix/load 3, 4, 0;
    %flag_set/imm 4, 0;
    %ix/load 4, 0, 0; Constant delay
    %assign/vec4/a/d v000002084722af10, 0, 4;
T_0.13 ;
    %jmp T_0.11;
T_0.3 ;
    %ix/load 4, 0, 0;
    %flag_set/imm 4, 0;
    %load/vec4a v000002084722af10, 4;
    %ix/load 3, 0, 0;
    %flag_set/imm 4, 0;
    %ix/load 4, 0, 0; Constant delay
    %assign/vec4/a/d v000002084726c880, 0, 4;
    %ix/load 4, 1, 0;
    %flag_set/imm 4, 0;
    %load/vec4a v000002084722af10, 4;
    %ix/load 3, 1, 0;
    %flag_set/imm 4, 0;
    %ix/load 4, 0, 0; Constant delay
    %assign/vec4/a/d v000002084726c880, 0, 4;
    %ix/load 4, 2, 0;
    %flag_set/imm 4, 0;
    %load/vec4a v000002084722af10, 4;
    %ix/load 3, 2, 0;
    %flag_set/imm 4, 0;
    %ix/load 4, 0, 0; Constant delay
    %assign/vec4/a/d v000002084726c880, 0, 4;
    %ix/load 4, 3, 0;
    %flag_set/imm 4, 0;
    %load/vec4a v000002084722af10, 4;
    %ix/load 3, 3, 0;
    %flag_set/imm 4, 0;
    %ix/load 4, 0, 0; Constant delay
    %assign/vec4/a/d v000002084726c880, 0, 4;
    %ix/load 4, 4, 0;
    %flag_set/imm 4, 0;
    %load/vec4a v000002084722af10, 4;
    %ix/load 3, 4, 0;
    %flag_set/imm 4, 0;
    %ix/load 4, 0, 0; Constant delay
    %assign/vec4/a/d v000002084726c880, 0, 4;
    %load/vec4 v000002084726d230_0;
    %cmpi/e 4, 0, 3;
    %jmp/0xz  T_0.14, 4;
    %pushi/vec4 2, 0, 5;
    %assign/vec4 v000002084722ae70_0, 0;
T_0.14 ;
    %jmp T_0.11;
T_0.4 ;
    %ix/load 4, 0, 0;
    %flag_set/imm 4, 0;
    %load/vec4a v000002084726d5f0, 4;
    %ix/load 3, 0, 0;
    %flag_set/imm 4, 0;
    %ix/load 4, 0, 0; Constant delay
    %assign/vec4/a/d v000002084726c880, 0, 4;
    %ix/load 4, 1, 0;
    %flag_set/imm 4, 0;
    %load/vec4a v000002084726d5f0, 4;
    %ix/load 3, 1, 0;
    %flag_set/imm 4, 0;
    %ix/load 4, 0, 0; Constant delay
    %assign/vec4/a/d v000002084726c880, 0, 4;
    %ix/load 4, 2, 0;
    %flag_set/imm 4, 0;
    %load/vec4a v000002084726d5f0, 4;
    %ix/load 3, 2, 0;
    %flag_set/imm 4, 0;
    %ix/load 4, 0, 0; Constant delay
    %assign/vec4/a/d v000002084726c880, 0, 4;
    %ix/load 4, 3, 0;
    %flag_set/imm 4, 0;
    %load/vec4a v000002084726d5f0, 4;
    %ix/load 3, 3, 0;
    %flag_set/imm 4, 0;
    %ix/load 4, 0, 0; Constant delay
    %assign/vec4/a/d v000002084726c880, 0, 4;
    %ix/load 4, 4, 0;
    %flag_set/imm 4, 0;
    %load/vec4a v000002084726d5f0, 4;
    %ix/load 3, 4, 0;
    %flag_set/imm 4, 0;
    %ix/load 4, 0, 0; Constant delay
    %assign/vec4/a/d v000002084726c880, 0, 4;
    %load/vec4 v000002084726d190_0;
    %cmpi/e 4, 0, 3;
    %jmp/0xz  T_0.16, 4;
    %ix/load 4, 0, 0;
    %flag_set/imm 4, 0;
    %load/vec4a v000002084726d5f0, 4;
    %cmpi/e 238, 0, 8;
    %flag_get/vec4 4;
    %jmp/0 T_0.20, 4;
    %ix/load 4, 1, 0;
    %flag_set/imm 4, 0;
    %load/vec4a v000002084726d5f0, 4;
    %pushi/vec4 1, 0, 8;
    %cmp/e;
    %flag_get/vec4 4;
    %and;
T_0.20;
    %flag_set/vec4 8;
    %jmp/0xz  T_0.18, 8;
    %pushi/vec4 3, 0, 5;
    %assign/vec4 v000002084722ae70_0, 0;
    %pushi/vec4 1, 0, 4;
    %assign/vec4 v000002084722ad30_0, 0;
    %pushi/vec4 170, 0, 8;
    %ix/load 3, 1, 0;
    %flag_set/imm 4, 0;
    %ix/load 4, 0, 0; Constant delay
    %assign/vec4/a/d v000002084722af10, 0, 4;
    %pushi/vec4 1, 0, 8;
    %ix/load 3, 2, 0;
    %flag_set/imm 4, 0;
    %ix/load 4, 0, 0; Constant delay
    %assign/vec4/a/d v000002084722af10, 0, 4;
    %pushi/vec4 53, 0, 8;
    %ix/load 3, 3, 0;
    %flag_set/imm 4, 0;
    %ix/load 4, 0, 0; Constant delay
    %assign/vec4/a/d v000002084722af10, 0, 4;
    %pushi/vec4 8, 0, 8;
    %ix/load 3, 4, 0;
    %flag_set/imm 4, 0;
    %ix/load 4, 0, 0; Constant delay
    %assign/vec4/a/d v000002084722af10, 0, 4;
    %jmp T_0.19;
T_0.18 ;
    %pushi/vec4 1, 0, 5;
    %assign/vec4 v000002084722ae70_0, 0;
    %pushi/vec4 170, 0, 8;
    %ix/load 3, 0, 0;
    %flag_set/imm 4, 0;
    %ix/load 4, 0, 0; Constant delay
    %assign/vec4/a/d v000002084722af10, 0, 4;
    %pushi/vec4 0, 0, 8;
    %ix/load 3, 1, 0;
    %flag_set/imm 4, 0;
    %ix/load 4, 0, 0; Constant delay
    %assign/vec4/a/d v000002084722af10, 0, 4;
    %pushi/vec4 61, 0, 8;
    %ix/load 3, 2, 0;
    %flag_set/imm 4, 0;
    %ix/load 4, 0, 0; Constant delay
    %assign/vec4/a/d v000002084722af10, 0, 4;
    %pushi/vec4 1, 0, 8;
    %ix/load 3, 3, 0;
    %flag_set/imm 4, 0;
    %ix/load 4, 0, 0; Constant delay
    %assign/vec4/a/d v000002084722af10, 0, 4;
    %pushi/vec4 12, 0, 8;
    %ix/load 3, 4, 0;
    %flag_set/imm 4, 0;
    %ix/load 4, 0, 0; Constant delay
    %assign/vec4/a/d v000002084722af10, 0, 4;
T_0.19 ;
T_0.16 ;
    %jmp T_0.11;
T_0.5 ;
    %ix/load 4, 0, 0;
    %flag_set/imm 4, 0;
    %load/vec4a v000002084722af10, 4;
    %ix/load 3, 0, 0;
    %flag_set/imm 4, 0;
    %ix/load 4, 0, 0; Constant delay
    %assign/vec4/a/d v000002084726c880, 0, 4;
    %ix/load 4, 1, 0;
    %flag_set/imm 4, 0;
    %load/vec4a v000002084722af10, 4;
    %ix/load 3, 1, 0;
    %flag_set/imm 4, 0;
    %ix/load 4, 0, 0; Constant delay
    %assign/vec4/a/d v000002084726c880, 0, 4;
    %ix/load 4, 2, 0;
    %flag_set/imm 4, 0;
    %load/vec4a v000002084722af10, 4;
    %ix/load 3, 2, 0;
    %flag_set/imm 4, 0;
    %ix/load 4, 0, 0; Constant delay
    %assign/vec4/a/d v000002084726c880, 0, 4;
    %ix/load 4, 3, 0;
    %flag_set/imm 4, 0;
    %load/vec4a v000002084722af10, 4;
    %ix/load 3, 3, 0;
    %flag_set/imm 4, 0;
    %ix/load 4, 0, 0; Constant delay
    %assign/vec4/a/d v000002084726c880, 0, 4;
    %ix/load 4, 4, 0;
    %flag_set/imm 4, 0;
    %load/vec4a v000002084722af10, 4;
    %ix/load 3, 4, 0;
    %flag_set/imm 4, 0;
    %ix/load 4, 0, 0; Constant delay
    %assign/vec4/a/d v000002084726c880, 0, 4;
    %load/vec4 v000002084726d230_0;
    %cmpi/e 4, 0, 3;
    %jmp/0xz  T_0.21, 4;
    %pushi/vec4 4, 0, 5;
    %assign/vec4 v000002084722ae70_0, 0;
T_0.21 ;
    %jmp T_0.11;
T_0.6 ;
    %ix/load 4, 0, 0;
    %flag_set/imm 4, 0;
    %load/vec4a v000002084726d5f0, 4;
    %ix/load 3, 0, 0;
    %flag_set/imm 4, 0;
    %ix/load 4, 0, 0; Constant delay
    %assign/vec4/a/d v000002084726c880, 0, 4;
    %ix/load 4, 1, 0;
    %flag_set/imm 4, 0;
    %load/vec4a v000002084726d5f0, 4;
    %ix/load 3, 1, 0;
    %flag_set/imm 4, 0;
    %ix/load 4, 0, 0; Constant delay
    %assign/vec4/a/d v000002084726c880, 0, 4;
    %ix/load 4, 2, 0;
    %flag_set/imm 4, 0;
    %load/vec4a v000002084726d5f0, 4;
    %ix/load 3, 2, 0;
    %flag_set/imm 4, 0;
    %ix/load 4, 0, 0; Constant delay
    %assign/vec4/a/d v000002084726c880, 0, 4;
    %ix/load 4, 3, 0;
    %flag_set/imm 4, 0;
    %load/vec4a v000002084726d5f0, 4;
    %ix/load 3, 3, 0;
    %flag_set/imm 4, 0;
    %ix/load 4, 0, 0; Constant delay
    %assign/vec4/a/d v000002084726c880, 0, 4;
    %ix/load 4, 4, 0;
    %flag_set/imm 4, 0;
    %load/vec4a v000002084726d5f0, 4;
    %ix/load 3, 4, 0;
    %flag_set/imm 4, 0;
    %ix/load 4, 0, 0; Constant delay
    %assign/vec4/a/d v000002084726c880, 0, 4;
    %load/vec4 v000002084726d190_0;
    %cmpi/e 4, 0, 3;
    %jmp/0xz  T_0.23, 4;
    %ix/load 4, 0, 0;
    %flag_set/imm 4, 0;
    %load/vec4a v000002084726d5f0, 4;
    %cmpi/e 187, 0, 8;
    %flag_get/vec4 4;
    %jmp/0 T_0.27, 4;
    %ix/load 4, 2, 0;
    %flag_set/imm 4, 0;
    %load/vec4a v000002084726d5f0, 4;
    %parti/s 2, 6, 4;
    %pushi/vec4 3, 0, 2;
    %cmp/e;
    %flag_get/vec4 4;
    %and;
T_0.27;
    %flag_set/vec4 8;
    %jmp/0xz  T_0.25, 8;
    %pushi/vec4 5, 0, 5;
    %assign/vec4 v000002084722ae70_0, 0;
    %pushi/vec4 1, 0, 4;
    %assign/vec4 v000002084722ad30_0, 0;
    %pushi/vec4 170, 0, 8;
    %ix/load 3, 1, 0;
    %flag_set/imm 4, 0;
    %ix/load 4, 0, 0; Constant delay
    %assign/vec4/a/d v000002084722af10, 0, 4;
    %pushi/vec4 1, 0, 8;
    %ix/load 3, 2, 0;
    %flag_set/imm 4, 0;
    %ix/load 4, 0, 0; Constant delay
    %assign/vec4/a/d v000002084722af10, 0, 4;
    %pushi/vec4 27, 0, 8;
    %ix/load 3, 3, 0;
    %flag_set/imm 4, 0;
    %ix/load 4, 0, 0; Constant delay
    %assign/vec4/a/d v000002084722af10, 0, 4;
    %pushi/vec4 8, 0, 8;
    %ix/load 3, 4, 0;
    %flag_set/imm 4, 0;
    %ix/load 4, 0, 0; Constant delay
    %assign/vec4/a/d v000002084722af10, 0, 4;
    %jmp T_0.26;
T_0.25 ;
    %pushi/vec4 3, 0, 5;
    %assign/vec4 v000002084722ae70_0, 0;
    %pushi/vec4 1, 0, 4;
    %assign/vec4 v000002084722ad30_0, 0;
    %pushi/vec4 170, 0, 8;
    %ix/load 3, 1, 0;
    %flag_set/imm 4, 0;
    %ix/load 4, 0, 0; Constant delay
    %assign/vec4/a/d v000002084722af10, 0, 4;
    %pushi/vec4 1, 0, 8;
    %ix/load 3, 2, 0;
    %flag_set/imm 4, 0;
    %ix/load 4, 0, 0; Constant delay
    %assign/vec4/a/d v000002084722af10, 0, 4;
    %pushi/vec4 53, 0, 8;
    %ix/load 3, 3, 0;
    %flag_set/imm 4, 0;
    %ix/load 4, 0, 0; Constant delay
    %assign/vec4/a/d v000002084722af10, 0, 4;
    %pushi/vec4 8, 0, 8;
    %ix/load 3, 4, 0;
    %flag_set/imm 4, 0;
    %ix/load 4, 0, 0; Constant delay
    %assign/vec4/a/d v000002084722af10, 0, 4;
T_0.26 ;
T_0.23 ;
    %jmp T_0.11;
T_0.7 ;
    %ix/load 4, 0, 0;
    %flag_set/imm 4, 0;
    %load/vec4a v000002084722af10, 4;
    %ix/load 3, 0, 0;
    %flag_set/imm 4, 0;
    %ix/load 4, 0, 0; Constant delay
    %assign/vec4/a/d v000002084726c880, 0, 4;
    %ix/load 4, 1, 0;
    %flag_set/imm 4, 0;
    %load/vec4a v000002084722af10, 4;
    %ix/load 3, 1, 0;
    %flag_set/imm 4, 0;
    %ix/load 4, 0, 0; Constant delay
    %assign/vec4/a/d v000002084726c880, 0, 4;
    %ix/load 4, 2, 0;
    %flag_set/imm 4, 0;
    %load/vec4a v000002084722af10, 4;
    %ix/load 3, 2, 0;
    %flag_set/imm 4, 0;
    %ix/load 4, 0, 0; Constant delay
    %assign/vec4/a/d v000002084726c880, 0, 4;
    %ix/load 4, 3, 0;
    %flag_set/imm 4, 0;
    %load/vec4a v000002084722af10, 4;
    %ix/load 3, 3, 0;
    %flag_set/imm 4, 0;
    %ix/load 4, 0, 0; Constant delay
    %assign/vec4/a/d v000002084726c880, 0, 4;
    %ix/load 4, 4, 0;
    %flag_set/imm 4, 0;
    %load/vec4a v000002084722af10, 4;
    %ix/load 3, 4, 0;
    %flag_set/imm 4, 0;
    %ix/load 4, 0, 0; Constant delay
    %assign/vec4/a/d v000002084726c880, 0, 4;
    %load/vec4 v000002084726d230_0;
    %cmpi/e 4, 0, 3;
    %jmp/0xz  T_0.28, 4;
    %pushi/vec4 6, 0, 5;
    %assign/vec4 v000002084722ae70_0, 0;
T_0.28 ;
    %jmp T_0.11;
T_0.8 ;
    %ix/load 4, 0, 0;
    %flag_set/imm 4, 0;
    %load/vec4a v000002084726d5f0, 4;
    %ix/load 3, 0, 0;
    %flag_set/imm 4, 0;
    %ix/load 4, 0, 0; Constant delay
    %assign/vec4/a/d v000002084726c880, 0, 4;
    %ix/load 4, 1, 0;
    %flag_set/imm 4, 0;
    %load/vec4a v000002084726d5f0, 4;
    %ix/load 3, 1, 0;
    %flag_set/imm 4, 0;
    %ix/load 4, 0, 0; Constant delay
    %assign/vec4/a/d v000002084726c880, 0, 4;
    %ix/load 4, 2, 0;
    %flag_set/imm 4, 0;
    %load/vec4a v000002084726d5f0, 4;
    %ix/load 3, 2, 0;
    %flag_set/imm 4, 0;
    %ix/load 4, 0, 0; Constant delay
    %assign/vec4/a/d v000002084726c880, 0, 4;
    %ix/load 4, 3, 0;
    %flag_set/imm 4, 0;
    %load/vec4a v000002084726d5f0, 4;
    %ix/load 3, 3, 0;
    %flag_set/imm 4, 0;
    %ix/load 4, 0, 0; Constant delay
    %assign/vec4/a/d v000002084726c880, 0, 4;
    %ix/load 4, 4, 0;
    %flag_set/imm 4, 0;
    %load/vec4a v000002084726d5f0, 4;
    %ix/load 3, 4, 0;
    %flag_set/imm 4, 0;
    %ix/load 4, 0, 0; Constant delay
    %assign/vec4/a/d v000002084726c880, 0, 4;
    %load/vec4 v000002084726d190_0;
    %cmpi/e 4, 0, 3;
    %jmp/0xz  T_0.30, 4;
    %ix/load 4, 0, 0;
    %flag_set/imm 4, 0;
    %load/vec4a v000002084726d5f0, 4;
    %cmpi/e 187, 0, 8;
    %jmp/0xz  T_0.32, 4;
    %pushi/vec4 7, 0, 5;
    %assign/vec4 v000002084722ae70_0, 0;
    %pushi/vec4 1, 0, 4;
    %assign/vec4 v000002084722ad30_0, 0;
    %pushi/vec4 170, 0, 8;
    %ix/load 3, 1, 0;
    %flag_set/imm 4, 0;
    %ix/load 4, 0, 0; Constant delay
    %assign/vec4/a/d v000002084722af10, 0, 4;
    %pushi/vec4 1, 0, 8;
    %ix/load 3, 2, 0;
    %flag_set/imm 4, 0;
    %ix/load 4, 0, 0; Constant delay
    %assign/vec4/a/d v000002084722af10, 0, 4;
    %pushi/vec4 26, 0, 8;
    %ix/load 3, 3, 0;
    %flag_set/imm 4, 0;
    %ix/load 4, 0, 0; Constant delay
    %assign/vec4/a/d v000002084722af10, 0, 4;
    %pushi/vec4 8, 0, 8;
    %ix/load 3, 4, 0;
    %flag_set/imm 4, 0;
    %ix/load 4, 0, 0; Constant delay
    %assign/vec4/a/d v000002084722af10, 0, 4;
    %ix/load 4, 2, 0;
    %flag_set/imm 4, 0;
    %load/vec4a v000002084726d5f0, 4;
    %ix/load 4, 8, 0;
    %flag_set/imm 4, 0;
    %store/vec4 v000002084726cc90_0, 4, 8;
    %jmp T_0.33;
T_0.32 ;
    %pushi/vec4 5, 0, 5;
    %assign/vec4 v000002084722ae70_0, 0;
    %pushi/vec4 1, 0, 4;
    %assign/vec4 v000002084722ad30_0, 0;
    %pushi/vec4 170, 0, 8;
    %ix/load 3, 1, 0;
    %flag_set/imm 4, 0;
    %ix/load 4, 0, 0; Constant delay
    %assign/vec4/a/d v000002084722af10, 0, 4;
    %pushi/vec4 1, 0, 8;
    %ix/load 3, 2, 0;
    %flag_set/imm 4, 0;
    %ix/load 4, 0, 0; Constant delay
    %assign/vec4/a/d v000002084722af10, 0, 4;
    %pushi/vec4 27, 0, 8;
    %ix/load 3, 3, 0;
    %flag_set/imm 4, 0;
    %ix/load 4, 0, 0; Constant delay
    %assign/vec4/a/d v000002084722af10, 0, 4;
    %pushi/vec4 8, 0, 8;
    %ix/load 3, 4, 0;
    %flag_set/imm 4, 0;
    %ix/load 4, 0, 0; Constant delay
    %assign/vec4/a/d v000002084722af10, 0, 4;
T_0.33 ;
T_0.30 ;
    %jmp T_0.11;
T_0.9 ;
    %ix/load 4, 0, 0;
    %flag_set/imm 4, 0;
    %load/vec4a v000002084722af10, 4;
    %ix/load 3, 0, 0;
    %flag_set/imm 4, 0;
    %ix/load 4, 0, 0; Constant delay
    %assign/vec4/a/d v000002084726c880, 0, 4;
    %ix/load 4, 1, 0;
    %flag_set/imm 4, 0;
    %load/vec4a v000002084722af10, 4;
    %ix/load 3, 1, 0;
    %flag_set/imm 4, 0;
    %ix/load 4, 0, 0; Constant delay
    %assign/vec4/a/d v000002084726c880, 0, 4;
    %ix/load 4, 2, 0;
    %flag_set/imm 4, 0;
    %load/vec4a v000002084722af10, 4;
    %ix/load 3, 2, 0;
    %flag_set/imm 4, 0;
    %ix/load 4, 0, 0; Constant delay
    %assign/vec4/a/d v000002084726c880, 0, 4;
    %ix/load 4, 3, 0;
    %flag_set/imm 4, 0;
    %load/vec4a v000002084722af10, 4;
    %ix/load 3, 3, 0;
    %flag_set/imm 4, 0;
    %ix/load 4, 0, 0; Constant delay
    %assign/vec4/a/d v000002084726c880, 0, 4;
    %ix/load 4, 4, 0;
    %flag_set/imm 4, 0;
    %load/vec4a v000002084722af10, 4;
    %ix/load 3, 4, 0;
    %flag_set/imm 4, 0;
    %ix/load 4, 0, 0; Constant delay
    %assign/vec4/a/d v000002084726c880, 0, 4;
    %load/vec4 v000002084726d230_0;
    %cmpi/e 4, 0, 3;
    %jmp/0xz  T_0.34, 4;
    %pushi/vec4 8, 0, 5;
    %assign/vec4 v000002084722ae70_0, 0;
T_0.34 ;
    %jmp T_0.11;
T_0.10 ;
    %ix/load 4, 0, 0;
    %flag_set/imm 4, 0;
    %load/vec4a v000002084726d5f0, 4;
    %ix/load 3, 0, 0;
    %flag_set/imm 4, 0;
    %ix/load 4, 0, 0; Constant delay
    %assign/vec4/a/d v000002084726c880, 0, 4;
    %ix/load 4, 1, 0;
    %flag_set/imm 4, 0;
    %load/vec4a v000002084726d5f0, 4;
    %ix/load 3, 1, 0;
    %flag_set/imm 4, 0;
    %ix/load 4, 0, 0; Constant delay
    %assign/vec4/a/d v000002084726c880, 0, 4;
    %ix/load 4, 2, 0;
    %flag_set/imm 4, 0;
    %load/vec4a v000002084726d5f0, 4;
    %ix/load 3, 2, 0;
    %flag_set/imm 4, 0;
    %ix/load 4, 0, 0; Constant delay
    %assign/vec4/a/d v000002084726c880, 0, 4;
    %ix/load 4, 3, 0;
    %flag_set/imm 4, 0;
    %load/vec4a v000002084726d5f0, 4;
    %ix/load 3, 3, 0;
    %flag_set/imm 4, 0;
    %ix/load 4, 0, 0; Constant delay
    %assign/vec4/a/d v000002084726c880, 0, 4;
    %ix/load 4, 4, 0;
    %flag_set/imm 4, 0;
    %load/vec4a v000002084726d5f0, 4;
    %ix/load 3, 4, 0;
    %flag_set/imm 4, 0;
    %ix/load 4, 0, 0; Constant delay
    %assign/vec4/a/d v000002084726c880, 0, 4;
    %load/vec4 v000002084726d190_0;
    %cmpi/e 4, 0, 3;
    %jmp/0xz  T_0.36, 4;
    %ix/load 4, 0, 0;
    %flag_set/imm 4, 0;
    %load/vec4a v000002084726d5f0, 4;
    %cmpi/e 187, 0, 8;
    %jmp/0xz  T_0.38, 4;
    %pushi/vec4 5, 0, 5;
    %assign/vec4 v000002084722ae70_0, 0;
    %pushi/vec4 1, 0, 4;
    %assign/vec4 v000002084722ad30_0, 0;
    %pushi/vec4 170, 0, 8;
    %ix/load 3, 1, 0;
    %flag_set/imm 4, 0;
    %ix/load 4, 0, 0; Constant delay
    %assign/vec4/a/d v000002084722af10, 0, 4;
    %pushi/vec4 1, 0, 8;
    %ix/load 3, 2, 0;
    %flag_set/imm 4, 0;
    %ix/load 4, 0, 0; Constant delay
    %assign/vec4/a/d v000002084722af10, 0, 4;
    %pushi/vec4 27, 0, 8;
    %ix/load 3, 3, 0;
    %flag_set/imm 4, 0;
    %ix/load 4, 0, 0; Constant delay
    %assign/vec4/a/d v000002084722af10, 0, 4;
    %pushi/vec4 8, 0, 8;
    %ix/load 3, 4, 0;
    %flag_set/imm 4, 0;
    %ix/load 4, 0, 0; Constant delay
    %assign/vec4/a/d v000002084722af10, 0, 4;
    %ix/load 4, 2, 0;
    %flag_set/imm 4, 0;
    %load/vec4a v000002084726d5f0, 4;
    %ix/load 4, 0, 0;
    %ix/load 5, 0, 0;
    %flag_set/imm 4, 0;
    %assign/vec4/off/d v000002084726cc90_0, 4, 5;
    %load/vec4 v000002084726cc90_0;
    %assign/vec4 v000002084726cb50_0, 0;
    %jmp T_0.39;
T_0.38 ;
    %pushi/vec4 7, 0, 5;
    %assign/vec4 v000002084722ae70_0, 0;
    %pushi/vec4 1, 0, 4;
    %assign/vec4 v000002084722ad30_0, 0;
    %pushi/vec4 170, 0, 8;
    %ix/load 3, 1, 0;
    %flag_set/imm 4, 0;
    %ix/load 4, 0, 0; Constant delay
    %assign/vec4/a/d v000002084722af10, 0, 4;
    %pushi/vec4 1, 0, 8;
    %ix/load 3, 2, 0;
    %flag_set/imm 4, 0;
    %ix/load 4, 0, 0; Constant delay
    %assign/vec4/a/d v000002084722af10, 0, 4;
    %pushi/vec4 26, 0, 8;
    %ix/load 3, 3, 0;
    %flag_set/imm 4, 0;
    %ix/load 4, 0, 0; Constant delay
    %assign/vec4/a/d v000002084722af10, 0, 4;
    %pushi/vec4 8, 0, 8;
    %ix/load 3, 4, 0;
    %flag_set/imm 4, 0;
    %ix/load 4, 0, 0; Constant delay
    %assign/vec4/a/d v000002084722af10, 0, 4;
T_0.39 ;
T_0.36 ;
    %jmp T_0.11;
T_0.11 ;
    %pop/vec4 1;
T_0.1 ;
    %jmp T_0;
    .thread T_0;
    .scope S_000002084722a8d0;
T_1 ;
    %wait E_0000020847221e40;
    %load/vec4 v000002084726d2d0_0;
    %flag_set/vec4 8;
    %jmp/0xz  T_1.0, 8;
    %pushi/vec4 0, 0, 3;
    %assign/vec4 v000002084726d230_0, 0;
    %pushi/vec4 0, 0, 4;
    %assign/vec4 v000002084722ad30_0, 0;
    %pushi/vec4 0, 0, 4;
    %assign/vec4 v000002084722ac90_0, 0;
    %pushi/vec4 0, 0, 13;
    %assign/vec4 v000002084722abf0_0, 0;
    %jmp T_1.1;
T_1.0 ;
    %load/vec4 v000002084726d230_0;
    %dup/vec4;
    %pushi/vec4 0, 0, 3;
    %cmp/u;
    %jmp/1 T_1.2, 6;
    %dup/vec4;
    %pushi/vec4 1, 0, 3;
    %cmp/u;
    %jmp/1 T_1.3, 6;
    %dup/vec4;
    %pushi/vec4 2, 0, 3;
    %cmp/u;
    %jmp/1 T_1.4, 6;
    %dup/vec4;
    %pushi/vec4 3, 0, 3;
    %cmp/u;
    %jmp/1 T_1.5, 6;
    %dup/vec4;
    %pushi/vec4 4, 0, 3;
    %cmp/u;
    %jmp/1 T_1.6, 6;
    %jmp T_1.7;
T_1.2 ;
    %load/vec4 v000002084722ae70_0;
    %cmpi/e 1, 0, 5;
    %jmp/1 T_1.12, 4;
    %flag_mov 8, 4;
    %load/vec4 v000002084722ae70_0;
    %cmpi/e 3, 0, 5;
    %flag_or 4, 8;
T_1.12;
    %jmp/1 T_1.11, 4;
    %flag_mov 8, 4;
    %load/vec4 v000002084722ae70_0;
    %cmpi/e 5, 0, 5;
    %flag_or 4, 8;
T_1.11;
    %jmp/1 T_1.10, 4;
    %flag_mov 8, 4;
    %load/vec4 v000002084722ae70_0;
    %cmpi/e 7, 0, 5;
    %flag_or 4, 8;
T_1.10;
    %jmp/0xz  T_1.8, 4;
    %pushi/vec4 1, 0, 3;
    %assign/vec4 v000002084726d230_0, 0;
T_1.8 ;
    %jmp T_1.7;
T_1.3 ;
    %pushi/vec4 0, 0, 1;
    %assign/vec4 v000002084726cd30_0, 0;
    %load/vec4 v000002084722abf0_0;
    %addi 1, 0, 13;
    %assign/vec4 v000002084722abf0_0, 0;
    %load/vec4 v000002084722abf0_0;
    %pad/u 32;
    %cmpi/e 868, 0, 32;
    %jmp/0xz  T_1.13, 4;
    %pushi/vec4 0, 0, 13;
    %assign/vec4 v000002084722abf0_0, 0;
    %pushi/vec4 2, 0, 3;
    %assign/vec4 v000002084726d230_0, 0;
    %pushi/vec4 0, 0, 4;
    %assign/vec4 v000002084722ac90_0, 0;
T_1.13 ;
    %jmp T_1.7;
T_1.4 ;
    %ix/getv 4, v000002084722ad30_0;
    %load/vec4a v000002084722af10, 4;
    %load/vec4 v000002084722ac90_0;
    %part/u 1;
    %assign/vec4 v000002084726cd30_0, 0;
    %load/vec4 v000002084722abf0_0;
    %addi 1, 0, 13;
    %assign/vec4 v000002084722abf0_0, 0;
    %load/vec4 v000002084722abf0_0;
    %pad/u 32;
    %cmpi/e 868, 0, 32;
    %jmp/0xz  T_1.15, 4;
    %pushi/vec4 0, 0, 13;
    %assign/vec4 v000002084722abf0_0, 0;
    %load/vec4 v000002084722ac90_0;
    %addi 1, 0, 4;
    %assign/vec4 v000002084722ac90_0, 0;
    %load/vec4 v000002084722ac90_0;
    %pad/u 32;
    %cmpi/e 7, 0, 32;
    %jmp/0xz  T_1.17, 4;
    %pushi/vec4 3, 0, 3;
    %assign/vec4 v000002084726d230_0, 0;
T_1.17 ;
T_1.15 ;
    %jmp T_1.7;
T_1.5 ;
    %pushi/vec4 1, 0, 1;
    %assign/vec4 v000002084726cd30_0, 0;
    %load/vec4 v000002084722abf0_0;
    %addi 1, 0, 13;
    %assign/vec4 v000002084722abf0_0, 0;
    %load/vec4 v000002084722abf0_0;
    %pad/u 32;
    %cmpi/e 868, 0, 32;
    %jmp/0xz  T_1.19, 4;
    %pushi/vec4 0, 0, 13;
    %assign/vec4 v000002084722abf0_0, 0;
    %load/vec4 v000002084722ad30_0;
    %addi 1, 0, 4;
    %assign/vec4 v000002084722ad30_0, 0;
    %load/vec4 v000002084722ad30_0;
    %pad/u 32;
    %cmpi/e 4, 0, 32;
    %jmp/0xz  T_1.21, 4;
    %pushi/vec4 4, 0, 3;
    %assign/vec4 v000002084726d230_0, 0;
    %jmp T_1.22;
T_1.21 ;
    %pushi/vec4 1, 0, 3;
    %assign/vec4 v000002084726d230_0, 0;
T_1.22 ;
T_1.19 ;
    %jmp T_1.7;
T_1.6 ;
    %pushi/vec4 0, 0, 3;
    %assign/vec4 v000002084726d230_0, 0;
    %pushi/vec4 0, 0, 4;
    %assign/vec4 v000002084722ad30_0, 0;
    %pushi/vec4 0, 0, 4;
    %assign/vec4 v000002084722ac90_0, 0;
    %pushi/vec4 0, 0, 13;
    %assign/vec4 v000002084722abf0_0, 0;
    %jmp T_1.7;
T_1.7 ;
    %pop/vec4 1;
T_1.1 ;
    %jmp T_1;
    .thread T_1;
    .scope S_000002084722a8d0;
T_2 ;
    %wait E_0000020847221e40;
    %load/vec4 v000002084726d2d0_0;
    %flag_set/vec4 8;
    %jmp/0xz  T_2.0, 8;
    %pushi/vec4 0, 0, 3;
    %assign/vec4 v000002084726d190_0, 0;
    %pushi/vec4 0, 0, 4;
    %assign/vec4 v000002084722ad30_0, 0;
    %pushi/vec4 0, 0, 4;
    %assign/vec4 v000002084722ac90_0, 0;
    %pushi/vec4 0, 0, 13;
    %assign/vec4 v000002084722abf0_0, 0;
    %jmp T_2.1;
T_2.0 ;
    %load/vec4 v000002084726d190_0;
    %dup/vec4;
    %pushi/vec4 0, 0, 3;
    %cmp/u;
    %jmp/1 T_2.2, 6;
    %dup/vec4;
    %pushi/vec4 1, 0, 3;
    %cmp/u;
    %jmp/1 T_2.3, 6;
    %dup/vec4;
    %pushi/vec4 2, 0, 3;
    %cmp/u;
    %jmp/1 T_2.4, 6;
    %dup/vec4;
    %pushi/vec4 3, 0, 3;
    %cmp/u;
    %jmp/1 T_2.5, 6;
    %dup/vec4;
    %pushi/vec4 4, 0, 3;
    %cmp/u;
    %jmp/1 T_2.6, 6;
    %jmp T_2.7;
T_2.2 ;
    %load/vec4 v000002084722ae70_0;
    %cmpi/e 2, 0, 5;
    %jmp/1 T_2.12, 4;
    %flag_mov 8, 4;
    %load/vec4 v000002084722ae70_0;
    %cmpi/e 4, 0, 5;
    %flag_or 4, 8;
T_2.12;
    %jmp/1 T_2.11, 4;
    %flag_mov 8, 4;
    %load/vec4 v000002084722ae70_0;
    %cmpi/e 6, 0, 5;
    %flag_or 4, 8;
T_2.11;
    %jmp/1 T_2.10, 4;
    %flag_mov 8, 4;
    %load/vec4 v000002084722ae70_0;
    %cmpi/e 8, 0, 5;
    %flag_or 4, 8;
T_2.10;
    %jmp/0xz  T_2.8, 4;
    %pushi/vec4 1, 0, 3;
    %assign/vec4 v000002084726d190_0, 0;
    %pushi/vec4 0, 0, 13;
    %assign/vec4 v000002084722abf0_0, 0;
T_2.8 ;
    %jmp T_2.7;
T_2.3 ;
    %load/vec4 v000002084726d410_0;
    %pad/u 32;
    %cmpi/e 0, 0, 32;
    %jmp/0xz  T_2.13, 4;
    %load/vec4 v000002084722abf0_0;
    %addi 1, 0, 13;
    %assign/vec4 v000002084722abf0_0, 0;
    %load/vec4 v000002084722abf0_0;
    %pad/u 32;
    %cmpi/e 868, 0, 32;
    %jmp/0xz  T_2.15, 4;
    %pushi/vec4 2, 0, 3;
    %assign/vec4 v000002084726d190_0, 0;
    %pushi/vec4 0, 0, 13;
    %assign/vec4 v000002084722abf0_0, 0;
T_2.15 ;
T_2.13 ;
    %jmp T_2.7;
T_2.4 ;
    %load/vec4 v000002084722abf0_0;
    %addi 1, 0, 13;
    %assign/vec4 v000002084722abf0_0, 0;
    %load/vec4 v000002084722abf0_0;
    %pad/u 32;
    %cmpi/e 434, 0, 32;
    %jmp/0xz  T_2.17, 4;
    %load/vec4 v000002084726d410_0;
    %ix/getv 4, v000002084722ad30_0;
    %flag_mov 8, 4;
    %ix/getv 5, v000002084722ac90_0;
    %flag_or 8, 4;
    %ix/load 6, 0, 0; Constant delay
    %ix/mov 3, 4;
    %flag_mov 4, 8;
    %assign/vec4/a/d v000002084726d5f0, 5, 6;
    %load/vec4 v000002084722ac90_0;
    %addi 1, 0, 4;
    %assign/vec4 v000002084722ac90_0, 0;
    %jmp T_2.18;
T_2.17 ;
    %load/vec4 v000002084722abf0_0;
    %pad/u 32;
    %cmpi/e 868, 0, 32;
    %jmp/0xz  T_2.19, 4;
    %pushi/vec4 0, 0, 13;
    %assign/vec4 v000002084722abf0_0, 0;
    %load/vec4 v000002084722ac90_0;
    %pad/u 32;
    %cmpi/e 7, 0, 32;
    %jmp/0xz  T_2.21, 4;
    %pushi/vec4 3, 0, 3;
    %assign/vec4 v000002084726d190_0, 0;
T_2.21 ;
T_2.19 ;
T_2.18 ;
    %jmp T_2.7;
T_2.5 ;
    %load/vec4 v000002084722abf0_0;
    %addi 1, 0, 13;
    %assign/vec4 v000002084722abf0_0, 0;
    %load/vec4 v000002084722abf0_0;
    %pad/u 32;
    %cmpi/e 868, 0, 32;
    %jmp/0xz  T_2.23, 4;
    %pushi/vec4 0, 0, 13;
    %assign/vec4 v000002084722abf0_0, 0;
    %load/vec4 v000002084722ad30_0;
    %addi 1, 0, 4;
    %assign/vec4 v000002084722ad30_0, 0;
    %load/vec4 v000002084722ad30_0;
    %pad/u 32;
    %cmpi/e 1, 0, 32;
    %flag_get/vec4 4;
    %jmp/0 T_2.27, 4;
    %load/vec4 v000002084722ae70_0;
    %pushi/vec4 2, 0, 5;
    %cmp/e;
    %flag_get/vec4 4;
    %and;
T_2.27;
    %flag_set/vec4 8;
    %jmp/0xz  T_2.25, 8;
    %pushi/vec4 4, 0, 3;
    %assign/vec4 v000002084726d190_0, 0;
    %jmp T_2.26;
T_2.25 ;
    %load/vec4 v000002084722ad30_0;
    %pad/u 32;
    %cmpi/e 2, 0, 32;
    %jmp/0xz  T_2.28, 4;
    %pushi/vec4 4, 0, 3;
    %assign/vec4 v000002084726d190_0, 0;
    %jmp T_2.29;
T_2.28 ;
    %pushi/vec4 1, 0, 3;
    %assign/vec4 v000002084726d190_0, 0;
T_2.29 ;
T_2.26 ;
T_2.23 ;
    %jmp T_2.7;
T_2.6 ;
    %pushi/vec4 0, 0, 3;
    %assign/vec4 v000002084726d190_0, 0;
    %pushi/vec4 0, 0, 4;
    %assign/vec4 v000002084722ad30_0, 0;
    %pushi/vec4 0, 0, 4;
    %assign/vec4 v000002084722ac90_0, 0;
    %pushi/vec4 0, 0, 13;
    %assign/vec4 v000002084722abf0_0, 0;
    %jmp T_2.7;
T_2.7 ;
    %pop/vec4 1;
T_2.1 ;
    %jmp T_2;
    .thread T_2;
    .scope S_0000020847226cf0;
T_3 ;
    %delay 5000, 0;
    %load/vec4 v000002084726d550_0;
    %nor/r;
    %store/vec4 v000002084726d550_0, 0, 1;
    %jmp T_3;
    .thread T_3;
    .scope S_0000020847226cf0;
T_4 ;
    %vpi_call/w 3 39 "$dumpfile", "uart_imu.vcd" {0 0 0};
    %vpi_call/w 3 40 "$dumpvars", 32'sb00000000000000000000000000000000, S_0000020847226cf0 {0 0 0};
    %vpi_call/w 3 41 "$display", "Starting Sim" {0 0 0};
    %pushi/vec4 0, 0, 1;
    %store/vec4 v000002084726d550_0, 0, 1;
    %pushi/vec4 0, 0, 1;
    %store/vec4 v000002084726ce70_0, 0, 1;
    %pushi/vec4 1, 0, 1;
    %store/vec4 v000002084726cf10_0, 0, 1;
    %delay 10000, 0;
    %pushi/vec4 1, 0, 1;
    %store/vec4 v000002084726ce70_0, 0, 1;
    %delay 10000, 0;
    %pushi/vec4 0, 0, 1;
    %store/vec4 v000002084726ce70_0, 0, 1;
    %vpi_call/w 3 49 "$display", "Wait for Boot up" {0 0 0};
    %delay 1000000000, 0;
    %vpi_call/w 3 51 "$display", "Should be setting opr_mode" {0 0 0};
    %fork t_1, S_00000208472272a0;
    %jmp t_0;
    .scope S_00000208472272a0;
t_1 ;
    %pushi/vec4 0, 0, 32;
    %store/vec4 v00000208471b4700_0, 0, 32;
T_4.0 ;
    %load/vec4 v00000208471b4700_0;
    %cmpi/s 5, 0, 32;
    %jmp/0xz T_4.1, 5;
    %delay 8680000, 0;
    %fork t_3, S_00000208471c16b0;
    %jmp t_2;
    .scope S_00000208471c16b0;
t_3 ;
    %pushi/vec4 0, 0, 32;
    %store/vec4 v00000208471b4660_0, 0, 32;
T_4.2 ;
    %load/vec4 v00000208471b4660_0;
    %cmpi/s 8, 0, 32;
    %jmp/0xz T_4.3, 5;
    %delay 4340000, 0;
    %load/vec4 v000002084726d0f0_0;
    %ix/getv/s 4, v00000208471b4700_0;
    %flag_mov 8, 4;
    %ix/getv/s 5, v00000208471b4660_0;
    %flag_or 4, 8;
    %store/vec4a v000002084726d870, 4, 5;
    %delay 4340000, 0;
    ; show_stmt_assign_vector: Get l-value for compressed += operand
    %load/vec4 v00000208471b4660_0;
    %pushi/vec4 1, 0, 32;
    %add;
    %store/vec4 v00000208471b4660_0, 0, 32;
    %jmp T_4.2;
T_4.3 ;
    %end;
    .scope S_00000208472272a0;
t_2 %join;
    %delay 8680000, 0;
    ; show_stmt_assign_vector: Get l-value for compressed += operand
    %load/vec4 v00000208471b4700_0;
    %pushi/vec4 1, 0, 32;
    %add;
    %store/vec4 v00000208471b4700_0, 0, 32;
    %jmp T_4.0;
T_4.1 ;
    %end;
    .scope S_0000020847226cf0;
t_0 %join;
    %vpi_call/w 3 61 "$display", "%8h, %8h, %8h, %8h, %8h", &A<v000002084726d870, 0>, &A<v000002084726d870, 1>, &A<v000002084726d870, 2>, &A<v000002084726d870, 3>, &A<v000002084726d870, 4> {0 0 0};
    %delay 10000000, 0;
    %vpi_call/w 3 63 "$display", "Now going to send error message for opr_mode set-up" {0 0 0};
    %pushi/vec4 238, 0, 8;
    %ix/load 4, 0, 0;
    %flag_set/imm 4, 0;
    %store/vec4a v000002084726d870, 4, 0;
    %pushi/vec4 3, 0, 8;
    %ix/load 4, 1, 0;
    %flag_set/imm 4, 0;
    %store/vec4a v000002084726d870, 4, 0;
    %fork t_5, S_00000208471c1840;
    %jmp t_4;
    .scope S_00000208471c1840;
t_5 ;
    %pushi/vec4 0, 0, 32;
    %store/vec4 v00000208471c1a70_0, 0, 32;
T_4.4 ;
    %load/vec4 v00000208471c1a70_0;
    %cmpi/s 5, 0, 32;
    %jmp/0xz T_4.5, 5;
    %pushi/vec4 0, 0, 1;
    %store/vec4 v000002084726cf10_0, 0, 1;
    %delay 8680000, 0;
    %fork t_7, S_00000208470914f0;
    %jmp t_6;
    .scope S_00000208470914f0;
t_7 ;
    %pushi/vec4 0, 0, 32;
    %store/vec4 v00000208471c19d0_0, 0, 32;
T_4.6 ;
    %load/vec4 v00000208471c19d0_0;
    %cmpi/s 8, 0, 32;
    %jmp/0xz T_4.7, 5;
    %ix/getv/s 4, v00000208471c1a70_0;
    %load/vec4a v000002084726d870, 4;
    %load/vec4 v00000208471c19d0_0;
    %part/s 1;
    %store/vec4 v000002084726cf10_0, 0, 1;
    %delay 8680000, 0;
    ; show_stmt_assign_vector: Get l-value for compressed += operand
    %load/vec4 v00000208471c19d0_0;
    %pushi/vec4 1, 0, 32;
    %add;
    %store/vec4 v00000208471c19d0_0, 0, 32;
    %jmp T_4.6;
T_4.7 ;
    %end;
    .scope S_00000208471c1840;
t_6 %join;
    %pushi/vec4 1, 0, 1;
    %store/vec4 v000002084726cf10_0, 0, 1;
    %delay 8680000, 0;
    ; show_stmt_assign_vector: Get l-value for compressed += operand
    %load/vec4 v00000208471c1a70_0;
    %pushi/vec4 1, 0, 32;
    %add;
    %store/vec4 v00000208471c1a70_0, 0, 32;
    %jmp T_4.4;
T_4.5 ;
    %end;
    .scope S_0000020847226cf0;
t_4 %join;
    %vpi_call/w 3 76 "$display", "Finished sending error message hope to get setting opr_mode again" {0 0 0};
    %pushi/vec4 0, 0, 8;
    %ix/load 4, 0, 0;
    %flag_set/imm 4, 0;
    %store/vec4a v000002084726d870, 4, 0;
    %pushi/vec4 0, 0, 8;
    %ix/load 4, 1, 0;
    %flag_set/imm 4, 0;
    %store/vec4a v000002084726d870, 4, 0;
    %fork t_9, S_0000020847091680;
    %jmp t_8;
    .scope S_0000020847091680;
t_9 ;
    %pushi/vec4 0, 0, 32;
    %store/vec4 v000002084722a830_0, 0, 32;
T_4.8 ;
    %load/vec4 v000002084722a830_0;
    %cmpi/s 5, 0, 32;
    %jmp/0xz T_4.9, 5;
    %delay 8680000, 0;
    %fork t_11, S_0000020847091810;
    %jmp t_10;
    .scope S_0000020847091810;
t_11 ;
    %pushi/vec4 0, 0, 32;
    %store/vec4 v000002084722a790_0, 0, 32;
T_4.10 ;
    %load/vec4 v000002084722a790_0;
    %cmpi/s 8, 0, 32;
    %jmp/0xz T_4.11, 5;
    %delay 4340000, 0;
    %load/vec4 v000002084726d0f0_0;
    %ix/getv/s 4, v000002084722a830_0;
    %flag_mov 8, 4;
    %ix/getv/s 5, v000002084722a790_0;
    %flag_or 4, 8;
    %store/vec4a v000002084726d870, 4, 5;
    %delay 4340000, 0;
    ; show_stmt_assign_vector: Get l-value for compressed += operand
    %load/vec4 v000002084722a790_0;
    %pushi/vec4 1, 0, 32;
    %add;
    %store/vec4 v000002084722a790_0, 0, 32;
    %jmp T_4.10;
T_4.11 ;
    %end;
    .scope S_0000020847091680;
t_10 %join;
    %delay 8680000, 0;
    ; show_stmt_assign_vector: Get l-value for compressed += operand
    %load/vec4 v000002084722a830_0;
    %pushi/vec4 1, 0, 32;
    %add;
    %store/vec4 v000002084722a830_0, 0, 32;
    %jmp T_4.8;
T_4.9 ;
    %end;
    .scope S_0000020847226cf0;
t_8 %join;
    %vpi_call/w 3 88 "$display", "%8h, %8h, %8h, %8h, %8h", &A<v000002084726d870, 0>, &A<v000002084726d870, 1>, &A<v000002084726d870, 2>, &A<v000002084726d870, 3>, &A<v000002084726d870, 4> {0 0 0};
    %delay 10000000, 0;
    %vpi_call/w 3 90 "$display", "Simulation finished" {0 0 0};
    %vpi_call/w 3 91 "$finish" {0 0 0};
    %end;
    .thread T_4;
# The file index is used to find the file name in the following table.
:file_names 5;
    "N/A";
    "<interactive>";
    "-";
    "sim/uart_imu_tb.sv";
    "hdl/uart_imu.sv";
