Copyright 1986-2022 Xilinx, Inc. All Rights Reserved. Copyright 2022-2023 Advanced Micro Devices, Inc. All Rights Reserved.
---------------------------------------------------------------------------------------------------------------------------------------------
| Tool Version : Vivado v.2023.1 (lin64) Build 3865809 Sun May  7 15:04:56 MDT 2023
| Date         : Thu Dec 14 08:57:47 2023
| Host         : worker running 64-bit Ubuntu 20.04.6 LTS
| Command      : report_timing -file obj/post_synth_timing.rpt
| Design       : top_level
| Device       : 7s50-csga324
| Speed File   : -1  PRODUCTION 1.23 2018-06-13
| Design State : Synthesized
---------------------------------------------------------------------------------------------------------------------------------------------

Timing Report

Slack (MET) :             5.115ns  (required time - arrival time)
  Source:                 uut/boot_counter_reg[8]/C
                            (rising edge-triggered cell FDRE clocked by gclk  {rise@0.000ns fall@4.000ns period=10.000ns})
  Destination:            uut/FSM_sequential_state_reg[0]/CE
                            (rising edge-triggered cell FDRE clocked by gclk  {rise@0.000ns fall@4.000ns period=10.000ns})
  Path Group:             gclk
  Path Type:              Setup (Max at Slow Process Corner)
  Requirement:            10.000ns  (gclk rise@10.000ns - gclk rise@0.000ns)
  Data Path Delay:        4.503ns  (logic 0.999ns (22.185%)  route 3.504ns (77.815%))
  Logic Levels:           3  (LUT6=3)
  Clock Path Skew:        -0.145ns (DCD - SCD + CPR)
    Destination Clock Delay (DCD):    2.660ns = ( 12.660 - 10.000 ) 
    Source Clock Delay      (SCD):    2.920ns
    Clock Pessimism Removal (CPR):    0.115ns
  Clock Uncertainty:      0.035ns  ((TSJ^2 + TIJ^2)^1/2 + DJ) / 2 + PE
    Total System Jitter     (TSJ):    0.071ns
    Total Input Jitter      (TIJ):    0.000ns
    Discrete Jitter          (DJ):    0.000ns
    Phase Error              (PE):    0.000ns

    Location             Delay type                Incr(ns)  Path(ns)    Netlist Resource(s)
  -------------------------------------------------------------------    -------------------
                         (clock gclk rise edge)       0.000     0.000 r  
    N15                                               0.000     0.000 r  clk_100mhz (IN)
                         net (fo=0)                   0.000     0.000    clk_100mhz
    N15                  IBUF (Prop_ibuf_I_O)         1.440     1.440 r  clk_100mhz_IBUF_inst/O
                         net (fo=1, unplaced)         0.800     2.240    clk_100mhz_IBUF
                         BUFG (Prop_bufg_I_O)         0.096     2.336 r  clk_100mhz_IBUF_BUFG_inst/O
                         net (fo=190, unplaced)       0.584     2.920    uut/clk_100mhz_IBUF_BUFG
                         FDRE                                         r  uut/boot_counter_reg[8]/C
  -------------------------------------------------------------------    -------------------
                         FDRE (Prop_fdre_C_Q)         0.456     3.376 r  uut/boot_counter_reg[8]/Q
                         net (fo=2, unplaced)         0.976     4.352    uut/boot_counter_reg_n_0_[8]
                         LUT6 (Prop_lut6_I0_O)        0.295     4.647 f  uut/FSM_sequential_state[3]_i_13/O
                         net (fo=3, unplaced)         1.129     5.776    uut/uart_receiver/FSM_sequential_state_reg[0]_2
                         LUT6 (Prop_lut6_I1_O)        0.124     5.900 f  uut/uart_receiver/FSM_sequential_state[3]_i_6/O
                         net (fo=1, unplaced)         0.902     6.802    uut/uart_transmitter/FSM_sequential_state_reg[0]_4
                         LUT6 (Prop_lut6_I3_O)        0.124     6.926 r  uut/uart_transmitter/FSM_sequential_state[3]_i_1/O
                         net (fo=4, unplaced)         0.497     7.423    uut/uart_transmitter_n_2
                         FDRE                                         r  uut/FSM_sequential_state_reg[0]/CE
  -------------------------------------------------------------------    -------------------

                         (clock gclk rise edge)      10.000    10.000 r  
    N15                                               0.000    10.000 r  clk_100mhz (IN)
                         net (fo=0)                   0.000    10.000    clk_100mhz
    N15                  IBUF (Prop_ibuf_I_O)         1.370    11.370 r  clk_100mhz_IBUF_inst/O
                         net (fo=1, unplaced)         0.760    12.130    clk_100mhz_IBUF
                         BUFG (Prop_bufg_I_O)         0.091    12.221 r  clk_100mhz_IBUF_BUFG_inst/O
                         net (fo=190, unplaced)       0.439    12.660    uut/clk_100mhz_IBUF_BUFG
                         FDRE                                         r  uut/FSM_sequential_state_reg[0]/C
                         clock pessimism              0.115    12.775    
                         clock uncertainty           -0.035    12.740    
                         FDRE (Setup_fdre_C_CE)      -0.202    12.538    uut/FSM_sequential_state_reg[0]
  -------------------------------------------------------------------
                         required time                         12.538    
                         arrival time                          -7.423    
  -------------------------------------------------------------------
                         slack                                  5.115    




