Copyright 1986-2022 Xilinx, Inc. All Rights Reserved. Copyright 2022-2023 Advanced Micro Devices, Inc. All Rights Reserved.
---------------------------------------------------------------------------------------------------------------------------------------------
| Tool Version : Vivado v.2023.1 (lin64) Build 3865809 Sun May  7 15:04:56 MDT 2023
| Date         : Thu Dec 14 08:57:50 2023
| Host         : worker running 64-bit Ubuntu 20.04.6 LTS
| Command      : report_timing -file obj/post_place_timing.rpt
| Design       : top_level
| Device       : 7s50-csga324
| Speed File   : -1  PRODUCTION 1.23 2018-06-13
| Design State : Fully Placed
---------------------------------------------------------------------------------------------------------------------------------------------

Timing Report

Slack (MET) :             5.162ns  (required time - arrival time)
  Source:                 uut/response_reg[0][0]/C
                            (rising edge-triggered cell FDRE clocked by gclk  {rise@0.000ns fall@4.000ns period=10.000ns})
  Destination:            uut/command_reg[4][2]/CE
                            (rising edge-triggered cell FDSE clocked by gclk  {rise@0.000ns fall@4.000ns period=10.000ns})
  Path Group:             gclk
  Path Type:              Setup (Max at Slow Process Corner)
  Requirement:            10.000ns  (gclk rise@10.000ns - gclk rise@0.000ns)
  Data Path Delay:        4.498ns  (logic 1.058ns (23.522%)  route 3.440ns (76.478%))
  Logic Levels:           3  (LUT4=1 LUT6=2)
  Clock Path Skew:        -0.100ns (DCD - SCD + CPR)
    Destination Clock Delay (DCD):    4.760ns = ( 14.760 - 10.000 ) 
    Source Clock Delay      (SCD):    5.113ns
    Clock Pessimism Removal (CPR):    0.254ns
  Clock Uncertainty:      0.035ns  ((TSJ^2 + TIJ^2)^1/2 + DJ) / 2 + PE
    Total System Jitter     (TSJ):    0.071ns
    Total Input Jitter      (TIJ):    0.000ns
    Discrete Jitter          (DJ):    0.000ns
    Phase Error              (PE):    0.000ns

    Location             Delay type                Incr(ns)  Path(ns)    Netlist Resource(s)
  -------------------------------------------------------------------    -------------------
                         (clock gclk rise edge)       0.000     0.000 r  
    N15                                               0.000     0.000 r  clk_100mhz (IN)
                         net (fo=0)                   0.000     0.000    clk_100mhz
    N15                  IBUF (Prop_ibuf_I_O)         1.440     1.440 r  clk_100mhz_IBUF_inst/O
                         net (fo=1, estimated)        1.972     3.412    clk_100mhz_IBUF
    BUFGCTRL_X0Y0        BUFG (Prop_bufg_I_O)         0.096     3.508 r  clk_100mhz_IBUF_BUFG_inst/O
                         net (fo=190, estimated)      1.605     5.113    uut/clk_100mhz_IBUF_BUFG
    SLICE_X58Y73         FDRE                                         r  uut/response_reg[0][0]/C
  -------------------------------------------------------------------    -------------------
    SLICE_X58Y73         FDRE (Prop_fdre_C_Q)         0.456     5.569 f  uut/response_reg[0][0]/Q
                         net (fo=6, estimated)        1.094     6.663    uut/response_reg_n_0_[0][0]
    SLICE_X56Y73         LUT4 (Prop_lut4_I3_O)        0.150     6.813 r  uut/FSM_sequential_state[2]_i_3/O
                         net (fo=3, estimated)        0.802     7.615    uut/uart_receiver/command_reg[2][0]_4
    SLICE_X56Y71         LUT6 (Prop_lut6_I1_O)        0.328     7.943 r  uut/uart_receiver/command[4][4]_i_3/O
                         net (fo=1, estimated)        0.809     8.752    uut/uart_receiver/command[4][4]_i_3_n_0
    SLICE_X58Y70         LUT6 (Prop_lut6_I0_O)        0.124     8.876 r  uut/uart_receiver/command[4][4]_i_1/O
                         net (fo=9, estimated)        0.735     9.611    uut/uart_receiver_n_33
    SLICE_X57Y72         FDSE                                         r  uut/command_reg[4][2]/CE
  -------------------------------------------------------------------    -------------------

                         (clock gclk rise edge)      10.000    10.000 r  
    N15                                               0.000    10.000 r  clk_100mhz (IN)
                         net (fo=0)                   0.000    10.000    clk_100mhz
    N15                  IBUF (Prop_ibuf_I_O)         1.370    11.370 r  clk_100mhz_IBUF_inst/O
                         net (fo=1, estimated)        1.873    13.244    clk_100mhz_IBUF
    BUFGCTRL_X0Y0        BUFG (Prop_bufg_I_O)         0.091    13.335 r  clk_100mhz_IBUF_BUFG_inst/O
                         net (fo=190, estimated)      1.425    14.760    uut/clk_100mhz_IBUF_BUFG
    SLICE_X57Y72         FDSE                                         r  uut/command_reg[4][2]/C
                         clock pessimism              0.254    15.013    
                         clock uncertainty           -0.035    14.978    
    SLICE_X57Y72         FDSE (Setup_fdse_C_CE)      -0.205    14.773    uut/command_reg[4][2]
  -------------------------------------------------------------------
                         required time                         14.773    
                         arrival time                          -9.611    
  -------------------------------------------------------------------
                         slack                                  5.162    




