Copyright 1986-2022 Xilinx, Inc. All Rights Reserved. Copyright 2022-2023 Advanced Micro Devices, Inc. All Rights Reserved.
---------------------------------------------------------------------------------------------------------------------------------------------
| Tool Version : Vivado v.2023.1 (lin64) Build 3865809 Sun May  7 15:04:56 MDT 2023
| Date         : Thu Dec 14 08:57:58 2023
| Host         : worker running 64-bit Ubuntu 20.04.6 LTS
| Command      : report_timing_summary -file obj/post_route_timing_summary.rpt
| Design       : top_level
| Device       : 7s50-csga324
| Speed File   : -1  PRODUCTION 1.23 2018-06-13
| Design State : Routed
---------------------------------------------------------------------------------------------------------------------------------------------

Timing Summary Report

------------------------------------------------------------------------------------------------
| Timer Settings
| --------------
------------------------------------------------------------------------------------------------

  Enable Multi Corner Analysis               :  Yes
  Enable Pessimism Removal                   :  Yes
  Pessimism Removal Resolution               :  Nearest Common Node
  Enable Input Delay Default Clock           :  No
  Enable Preset / Clear Arcs                 :  No
  Disable Flight Delays                      :  No
  Ignore I/O Paths                           :  No
  Timing Early Launch at Borrowing Latches   :  No
  Borrow Time for Max Delay Exceptions       :  Yes
  Merge Timing Exceptions                    :  Yes

  Corner  Analyze    Analyze    
  Name    Max Paths  Min Paths  
  ------  ---------  ---------  
  Slow    Yes        Yes        
  Fast    Yes        Yes        


------------------------------------------------------------------------------------------------
| Report Methodology
| ------------------
------------------------------------------------------------------------------------------------

No report available as report_methodology has not been run prior. Run report_methodology on the current design for the summary of methodology violations.



check_timing report

Table of Contents
-----------------
1. checking no_clock (0)
2. checking constant_clock (0)
3. checking pulse_width_clock (0)
4. checking unconstrained_internal_endpoints (0)
5. checking no_input_delay (2)
6. checking no_output_delay (27)
7. checking multiple_clock (0)
8. checking generated_clocks (0)
9. checking loops (0)
10. checking partial_input_delay (0)
11. checking partial_output_delay (0)
12. checking latch_loops (0)

1. checking no_clock (0)
------------------------
 There are 0 register/latch pins with no clock.


2. checking constant_clock (0)
------------------------------
 There are 0 register/latch pins with constant_clock.


3. checking pulse_width_clock (0)
---------------------------------
 There are 0 register/latch pins which need pulse_width check


4. checking unconstrained_internal_endpoints (0)
------------------------------------------------
 There are 0 pins that are not constrained for maximum delay.

 There are 0 pins that are not constrained for maximum delay due to constant clock.


5. checking no_input_delay (2)
------------------------------
 There are 2 input ports with no input delay specified. (HIGH)

 There are 0 input ports with no input delay but user has a false path constraint.


6. checking no_output_delay (27)
--------------------------------
 There are 27 ports with no output delay specified. (HIGH)

 There are 0 ports with no output delay but user has a false path constraint

 There are 0 ports with no output delay but with a timing clock defined on it or propagating through it


7. checking multiple_clock (0)
------------------------------
 There are 0 register/latch pins with multiple clocks.


8. checking generated_clocks (0)
--------------------------------
 There are 0 generated clocks that are not connected to a clock source.


9. checking loops (0)
---------------------
 There are 0 combinational loops in the design.


10. checking partial_input_delay (0)
------------------------------------
 There are 0 input ports with partial input delay specified.


11. checking partial_output_delay (0)
-------------------------------------
 There are 0 ports with partial output delay specified.


12. checking latch_loops (0)
----------------------------
 There are 0 combinational latch loops in the design through latch input



------------------------------------------------------------------------------------------------
| Design Timing Summary
| ---------------------
------------------------------------------------------------------------------------------------

    WNS(ns)      TNS(ns)  TNS Failing Endpoints  TNS Total Endpoints      WHS(ns)      THS(ns)  THS Failing Endpoints  THS Total Endpoints     WPWS(ns)     TPWS(ns)  TPWS Failing Endpoints  TPWS Total Endpoints  
    -------      -------  ---------------------  -------------------      -------      -------  ---------------------  -------------------     --------     --------  ----------------------  --------------------  
      5.145        0.000                      0                  379        0.140        0.000                      0                  379        3.500        0.000                       0                   191  


All user specified timing constraints are met.


------------------------------------------------------------------------------------------------
| Clock Summary
| -------------
------------------------------------------------------------------------------------------------

Clock  Waveform(ns)       Period(ns)      Frequency(MHz)
-----  ------------       ----------      --------------
gclk   {0.000 4.000}      10.000          100.000         


------------------------------------------------------------------------------------------------
| Intra Clock Table
| -----------------
------------------------------------------------------------------------------------------------

Clock             WNS(ns)      TNS(ns)  TNS Failing Endpoints  TNS Total Endpoints      WHS(ns)      THS(ns)  THS Failing Endpoints  THS Total Endpoints     WPWS(ns)     TPWS(ns)  TPWS Failing Endpoints  TPWS Total Endpoints  
-----             -------      -------  ---------------------  -------------------      -------      -------  ---------------------  -------------------     --------     --------  ----------------------  --------------------  
gclk                5.145        0.000                      0                  379        0.140        0.000                      0                  379        3.500        0.000                       0                   191  


------------------------------------------------------------------------------------------------
| Inter Clock Table
| -----------------
------------------------------------------------------------------------------------------------

From Clock    To Clock          WNS(ns)      TNS(ns)  TNS Failing Endpoints  TNS Total Endpoints      WHS(ns)      THS(ns)  THS Failing Endpoints  THS Total Endpoints  
----------    --------          -------      -------  ---------------------  -------------------      -------      -------  ---------------------  -------------------  


------------------------------------------------------------------------------------------------
| Other Path Groups Table
| -----------------------
------------------------------------------------------------------------------------------------

Path Group    From Clock    To Clock          WNS(ns)      TNS(ns)  TNS Failing Endpoints  TNS Total Endpoints      WHS(ns)      THS(ns)  THS Failing Endpoints  THS Total Endpoints  
----------    ----------    --------          -------      -------  ---------------------  -------------------      -------      -------  ---------------------  -------------------  


------------------------------------------------------------------------------------------------
| Timing Details
| --------------
------------------------------------------------------------------------------------------------


---------------------------------------------------------------------------------------------------
From Clock:  gclk
  To Clock:  gclk

Setup :            0  Failing Endpoints,  Worst Slack        5.145ns,  Total Violation        0.000ns
Hold  :            0  Failing Endpoints,  Worst Slack        0.140ns,  Total Violation        0.000ns
PW    :            0  Failing Endpoints,  Worst Slack        3.500ns,  Total Violation        0.000ns
---------------------------------------------------------------------------------------------------


Max Delay Paths
--------------------------------------------------------------------------------------
Slack (MET) :             5.145ns  (required time - arrival time)
  Source:                 uut/response_reg[0][4]/C
                            (rising edge-triggered cell FDRE clocked by gclk  {rise@0.000ns fall@4.000ns period=10.000ns})
  Destination:            uut/command_reg[4][2]/CE
                            (rising edge-triggered cell FDSE clocked by gclk  {rise@0.000ns fall@4.000ns period=10.000ns})
  Path Group:             gclk
  Path Type:              Setup (Max at Slow Process Corner)
  Requirement:            10.000ns  (gclk rise@10.000ns - gclk rise@0.000ns)
  Data Path Delay:        4.593ns  (logic 1.054ns (22.946%)  route 3.539ns (77.054%))
  Logic Levels:           3  (LUT4=1 LUT6=2)
  Clock Path Skew:        -0.021ns (DCD - SCD + CPR)
    Destination Clock Delay (DCD):    4.758ns = ( 14.758 - 10.000 ) 
    Source Clock Delay      (SCD):    5.049ns
    Clock Pessimism Removal (CPR):    0.270ns
  Clock Uncertainty:      0.035ns  ((TSJ^2 + TIJ^2)^1/2 + DJ) / 2 + PE
    Total System Jitter     (TSJ):    0.071ns
    Total Input Jitter      (TIJ):    0.000ns
    Discrete Jitter          (DJ):    0.000ns
    Phase Error              (PE):    0.000ns

    Location             Delay type                Incr(ns)  Path(ns)    Netlist Resource(s)
  -------------------------------------------------------------------    -------------------
                         (clock gclk rise edge)       0.000     0.000 r  
    N15                                               0.000     0.000 r  clk_100mhz (IN)
                         net (fo=0)                   0.000     0.000    clk_100mhz
    N15                  IBUF (Prop_ibuf_I_O)         1.440     1.440 r  clk_100mhz_IBUF_inst/O
                         net (fo=1, routed)           1.972     3.412    clk_100mhz_IBUF
    BUFGCTRL_X0Y0        BUFG (Prop_bufg_I_O)         0.096     3.508 r  clk_100mhz_IBUF_BUFG_inst/O
                         net (fo=190, routed)         1.541     5.049    uut/clk_100mhz_IBUF_BUFG
    SLICE_X57Y73         FDRE                                         r  uut/response_reg[0][4]/C
  -------------------------------------------------------------------    -------------------
    SLICE_X57Y73         FDRE (Prop_fdre_C_Q)         0.456     5.505 f  uut/response_reg[0][4]/Q
                         net (fo=6, routed)           1.303     6.808    uut/response_reg_n_0_[0][4]
    SLICE_X56Y73         LUT4 (Prop_lut4_I2_O)        0.146     6.954 r  uut/FSM_sequential_state[2]_i_3/O
                         net (fo=3, routed)           0.863     7.817    uut/uart_receiver/command_reg[2][0]_4
    SLICE_X56Y71         LUT6 (Prop_lut6_I1_O)        0.328     8.145 r  uut/uart_receiver/command[4][4]_i_3/O
                         net (fo=1, routed)           0.653     8.798    uut/uart_receiver/command[4][4]_i_3_n_0
    SLICE_X58Y70         LUT6 (Prop_lut6_I0_O)        0.124     8.922 r  uut/uart_receiver/command[4][4]_i_1/O
                         net (fo=9, routed)           0.720     9.642    uut/uart_receiver_n_33
    SLICE_X57Y72         FDSE                                         r  uut/command_reg[4][2]/CE
  -------------------------------------------------------------------    -------------------

                         (clock gclk rise edge)      10.000    10.000 r  
    N15                                               0.000    10.000 r  clk_100mhz (IN)
                         net (fo=0)                   0.000    10.000    clk_100mhz
    N15                  IBUF (Prop_ibuf_I_O)         1.370    11.370 r  clk_100mhz_IBUF_inst/O
                         net (fo=1, routed)           1.868    13.238    clk_100mhz_IBUF
    BUFGCTRL_X0Y0        BUFG (Prop_bufg_I_O)         0.091    13.329 r  clk_100mhz_IBUF_BUFG_inst/O
                         net (fo=190, routed)         1.429    14.758    uut/clk_100mhz_IBUF_BUFG
    SLICE_X57Y72         FDSE                                         r  uut/command_reg[4][2]/C
                         clock pessimism              0.270    15.028    
                         clock uncertainty           -0.035    14.992    
    SLICE_X57Y72         FDSE (Setup_fdse_C_CE)      -0.205    14.787    uut/command_reg[4][2]
  -------------------------------------------------------------------
                         required time                         14.787    
                         arrival time                          -9.642    
  -------------------------------------------------------------------
                         slack                                  5.145    





Min Delay Paths
--------------------------------------------------------------------------------------
Slack (MET) :             0.140ns  (arrival time - required time)
  Source:                 uut/heading_current_reg[2]/C
                            (rising edge-triggered cell FDRE clocked by gclk  {rise@0.000ns fall@4.000ns period=10.000ns})
  Destination:            uut/heading_reg[2]/D
                            (rising edge-triggered cell FDRE clocked by gclk  {rise@0.000ns fall@4.000ns period=10.000ns})
  Path Group:             gclk
  Path Type:              Hold (Min at Fast Process Corner)
  Requirement:            0.000ns  (gclk rise@0.000ns - gclk rise@0.000ns)
  Data Path Delay:        0.273ns  (logic 0.186ns (68.106%)  route 0.087ns (31.894%))
  Logic Levels:           1  (LUT4=1)
  Clock Path Skew:        0.013ns (DCD - SCD - CPR)
    Destination Clock Delay (DCD):    1.932ns
    Source Clock Delay      (SCD):    1.421ns
    Clock Pessimism Removal (CPR):    0.498ns

    Location             Delay type                Incr(ns)  Path(ns)    Netlist Resource(s)
  -------------------------------------------------------------------    -------------------
                         (clock gclk rise edge)       0.000     0.000 r  
    N15                                               0.000     0.000 r  clk_100mhz (IN)
                         net (fo=0)                   0.000     0.000    clk_100mhz
    N15                  IBUF (Prop_ibuf_I_O)         0.209     0.209 r  clk_100mhz_IBUF_inst/O
                         net (fo=1, routed)           0.634     0.843    clk_100mhz_IBUF
    BUFGCTRL_X0Y0        BUFG (Prop_bufg_I_O)         0.026     0.869 r  clk_100mhz_IBUF_BUFG_inst/O
                         net (fo=190, routed)         0.553     1.421    uut/clk_100mhz_IBUF_BUFG
    SLICE_X57Y74         FDRE                                         r  uut/heading_current_reg[2]/C
  -------------------------------------------------------------------    -------------------
    SLICE_X57Y74         FDRE (Prop_fdre_C_Q)         0.141     1.562 r  uut/heading_current_reg[2]/Q
                         net (fo=1, routed)           0.087     1.649    uut/uart_receiver/heading_reg[7][2]
    SLICE_X56Y74         LUT4 (Prop_lut4_I3_O)        0.045     1.694 r  uut/uart_receiver/heading[2]_i_1/O
                         net (fo=1, routed)           0.000     1.694    uut/uart_receiver_n_45
    SLICE_X56Y74         FDRE                                         r  uut/heading_reg[2]/D
  -------------------------------------------------------------------    -------------------

                         (clock gclk rise edge)       0.000     0.000 r  
    N15                                               0.000     0.000 r  clk_100mhz (IN)
                         net (fo=0)                   0.000     0.000    clk_100mhz
    N15                  IBUF (Prop_ibuf_I_O)         0.396     0.396 r  clk_100mhz_IBUF_inst/O
                         net (fo=1, routed)           0.689     1.085    clk_100mhz_IBUF
    BUFGCTRL_X0Y0        BUFG (Prop_bufg_I_O)         0.029     1.114 r  clk_100mhz_IBUF_BUFG_inst/O
                         net (fo=190, routed)         0.818     1.932    uut/clk_100mhz_IBUF_BUFG
    SLICE_X56Y74         FDRE                                         r  uut/heading_reg[2]/C
                         clock pessimism             -0.498     1.434    
    SLICE_X56Y74         FDRE (Hold_fdre_C_D)         0.120     1.554    uut/heading_reg[2]
  -------------------------------------------------------------------
                         required time                         -1.554    
                         arrival time                           1.694    
  -------------------------------------------------------------------
                         slack                                  0.140    





Pulse Width Checks
--------------------------------------------------------------------------------------
Clock Name:         gclk
Waveform(ns):       { 0.000 4.000 }
Period(ns):         10.000
Sources:            { clk_100mhz }

Check Type        Corner  Lib Pin  Reference Pin  Required(ns)  Actual(ns)  Slack(ns)  Location       Pin
Min Period        n/a     BUFG/I   n/a            2.155         10.000      7.845      BUFGCTRL_X0Y0  clk_100mhz_IBUF_BUFG_inst/I
Low Pulse Width   Slow    FDRE/C   n/a            0.500         6.000       5.500      SLICE_X61Y71   mssc/segment_counter_reg[0]/C
High Pulse Width  Slow    FDRE/C   n/a            0.500         4.000       3.500      SLICE_X61Y71   mssc/segment_counter_reg[0]/C



